
============================================================
Walk-Forward Backtest
============================================================
  資料範圍: 2016-03-15 ~ 2026-04-21
  回測期間: 2016-06-12 ~ 2026-04-21
  模型重訓: 每 3 個月
  選股數量: 30  倉位: equal
  停損策略: fixed 0%
  交易成本: 0.584%（來回）  進場延遲: 0 交易日
  無風險利率: 1.5%  Benchmark含成本: True

[TIMER] load_prices start | mem=0.3GB | t=0.4s
[TIMER] load_prices done 1.0s | mem=1.3GB | t=1.4s
[TIMER] load_all_features start (non-rolling, DuckDB) | mem=1.3GB | t=1.4s
[TIMER] load_all_features done 5.0s | mem=3.6GB | t=6.4s
  EMERGING 過濾：排除 367 支興櫃股
  再平衡次數: 119 (頻率: M)
  [max_per_sector] 載入 3059 檔 industry mapping，限制每產業 ≤ 5 檔
  [2016-06-13] 模型重訓完成 (訓練筆數: 68,355) [TIMER] train_model: 2.75s
  [2016-06-13 ~ 2016-07-01] 組合: +4.28%  大盤: +1.92%  持股: 30  停損: 0  淨值: 10,428  [1/119 | 記憶體: 3.2GB | 預估剩餘: 8分鐘]
  [2016-07-01 ~ 2016-08-01] 組合: +1.78%  大盤: +2.41%  持股: 30  停損: 0  淨值: 10,613  [2/119 | 記憶體: 3.1GB | 預估剩餘: 4分鐘]
  [2016-08-01 ~ 2016-09-01] 組合: -0.10%  大盤: -0.55%  持股: 30  停損: 0  淨值: 10,603  [3/119 | 記憶體: 3.2GB | 預估剩餘: 3分鐘]
  [2016-09-01 ~ 2016-10-03] 組合: +0.31%  大盤: +0.69%  持股: 30  停損: 0  淨值: 10,636  [4/119 | 記憶體: 3.2GB | 預估剩餘: 2分鐘]
  [2016-10-03] 模型重訓完成 (訓練筆數: 183,064) [TIMER] train_model: 3.41s
  [2016-10-03] seasonal_filter: 月份10 topN → 15
  [2016-10-03 ~ 2016-11-01] 組合: +8.75%  大盤: -2.61%  持股: 15  停損: 0  淨值: 11,566  [5/119 | 記憶體: 3.2GB | 預估剩餘: 4分鐘]
  [2016-11-01 ~ 2016-12-01] 組合: -1.59%  大盤: -0.69%  持股: 30  停損: 0  淨值: 11,382  [6/119 | 記憶體: 3.1GB | 預估剩餘: 3分鐘]
  [2016-12-01 ~ 2017-01-03] 組合: -0.77%  大盤: +1.34%  持股: 30  停損: 0  淨值: 11,294  [7/119 | 記憶體: 3.1GB | 預估剩餘: 3分鐘]
  [2017-01-03] 模型重訓完成 (訓練筆數: 271,099) [TIMER] train_model: 3.83s
  [2017-01-03 ~ 2017-02-02] 組合: +13.85%  大盤: +2.15%  持股: 30  停損: 0  淨值: 12,859  [8/119 | 記憶體: 3.1GB | 預估剩餘: 3分鐘]
  [2017-02-02 ~ 2017-03-01] 組合: +7.14%  大盤: +4.83%  持股: 30  停損: 0  淨值: 13,777  [9/119 | 記憶體: 2.8GB | 預估剩餘: 3分鐘]
  [2017-03-01] seasonal_filter: 月份3 topN → 15
  [2017-03-01 ~ 2017-04-05] 組合: +3.89%  大盤: +2.20%  持股: 15  停損: 0  淨值: 14,313  [10/119 | 記憶體: 2.8GB | 預估剩餘: 3分鐘]
  [2017-04-05] 模型重訓完成 (訓練筆數: 357,304) [TIMER] train_model: 4.07s
  [2017-04-05 ~ 2017-05-02] 組合: -1.69%  大盤: -1.81%  持股: 30  停損: 0  淨值: 14,071  [11/119 | 記憶體: 2.7GB | 預估剩餘: 3分鐘]
  [2017-05-02 ~ 2017-06-01] 組合: -0.02%  大盤: +0.47%  持股: 30  停損: 0  淨值: 14,069  [12/119 | 記憶體: 2.7GB | 預估剩餘: 3分鐘]
  [2017-06-01 ~ 2017-07-03] 組合: +0.27%  大盤: +0.30%  持股: 30  停損: 0  淨值: 14,106  [13/119 | 記憶體: 2.7GB | 預估剩餘: 3分鐘]
  [2017-07-03 ~ 2017-08-01] 組合: +3.12%  大盤: -0.25%  持股: 30  停損: 0  淨值: 14,546  [14/119 | 記憶體: 2.7GB | 預估剩餘: 3分鐘]
  [2017-08-01] 模型重訓完成 (訓練筆數: 479,639) [TIMER] train_model: 4.55s
  [2017-08-01 ~ 2017-09-01] 組合: +3.16%  大盤: +1.36%  持股: 30  停損: 0  淨值: 15,006  [15/119 | 記憶體: 2.7GB | 預估剩餘: 3分鐘]
  [2017-09-01 ~ 2017-10-02] 組合: +4.87%  大盤: +0.40%  持股: 30  停損: 0  淨值: 15,737  [16/119 | 記憶體: 2.7GB | 預估剩餘: 3分鐘]
  [2017-10-02] seasonal_filter: 月份10 topN → 15
  [2017-10-02 ~ 2017-11-01] 組合: -6.21%  大盤: +1.03%  持股: 15  停損: 0  淨值: 14,760  [17/119 | 記憶體: 2.7GB | 預估剩餘: 3分鐘]
  [2017-11-01] 模型重訓完成 (訓練筆數: 577,813) [TIMER] train_model: 5.13s
  [2017-11-01 ~ 2017-12-01] 組合: +3.14%  大盤: -0.59%  持股: 30  停損: 0  淨值: 15,223  [18/119 | 記憶體: 2.6GB | 預估剩餘: 3分鐘]
  [2017-12-01 ~ 2018-01-02] 組合: +2.56%  大盤: +1.06%  持股: 30  停損: 0  淨值: 15,613  [19/119 | 記憶體: 2.6GB | 預估剩餘: 3分鐘]
  [2018-01-02 ~ 2018-02-01] 組合: +4.90%  大盤: +1.11%  持股: 30  停損: 0  淨值: 16,377  [20/119 | 記憶體: 2.6GB | 預估剩餘: 3分鐘]
  [2018-02-01] 模型重訓完成 (訓練筆數: 677,567) [TIMER] train_model: 5.30s
  [2018-02-01 ~ 2018-03-01] 組合: -4.82%  大盤: -1.64%  持股: 30  停損: 0  淨值: 15,588  [21/119 | 記憶體: 2.4GB | 預估剩餘: 3分鐘]
  [2018-03-01] seasonal_filter: 月份3 topN → 15
  [2018-03-01 ~ 2018-04-02] 組合: +5.72%  大盤: +2.99%  持股: 15  停損: 0  淨值: 16,479  [22/119 | 記憶體: 2.4GB | 預估剩餘: 3分鐘]
  [2018-04-02 ~ 2018-05-02] 組合: +0.74%  大盤: -3.37%  持股: 30  停損: 0  淨值: 16,601  [23/119 | 記憶體: 2.4GB | 預估剩餘: 3分鐘]
  [2018-05-02] 模型重訓完成 (訓練筆數: 763,111) [TIMER] train_model: 5.93s
  [2018-05-02 ~ 2018-06-01] 組合: +5.34%  大盤: +2.93%  持股: 30  停損: 0  淨值: 17,488  [24/119 | 記憶體: 1.8GB | 預估剩餘: 3分鐘]
  [2018-06-01 ~ 2018-07-02] 組合: +4.94%  大盤: -0.39%  持股: 30  停損: 0  淨值: 18,352  [25/119 | 記憶體: 1.8GB | 預估剩餘: 3分鐘]
  [2018-07-02 ~ 2018-08-01] 組合: -2.48%  大盤: -2.02%  持股: 30  停損: 0  淨值: 17,896  [26/119 | 記憶體: 1.8GB | 預估剩餘: 3分鐘]
  [2018-08-01] 模型重訓完成 (訓練筆數: 861,856) [TIMER] train_model: 6.02s
  [2018-08-01 ~ 2018-09-03] 組合: +2.44%  大盤: -4.27%  持股: 30  停損: 0  淨值: 18,334  [27/119 | 記憶體: 2.4GB | 預估剩餘: 3分鐘]
  [2018-09-03 ~ 2018-10-01] 組合: -3.64%  大盤: -2.38%  持股: 30  停損: 0  淨值: 17,667  [28/119 | 記憶體: 2.4GB | 預估剩餘: 3分鐘]
  [2018-10-01] seasonal_filter: 月份10 topN → 15
  [2018-10-01 ~ 2018-11-01] 組合: -20.03%  大盤: -13.07%  持股: 15  停損: 0  淨值: 14,129  [29/119 | 記憶體: 2.4GB | 預估剩餘: 3分鐘]
  [2018-11-01] 模型重訓完成 (訓練筆數: 959,476) [TIMER] train_model: 6.60s
  [2018-11-01] 大盤環境不佳 (20日中位數 -11.05%)，topN → 10
  [2018-11-01] market_filter_tiers: 前期大盤 -13.07% < -10%，持股×0.25→2
  [2018-11-01 ~ 2018-12-03] 組合: +43.94%  大盤: +7.87%  持股: 2  停損: 0  淨值: 20,337  [30/119 | 記憶體: 2.4GB | 預估剩餘: 3分鐘]
  [2018-12-03 ~ 2019-01-02] 組合: -3.46%  大盤: -2.84%  持股: 30  停損: 0  淨值: 19,633  [31/119 | 記憶體: 2.4GB | 預估剩餘: 3分鐘]
  [2019-01-02 ~ 2019-02-11] 組合: +4.75%  大盤: +3.98%  持股: 30  停損: 0  淨值: 20,566  [32/119 | 記憶體: 2.4GB | 預估剩餘: 3分鐘]
  [2019-02-11] 模型重訓完成 (訓練筆數: 1,064,966) [TIMER] train_model: 6.74s
  [2019-02-11 ~ 2019-03-04] 組合: +2.66%  大盤: +4.05%  持股: 30  停損: 0  淨值: 21,112  [33/119 | 記憶體: 2.4GB | 預估剩餘: 3分鐘]
  [2019-03-04] seasonal_filter: 月份3 topN → 15
  [2019-03-04 ~ 2019-04-01] 組合: +3.14%  大盤: +1.95%  持股: 15  停損: 0  淨值: 21,774  [34/119 | 記憶體: 2.4GB | 預估剩餘: 3分鐘]
  [2019-04-01 ~ 2019-05-02] 組合: +0.89%  大盤: +0.69%  持股: 30  停損: 0  淨值: 21,969  [35/119 | 記憶體: 2.4GB | 預估剩餘: 3分鐘]
  [2019-05-02 ~ 2019-06-03] 組合: -6.47%  大盤: -4.59%  持股: 30  停損: 0  淨值: 20,548  [36/119 | 記憶體: 2.5GB | 預估剩餘: 3分鐘]
  [2019-06-03] 模型重訓完成 (訓練筆數: 1,172,675) [TIMER] train_model: 7.46s
  [2019-06-03 ~ 2019-07-01] 組合: -2.23%  大盤: +2.27%  持股: 30  停損: 0  淨值: 20,089  [37/119 | 記憶體: 2.2GB | 預估剩餘: 3分鐘]
  [2019-07-01 ~ 2019-08-01] 組合: -2.61%  大盤: -0.12%  持股: 30  停損: 0  淨值: 19,566  [38/119 | 記憶體: 2.3GB | 預估剩餘: 3分鐘]
  [2019-08-01 ~ 2019-09-02] 組合: +2.37%  大盤: -0.60%  持股: 30  停損: 0  淨值: 20,030  [39/119 | 記憶體: 2.3GB | 預估剩餘: 3分鐘]
  [2019-09-02] 模型重訓完成 (訓練筆數: 1,270,768) [TIMER] train_model: 7.75s
  [2019-09-02 ~ 2019-10-01] 組合: +8.76%  大盤: +0.02%  持股: 30  停損: 0  淨值: 21,784  [40/119 | 記憶體: 2.6GB | 預估剩餘: 3分鐘]
  [2019-10-01] seasonal_filter: 月份10 topN → 15
  [2019-10-01 ~ 2019-11-01] 組合: -0.03%  大盤: +1.11%  持股: 15  停損: 0  淨值: 21,779  [41/119 | 記憶體: 2.6GB | 預估剩餘: 3分鐘]
  [2019-11-01 ~ 2019-12-02] 組合: +5.03%  大盤: -1.02%  持股: 30  停損: 0  淨值: 22,875  [42/119 | 記憶體: 2.7GB | 預估剩餘: 3分鐘]
  [2019-12-02] 模型重訓完成 (訓練筆數: 1,366,488) [TIMER] train_model: 8.05s
  [2019-12-02 ~ 2020-01-02] 組合: +4.08%  大盤: +4.01%  持股: 30  停損: 0  淨值: 23,808  [43/119 | 記憶體: 2.5GB | 預估剩餘: 3分鐘]
  [2020-01-02 ~ 2020-02-03] 組合: -3.36%  大盤: -7.63%  持股: 30  停損: 0  淨值: 23,008  [44/119 | 記憶體: 2.5GB | 預估剩餘: 3分鐘]
  [2020-02-03] 大盤環境不佳 (20日中位數 -6.23%)，topN → 10
  [2020-02-03] market_filter_tiers: 前期大盤 -7.63% < -5%，持股×0.5→5
  [2020-02-03 ~ 2020-03-02] 組合: -6.50%  大盤: +0.25%  持股: 5  停損: 0  淨值: 21,513  [45/119 | 記憶體: 2.6GB | 預估剩餘: 3分鐘]
  [2020-03-02] 模型重訓完成 (訓練筆數: 1,457,775) [TIMER] train_model: 8.43s
  [2020-03-02] seasonal_filter: 月份3 topN → 15
  [2020-03-02 ~ 2020-04-01] 組合: -25.62%  大盤: -17.07%  持股: 15  停損: 0  淨值: 16,001  [46/119 | 記憶體: 2.7GB | 預估剩餘: 3分鐘]
  [2020-04-01] 大盤環境不佳 (20日中位數 -17.52%)，topN → 10
  [2020-04-01] market_filter_tiers: 前期大盤 -17.07% < -15%，持股×0.1→1
  [2020-04-01] min_positions: 1→2（補1檔）
  [2020-04-01 ~ 2020-05-04] 組合: +23.68%  大盤: +16.12%  持股: 2  停損: 0  淨值: 19,791  [47/119 | 記憶體: 2.7GB | 預估剩餘: 3分鐘]
  [2020-05-04 ~ 2020-06-01] 組合: +18.53%  大盤: +7.41%  持股: 30  停損: 0  淨值: 23,459  [48/119 | 記憶體: 2.8GB | 預估剩餘: 3分鐘]
  [2020-06-01] 模型重訓完成 (訓練筆數: 1,557,045) [TIMER] train_model: 9.53s
  [2020-06-01 ~ 2020-07-01] 組合: +14.00%  大盤: +6.49%  持股: 30  停損: 0  淨值: 26,743  [49/119 | 記憶體: 2.8GB | 預估剩餘: 3分鐘]
  [2020-07-01 ~ 2020-08-03] 組合: +5.47%  大盤: +0.57%  持股: 30  停損: 0  淨值: 28,205  [50/119 | 記憶體: 2.9GB | 預估剩餘: 3分鐘]
  [2020-08-03 ~ 2020-09-01] 組合: +6.59%  大盤: +2.72%  持股: 30  停損: 0  淨值: 30,064  [51/119 | 記憶體: 2.9GB | 預估剩餘: 3分鐘]
  [2020-09-01] 模型重訓完成 (訓練筆數: 1,665,554) [TIMER] train_model: 10.49s
  [2020-09-01 ~ 2020-10-05] 組合: +27.69%  大盤: +0.12%  持股: 30  停損: 0  淨值: 38,388  [52/119 | 記憶體: 2.9GB | 預估剩餘: 3分鐘]
  [2020-10-05] seasonal_filter: 月份10 topN → 15
  [2020-10-05 ~ 2020-11-02] 組合: -6.58%  大盤: -0.73%  持股: 15  停損: 0  淨值: 35,862  [53/119 | 記憶體: 2.9GB | 預估剩餘: 3分鐘]
  [2020-11-02 ~ 2020-12-01] 組合: +7.77%  大盤: +8.55%  持股: 30  停損: 0  淨值: 38,647  [54/119 | 記憶體: 3.0GB | 預估剩餘: 3分鐘]
  [2020-12-01] 模型重訓完成 (訓練筆數: 1,770,486) [TIMER] train_model: 11.13s
  [2020-12-01 ~ 2021-01-04] 組合: +10.89%  大盤: +3.90%  持股: 30  停損: 0  淨值: 42,856  [55/119 | 記憶體: 2.7GB | 預估剩餘: 3分鐘]
  [2021-01-04 ~ 2021-02-01] 組合: -11.83%  大盤: -5.43%  持股: 30  停損: 0  淨值: 37,787  [56/119 | 記憶體: 2.8GB | 預估剩餘: 3分鐘]
  [2021-02-01] 大盤環境不佳 (20日中位數 -5.72%)，topN → 10
  [2021-02-01] market_filter_tiers: 前期大盤 -5.43% < -5%，持股×0.5→5
  [2021-02-01 ~ 2021-03-02] 組合: +23.95%  大盤: +8.47%  持股: 5  停損: 0  淨值: 46,836  [57/119 | 記憶體: 2.8GB | 預估剩餘: 3分鐘]
  [2021-03-02] 模型重訓完成 (訓練筆數: 1,876,848) [TIMER] train_model: 11.61s
  [2021-03-02] seasonal_filter: 月份3 topN → 15
  [2021-03-02 ~ 2021-04-01] 組合: +7.84%  大盤: +8.78%  持股: 15  停損: 0  淨值: 50,510  [58/119 | 記憶體: 3.1GB | 預估剩餘: 3分鐘]
  [2021-04-01 ~ 2021-05-03] 組合: +1.65%  大盤: +3.85%  持股: 30  停損: 0  淨值: 51,342  [59/119 | 記憶體: 3.1GB | 預估剩餘: 3分鐘]
  [2021-05-03 ~ 2021-06-01] 組合: -4.94%  大盤: -4.99%  持股: 30  停損: 0  淨值: 48,805  [60/119 | 記憶體: 3.2GB | 預估剩餘: 3分鐘]
  [2021-06-01] 模型重訓完成 (訓練筆數: 1,977,198) [TIMER] train_model: 13.36s
  [2021-06-01 ~ 2021-07-01] 組合: +28.00%  大盤: +3.59%  持股: 30  停損: 0  淨值: 62,471  [61/119 | 記憶體: 3.3GB | 預估剩餘: 3分鐘]
  [2021-07-01 ~ 2021-08-02] 組合: +0.81%  大盤: +1.80%  持股: 30  停損: 0  淨值: 62,977  [62/119 | 記憶體: 3.3GB | 預估剩餘: 3分鐘]
  [2021-08-02 ~ 2021-09-01] 組合: -6.86%  大盤: -3.88%  持股: 30  停損: 0  淨值: 58,656  [63/119 | 記憶體: 3.3GB | 預估剩餘: 3分鐘]
  [2021-09-01] 模型重訓完成 (訓練筆數: 2,092,503) [TIMER] train_model: 13.93s
  [2021-09-01] 大盤環境不佳 (20日中位數 -4.07%)，topN → 10
  [2021-09-01 ~ 2021-10-01] 組合: +5.11%  大盤: -4.68%  持股: 10  停損: 0  淨值: 61,653  [64/119 | 記憶體: 3.1GB | 預估剩餘: 3分鐘]
  [2021-10-01] seasonal_filter: 月份10 topN → 15
  [2021-10-01 ~ 2021-11-01] 組合: +4.77%  大盤: +4.70%  持股: 15  停損: 0  淨值: 64,594  [65/119 | 記憶體: 3.1GB | 預估剩餘: 3分鐘]
  [2021-11-01 ~ 2021-12-01] 組合: +9.14%  大盤: +2.99%  持股: 30  停損: 0  淨值: 70,499  [66/119 | 記憶體: 3.1GB | 預估剩餘: 3分鐘]
  [2021-12-01] 模型重訓完成 (訓練筆數: 2,200,107) [TIMER] train_model: 14.54s
  [2021-12-01 ~ 2022-01-03] 組合: +14.53%  大盤: +4.37%  持股: 30  停損: 0  淨值: 80,740  [67/119 | 記憶體: 1.6GB | 預估剩餘: 3分鐘]
  [2022-01-03 ~ 2022-02-07] 組合: -1.32%  大盤: -4.50%  持股: 30  停損: 0  淨值: 79,676  [68/119 | 記憶體: 1.8GB | 預估剩餘: 3分鐘]
  [2022-02-07 ~ 2022-03-01] 組合: -2.65%  大盤: +1.21%  持股: 30  停損: 0  淨值: 77,564  [69/119 | 記憶體: 1.9GB | 預估剩餘: 3分鐘]
  [2022-03-01] 模型重訓完成 (訓練筆數: 2,299,518) [TIMER] train_model: 14.87s
  [2022-03-01] seasonal_filter: 月份3 topN → 15
  [2022-03-01 ~ 2022-04-01] 組合: -4.23%  大盤: -0.42%  持股: 15  停損: 0  淨值: 74,284  [70/119 | 記憶體: 2.7GB | 預估剩餘: 3分鐘]
  [2022-04-01 ~ 2022-05-03] 組合: -5.58%  大盤: -5.32%  持股: 30  停損: 0  淨值: 70,138  [71/119 | 記憶體: 2.9GB | 預估剩餘: 3分鐘]
  [2022-05-03] 大盤環境不佳 (20日中位數 -4.62%)，topN → 10
  [2022-05-03] market_filter_tiers: 前期大盤 -5.32% < -5%，持股×0.5→5
  [2022-05-03 ~ 2022-06-01] 組合: +17.85%  大盤: +0.92%  持股: 5  停損: 0  淨值: 82,657  [72/119 | 記憶體: 3.0GB | 預估剩餘: 3分鐘]
  [2022-06-01] 模型重訓完成 (訓練筆數: 2,410,441) [TIMER] train_model: 15.11s
  [2022-06-01 ~ 2022-07-01] 組合: -6.28%  大盤: -10.73%  持股: 30  停損: 0  淨值: 77,466  [73/119 | 記憶體: 2.5GB | 預估剩餘: 3分鐘]
  [2022-07-01] 大盤環境不佳 (20日中位數 -8.42%)，topN → 10
  [2022-07-01] market_filter_tiers: 前期大盤 -10.73% < -10%，持股×0.25→2
  [2022-07-01 ~ 2022-08-01] 組合: +12.93%  大盤: +4.24%  持股: 2  停損: 0  淨值: 87,485  [74/119 | 記憶體: 2.7GB | 預估剩餘: 3分鐘]
  [2022-08-01 ~ 2022-09-01] 組合: +25.19%  大盤: +4.12%  持股: 30  停損: 0  淨值: 109,522  [75/119 | 記憶體: 2.8GB | 預估剩餘: 2分鐘]
  [2022-09-01] 模型重訓完成 (訓練筆數: 2,524,570) [TIMER] train_model: 16.52s
  [2022-09-01 ~ 2022-10-03] 組合: -8.41%  大盤: -8.84%  持股: 30  停損: 0  淨值: 100,312  [76/119 | 記憶體: 2.1GB | 預估剩餘: 3分鐘]
  [2022-10-03] 大盤環境不佳 (20日中位數 -8.12%)，topN → 10
  [2022-10-03] seasonal_filter: 月份10 topN → 5
  [2022-10-03] market_filter_tiers: 前期大盤 -8.84% < -5%，持股×0.5→2
  [2022-10-03 ~ 2022-11-01] 組合: -0.45%  大盤: -3.75%  持股: 2  停損: 0  淨值: 99,864  [77/119 | 記憶體: 2.3GB | 預估剩餘: 2分鐘]
  [2022-11-01 ~ 2022-12-01] 組合: +11.12%  大盤: +9.64%  持股: 30  停損: 0  淨值: 110,964  [78/119 | 記憶體: 2.4GB | 預估剩餘: 2分鐘]
  [2022-12-01] 模型重訓完成 (訓練筆數: 2,636,739) [TIMER] train_model: 17.02s
  [2022-12-01 ~ 2023-01-03] 組合: +7.64%  大盤: -1.81%  持股: 30  停損: 0  淨值: 119,444  [79/119 | 記憶體: 2.4GB | 預估剩餘: 2分鐘]
  [2023-01-03 ~ 2023-02-01] 組合: +1.01%  大盤: +3.96%  持股: 30  停損: 0  淨值: 120,651  [80/119 | 記憶體: 2.6GB | 預估剩餘: 2分鐘]
  [2023-02-01 ~ 2023-03-01] 組合: +6.99%  大盤: +6.88%  持股: 30  停損: 0  淨值: 129,090  [81/119 | 記憶體: 2.7GB | 預估剩餘: 2分鐘]
  [2023-03-01] 模型重訓完成 (訓練筆數: 2,734,609) [TIMER] train_model: 17.44s
  [2023-03-01] seasonal_filter: 月份3 topN → 15
  [2023-03-01 ~ 2023-04-06] 組合: +12.45%  大盤: +2.64%  持股: 15  停損: 0  淨值: 145,161  [82/119 | 記憶體: 1.9GB | 預估剩餘: 2分鐘]
  [2023-04-06 ~ 2023-05-02] 組合: +8.34%  大盤: +1.67%  持股: 30  停損: 0  淨值: 157,272  [83/119 | 記憶體: 2.1GB | 預估剩餘: 2分鐘]
  [2023-05-02 ~ 2023-06-01] 組合: +6.06%  大盤: +2.14%  持股: 30  停損: 0  淨值: 166,808  [84/119 | 記憶體: 2.3GB | 預估剩餘: 2分鐘]
  [2023-06-01] 模型重訓完成 (訓練筆數: 2,847,870) [TIMER] train_model: 17.83s
  [2023-06-01 ~ 2023-07-03] 組合: +12.68%  大盤: +2.99%  持股: 30  停損: 0  淨值: 187,957  [85/119 | 記憶體: 2.1GB | 預估剩餘: 2分鐘]
  [2023-07-03 ~ 2023-08-01] 組合: -2.02%  大盤: -1.84%  持股: 30  停損: 0  淨值: 184,169  [86/119 | 記憶體: 2.3GB | 預估剩餘: 2分鐘]
  [2023-08-01 ~ 2023-09-01] 組合: +11.26%  大盤: -3.23%  持股: 30  停損: 0  淨值: 204,908  [87/119 | 記憶體: 2.4GB | 預估剩餘: 2分鐘]
  [2023-09-01] 模型重訓完成 (訓練筆數: 2,968,093) [TIMER] train_model: 18.49s
  [2023-09-01 ~ 2023-10-02] 組合: +8.65%  大盤: +0.17%  持股: 30  停損: 0  淨值: 222,636  [88/119 | 記憶體: 1.8GB | 預估剩餘: 2分鐘]
  [2023-10-02] seasonal_filter: 月份10 topN → 15
  [2023-10-02 ~ 2023-11-01] 組合: +0.27%  大盤: -3.40%  持股: 15  停損: 0  淨值: 223,248  [89/119 | 記憶體: 2.1GB | 預估剩餘: 2分鐘]
  [2023-11-01 ~ 2023-12-01] 組合: +5.29%  大盤: +8.35%  持股: 30  停損: 0  淨值: 235,055  [90/119 | 記憶體: 2.2GB | 預估剩餘: 2分鐘]
  [2023-12-01] 模型重訓完成 (訓練筆數: 3,083,309) [TIMER] train_model: 19.13s
  [2023-12-01 ~ 2024-01-02] 組合: -1.06%  大盤: +0.73%  持股: 30  停損: 0  淨值: 232,563  [91/119 | 記憶體: 2.1GB | 預估剩餘: 2分鐘]
  [2024-01-02 ~ 2024-02-01] 組合: +6.91%  大盤: +0.07%  持股: 30  停損: 0  淨值: 248,631  [92/119 | 記憶體: 2.3GB | 預估剩餘: 2分鐘]
  [2024-02-01 ~ 2024-03-01] 組合: +11.71%  大盤: +4.60%  持股: 30  停損: 0  淨值: 277,757  [93/119 | 記憶體: 2.5GB | 預估剩餘: 2分鐘]
  [2024-03-01] 模型重訓完成 (訓練筆數: 3,198,247) [TIMER] train_model: 19.84s
  [2024-03-01] seasonal_filter: 月份3 topN → 15
  [2024-03-01 ~ 2024-04-01] 組合: -2.13%  大盤: +0.54%  持股: 15  停損: 0  淨值: 271,851  [94/119 | 記憶體: 2.2GB | 預估剩餘: 2分鐘]
  [2024-04-01 ~ 2024-05-02] 組合: +7.04%  大盤: +1.38%  持股: 30  停損: 0  淨值: 290,997  [95/119 | 記憶體: 2.3GB | 預估剩餘: 2分鐘]
  [2024-05-02 ~ 2024-06-03] 組合: +5.98%  大盤: +4.00%  持股: 30  停損: 0  淨值: 308,384  [96/119 | 記憶體: 2.5GB | 預估剩餘: 1分鐘]
  [2024-06-03] 模型重訓完成 (訓練筆數: 3,316,439) [TIMER] train_model: 19.82s
  [2024-06-03 ~ 2024-07-01] 組合: +11.05%  大盤: +2.49%  持股: 30  停損: 0  淨值: 342,450  [97/119 | 記憶體: 2.1GB | 預估剩餘: 1分鐘]
  [2024-07-01 ~ 2024-08-01] 組合: +5.27%  大盤: -1.03%  持股: 30  停損: 0  淨值: 360,514  [98/119 | 記憶體: 2.3GB | 預估剩餘: 1分鐘]
  [2024-08-01 ~ 2024-09-02] 組合: -0.35%  大盤: -1.82%  持股: 30  停損: 0  淨值: 359,258  [99/119 | 記憶體: 2.5GB | 預估剩餘: 1分鐘]
  [2024-09-02] 模型重訓完成 (訓練筆數: 3,442,185) [TIMER] train_model: 19.93s
  [2024-09-02 ~ 2024-10-01] 組合: -3.33%  大盤: -0.69%  持股: 30  停損: 0  淨值: 347,303  [100/119 | 記憶體: 2.2GB | 預估剩餘: 1分鐘]
  [2024-10-01] seasonal_filter: 月份10 topN → 15
  [2024-10-01 ~ 2024-11-01] 組合: +3.44%  大盤: -1.89%  持股: 15  停損: 0  淨值: 359,249  [101/119 | 記憶體: 2.4GB | 預估剩餘: 1分鐘]
  [2024-11-01 ~ 2024-12-02] 組合: +0.41%  大盤: -2.65%  持股: 30  停損: 0  淨值: 360,725  [102/119 | 記憶體: 2.6GB | 預估剩餘: 1分鐘]
  [2024-12-02] 模型重訓完成 (訓練筆數: 3,562,459) [TIMER] train_model: 20.83s
  [2024-12-02 ~ 2025-01-02] 組合: +0.41%  大盤: -1.74%  持股: 30  停損: 0  淨值: 362,186  [103/119 | 記憶體: 2.2GB | 預估剩餘: 1分鐘]
  [2025-01-02 ~ 2025-02-03] 組合: +1.93%  大盤: -2.16%  持股: 30  停損: 0  淨值: 369,167  [104/119 | 記憶體: 2.4GB | 預估剩餘: 1分鐘]
  [2025-02-03 ~ 2025-03-03] 組合: +7.69%  大盤: +4.40%  持股: 30  停損: 0  淨值: 397,565  [105/119 | 記憶體: 2.6GB | 預估剩餘: 1分鐘]
  [2025-03-03] 模型重訓完成 (訓練筆數: 3,675,358) [TIMER] train_model: 21.49s
  [2025-03-03] seasonal_filter: 月份3 topN → 15
  [2025-03-03 ~ 2025-04-01] 組合: -8.45%  大盤: -6.75%  持股: 15  停損: 0  淨值: 363,977  [106/119 | 記憶體: 2.1GB | 預估剩餘: 1分鐘]
  [2025-04-01] 大盤環境不佳 (20日中位數 -6.97%)，topN → 10
  [2025-04-01] market_filter_tiers: 前期大盤 -6.75% < -5%，持股×0.5→5
  [2025-04-01 ~ 2025-05-02] 組合: -12.91%  大盤: -6.07%  持股: 5  停損: 0  淨值: 316,977  [107/119 | 記憶體: 2.3GB | 預估剩餘: 1分鐘]
  [2025-05-02] 大盤環境不佳 (20日中位數 -6.11%)，topN → 10
  [2025-05-02] market_filter_tiers: 前期大盤 -6.07% < -5%，持股×0.5→5
  [2025-05-02 ~ 2025-06-02] 組合: -11.32%  大盤: -0.59%  持股: 5  停損: 0  淨值: 281,100  [108/119 | 記憶體: 2.4GB | 預估剩餘: 1分鐘]
  [2025-06-02] 模型重訓完成 (訓練筆數: 3,799,503) [TIMER] train_model: 24.17s
  [2025-06-02 ~ 2025-07-01] 組合: -5.24%  大盤: +1.07%  持股: 30  停損: 0  淨值: 266,380  [109/119 | 記憶體: 1.9GB | 預估剩餘: 57秒]
  [2025-07-01 ~ 2025-08-01] 組合: +5.52%  大盤: +0.53%  持股: 30  停損: 0  淨值: 281,091  [110/119 | 記憶體: 2.1GB | 預估剩餘: 51秒]
  [2025-08-01 ~ 2025-09-01] 組合: +17.50%  大盤: +4.22%  持股: 30  停損: 0  淨值: 330,274  [111/119 | 記憶體: 2.3GB | 預估剩餘: 45秒]
  [2025-09-01] 模型重訓完成 (訓練筆數: 3,927,275) [TIMER] train_model: 23.73s
  [2025-09-01 ~ 2025-10-01] 組合: -3.60%  大盤: +0.23%  持股: 30  停損: 0  淨值: 318,388  [112/119 | 記憶體: 2.2GB | 預估剩餘: 41秒]
  [2025-10-01] seasonal_filter: 月份10 topN → 15
  [2025-10-01 ~ 2025-11-03] 組合: +4.63%  大盤: -1.26%  持股: 15  停損: 0  淨值: 333,115  [113/119 | 記憶體: 2.3GB | 預估剩餘: 35秒]
  [2025-11-03 ~ 2025-12-01] 組合: -7.64%  大盤: -2.11%  持股: 30  停損: 0  淨值: 307,649  [114/119 | 記憶體: 2.4GB | 預估剩餘: 29秒]
  [2025-12-01] 模型重訓完成 (訓練筆數: 4,051,767) [TIMER] train_model: 23.60s
  [2025-12-01 ~ 2026-01-02] 組合: +11.35%  大盤: +3.37%  持股: 30  停損: 0  淨值: 342,558  [115/119 | 記憶體: 2.1GB | 預估剩餘: 24秒]
  [2026-01-02 ~ 2026-02-02] 組合: +3.42%  大盤: +0.62%  持股: 30  停損: 0  淨值: 354,285  [116/119 | 記憶體: 2.2GB | 預估剩餘: 17秒]
  [2026-02-02 ~ 2026-03-02] 組合: +10.42%  大盤: +4.25%  持股: 30  停損: 0  淨值: 391,193  [117/119 | 記憶體: 2.4GB | 預估剩餘: 11秒]
  [2026-03-02] 模型重訓完成 (訓練筆數: 4,169,660) [TIMER] train_model: 23.33s
  [2026-03-02] seasonal_filter: 月份3 topN → 15
  [2026-03-02 ~ 2026-04-01] 組合: +0.47%  大盤: -2.00%  持股: 15  停損: 0  淨值: 393,037  [118/119 | 記憶體: 2.1GB | 預估剩餘: 6秒]
  [2026-04-01 ~ 2026-04-21] 組合: +12.82%  大盤: +11.45%  持股: 30  停損: 0  淨值: 443,436  [119/119 | 記憶體: 2.3GB | 預估剩餘: 0秒]

────────────────────────────────────────────────────────────
[TIMER] 效能瓶頸報告
────────────────────────────────────────────────────────────
  步驟                              次數       總秒      平均秒
  ------------------------------------------------------
  load_prices                      1     0.98    0.980
  load_features                    1     5.03    5.026
  load_labels                      1     0.00    0.000
  train_model                     39   503.76   12.917
  predict                        119     0.58    0.005
  breakthrough_map                 0     0.00    0.000
  simulate_period                119    33.61    0.282
  apply_stoploss                 119     0.72    0.006
  其他（overhead）                     —   184.55
  總 loop 時間                        —   728.50
────────────────────────────────────────────────────────────


============================================================
回測結果摘要
============================================================
  回測期間: 2016-06-13 ~ 2026-04-21
  再平衡次數: 119  總交易次數: 3028

  指標                               組合           大盤
  ----------------------------------------------
  累積報酬                    4334.36%      75.68%
  年化報酬                      46.94%       5.89%
  超額報酬                    4258.68%
  最大回撤                     -33.00%
  Sharpe Ratio (rf=1.5%)        1.31
  Calmar Ratio                1.42
  勝率                        47.06%
  盈虧比                         1.92
  停損觸發次數                         0

  月度報酬:
    2016-06  +  4.28%  (大盤  +1.92%)  ↑ ████████
    2016-07  +  1.78%  (大盤  +2.41%)  ↑ ███
    2016-08   -0.10%  (大盤  -0.55%)  ↓ █
    2016-09  +  0.31%  (大盤  +0.69%)  ↑ █
    2016-10  +  8.75%  (大盤  -2.61%)  ↑ █████████████████
    2016-11   -1.59%  (大盤  -0.69%)  ↓ ███
    2016-12   -0.77%  (大盤  +1.34%)  ↓ █
    2017-01  + 13.85%  (大盤  +2.15%)  ↑ ███████████████████████████
    2017-02  +  7.14%  (大盤  +4.83%)  ↑ ██████████████
    2017-03  +  3.89%  (大盤  +2.20%)  ↑ ███████
    2017-04   -1.69%  (大盤  -1.81%)  ↓ ███
    2017-05   -0.02%  (大盤  +0.47%)  ↓ █
    2017-06  +  0.27%  (大盤  +0.30%)  ↑ █
    2017-07  +  3.12%  (大盤  -0.25%)  ↑ ██████
    2017-08  +  3.16%  (大盤  +1.36%)  ↑ ██████
    2017-09  +  4.87%  (大盤  +0.40%)  ↑ █████████
    2017-10   -6.21%  (大盤  +1.03%)  ↓ ████████████
    2017-11  +  3.14%  (大盤  -0.59%)  ↑ ██████
    2017-12  +  2.56%  (大盤  +1.06%)  ↑ █████
    2018-01  +  4.90%  (大盤  +1.11%)  ↑ █████████
    2018-02   -4.82%  (大盤  -1.64%)  ↓ █████████
    2018-03  +  5.72%  (大盤  +2.99%)  ↑ ███████████
    2018-04  +  0.74%  (大盤  -3.37%)  ↑ █
    2018-05  +  5.34%  (大盤  +2.93%)  ↑ ██████████
    2018-06  +  4.94%  (大盤  -0.39%)  ↑ █████████
    2018-07   -2.48%  (大盤  -2.02%)  ↓ ████
    2018-08  +  2.44%  (大盤  -4.27%)  ↑ ████
    2018-09   -3.64%  (大盤  -2.38%)  ↓ ███████
    2018-10  -20.03%  (大盤 -13.07%)  ↓ ████████████████████████████████████████
    2018-11  + 43.94%  (大盤  +7.87%)  ↑ ███████████████████████████████████████████████████████████████████████████████████████
    2018-12   -3.46%  (大盤  -2.84%)  ↓ ██████
    2019-01  +  4.75%  (大盤  +3.98%)  ↑ █████████
    2019-02  +  2.66%  (大盤  +4.05%)  ↑ █████
    2019-03  +  3.14%  (大盤  +1.95%)  ↑ ██████
    2019-04  +  0.89%  (大盤  +0.69%)  ↑ █
    2019-05   -6.47%  (大盤  -4.59%)  ↓ ████████████
    2019-06   -2.23%  (大盤  +2.27%)  ↓ ████
    2019-07   -2.61%  (大盤  -0.12%)  ↓ █████
    2019-08  +  2.37%  (大盤  -0.60%)  ↑ ████
    2019-09  +  8.76%  (大盤  +0.02%)  ↑ █████████████████
    2019-10   -0.03%  (大盤  +1.11%)  ↓ █
    2019-11  +  5.03%  (大盤  -1.02%)  ↑ ██████████
    2019-12  +  4.08%  (大盤  +4.01%)  ↑ ████████
    2020-01   -3.36%  (大盤  -7.63%)  ↓ ██████
    2020-02   -6.50%  (大盤  +0.25%)  ↓ ████████████
    2020-03  -25.62%  (大盤 -17.07%)  ↓ ███████████████████████████████████████████████████
    2020-04  + 23.68%  (大盤 +16.12%)  ↑ ███████████████████████████████████████████████
    2020-05  + 18.53%  (大盤  +7.41%)  ↑ █████████████████████████████████████
    2020-06  + 14.00%  (大盤  +6.49%)  ↑ ███████████████████████████
    2020-07  +  5.47%  (大盤  +0.57%)  ↑ ██████████
    2020-08  +  6.59%  (大盤  +2.72%)  ↑ █████████████
    2020-09  + 27.69%  (大盤  +0.12%)  ↑ ███████████████████████████████████████████████████████
    2020-10   -6.58%  (大盤  -0.73%)  ↓ █████████████
    2020-11  +  7.77%  (大盤  +8.55%)  ↑ ███████████████
    2020-12  + 10.89%  (大盤  +3.90%)  ↑ █████████████████████
    2021-01  -11.83%  (大盤  -5.43%)  ↓ ███████████████████████
    2021-02  + 23.95%  (大盤  +8.47%)  ↑ ███████████████████████████████████████████████
    2021-03  +  7.84%  (大盤  +8.78%)  ↑ ███████████████
    2021-04  +  1.65%  (大盤  +3.85%)  ↑ ███
    2021-05   -4.94%  (大盤  -4.99%)  ↓ █████████
    2021-06  + 28.00%  (大盤  +3.59%)  ↑ ████████████████████████████████████████████████████████
    2021-07  +  0.81%  (大盤  +1.80%)  ↑ █
    2021-08   -6.86%  (大盤  -3.88%)  ↓ █████████████
    2021-09  +  5.11%  (大盤  -4.68%)  ↑ ██████████
    2021-10  +  4.77%  (大盤  +4.70%)  ↑ █████████
    2021-11  +  9.14%  (大盤  +2.99%)  ↑ ██████████████████
    2021-12  + 14.53%  (大盤  +4.37%)  ↑ █████████████████████████████
    2022-01   -1.32%  (大盤  -4.50%)  ↓ ██
    2022-02   -2.65%  (大盤  +1.21%)  ↓ █████
    2022-03   -4.23%  (大盤  -0.42%)  ↓ ████████
    2022-04   -5.58%  (大盤  -5.32%)  ↓ ███████████
    2022-05  + 17.85%  (大盤  +0.92%)  ↑ ███████████████████████████████████
    2022-06   -6.28%  (大盤 -10.73%)  ↓ ████████████
    2022-07  + 12.93%  (大盤  +4.24%)  ↑ █████████████████████████
    2022-08  + 25.19%  (大盤  +4.12%)  ↑ ██████████████████████████████████████████████████
    2022-09   -8.41%  (大盤  -8.84%)  ↓ ████████████████
    2022-10   -0.45%  (大盤  -3.75%)  ↓ █
    2022-11  + 11.12%  (大盤  +9.64%)  ↑ ██████████████████████
    2022-12  +  7.64%  (大盤  -1.81%)  ↑ ███████████████
    2023-01  +  1.01%  (大盤  +3.96%)  ↑ ██
    2023-02  +  6.99%  (大盤  +6.88%)  ↑ █████████████
    2023-03  + 12.45%  (大盤  +2.64%)  ↑ ████████████████████████
    2023-04  +  8.34%  (大盤  +1.67%)  ↑ ████████████████
    2023-05  +  6.06%  (大盤  +2.14%)  ↑ ████████████
    2023-06  + 12.68%  (大盤  +2.99%)  ↑ █████████████████████████
    2023-07   -2.02%  (大盤  -1.84%)  ↓ ████
    2023-08  + 11.26%  (大盤  -3.23%)  ↑ ██████████████████████
    2023-09  +  8.65%  (大盤  +0.17%)  ↑ █████████████████
    2023-10  +  0.27%  (大盤  -3.40%)  ↑ █
    2023-11  +  5.29%  (大盤  +8.35%)  ↑ ██████████
    2023-12   -1.06%  (大盤  +0.73%)  ↓ ██
    2024-01  +  6.91%  (大盤  +0.07%)  ↑ █████████████
    2024-02  + 11.71%  (大盤  +4.60%)  ↑ ███████████████████████
    2024-03   -2.13%  (大盤  +0.54%)  ↓ ████
    2024-04  +  7.04%  (大盤  +1.38%)  ↑ ██████████████
    2024-05  +  5.98%  (大盤  +4.00%)  ↑ ███████████
    2024-06  + 11.05%  (大盤  +2.49%)  ↑ ██████████████████████
    2024-07  +  5.27%  (大盤  -1.03%)  ↑ ██████████
    2024-08   -0.35%  (大盤  -1.82%)  ↓ █
    2024-09   -3.33%  (大盤  -0.69%)  ↓ ██████
    2024-10  +  3.44%  (大盤  -1.89%)  ↑ ██████
    2024-11  +  0.41%  (大盤  -2.65%)  ↑ █
    2024-12  +  0.41%  (大盤  -1.74%)  ↑ █
    2025-01  +  1.93%  (大盤  -2.16%)  ↑ ███
    2025-02  +  7.69%  (大盤  +4.40%)  ↑ ███████████████
    2025-03   -8.45%  (大盤  -6.75%)  ↓ ████████████████
    2025-04  -12.91%  (大盤  -6.07%)  ↓ █████████████████████████
    2025-05  -11.32%  (大盤  -0.59%)  ↓ ██████████████████████
    2025-06   -5.24%  (大盤  +1.07%)  ↓ ██████████
    2025-07  +  5.52%  (大盤  +0.53%)  ↑ ███████████
    2025-08  + 17.50%  (大盤  +4.22%)  ↑ ██████████████████████████████████
    2025-09   -3.60%  (大盤  +0.23%)  ↓ ███████
    2025-10  +  4.63%  (大盤  -1.26%)  ↑ █████████
    2025-11   -7.64%  (大盤  -2.11%)  ↓ ███████████████
    2025-12  + 11.35%  (大盤  +3.37%)  ↑ ██████████████████████
    2026-01  +  3.42%  (大盤  +0.62%)  ↑ ██████
    2026-02  + 10.42%  (大盤  +4.25%)  ↑ ████████████████████
    2026-03  +  0.47%  (大盤  -2.00%)  ↑ █
    2026-04  + 12.82%  (大盤 +11.45%)  ↑ █████████████████████████
============================================================

[quantstats] 績效報告已輸出: /Users/james.chou/JamesProject/stock_bot/artifacts/backtest_report.html  (periods_per_year=12)

結果已儲存: artifacts/stage10_d2/d2_sector5_10y.json
