
============================================================
Walk-Forward Backtest
============================================================
  資料範圍: 2016-03-15 ~ 2026-04-21
  回測期間: 2016-06-12 ~ 2026-04-21
  模型重訓: 每 3 個月
  選股數量: 30  倉位: equal
  停損策略: fixed 0%
  交易成本: 0.584%（來回）  進場延遲: 0 交易日
  無風險利率: 1.5%  Benchmark含成本: True

[TIMER] load_prices start | mem=0.3GB | t=0.7s
[TIMER] load_prices done 1.0s | mem=1.3GB | t=1.7s
[TIMER] load_all_features start (non-rolling, DuckDB) | mem=1.3GB | t=1.7s
[TIMER] load_all_features done 5.0s | mem=3.5GB | t=6.8s
  EMERGING 過濾：排除 367 支興櫃股
  再平衡次數: 119 (頻率: M)
  [max_per_sector] 載入 3059 檔 industry mapping，限制每產業 ≤ 3 檔
  [2016-06-13] 模型重訓完成 (訓練筆數: 68,355) [TIMER] train_model: 2.62s
  [2016-06-13 ~ 2016-07-01] 組合: +3.45%  大盤: +1.92%  持股: 30  停損: 0  淨值: 10,345  [1/119 | 記憶體: 4.3GB | 預估剩餘: 7分鐘]
  [2016-07-01 ~ 2016-08-01] 組合: +4.29%  大盤: +2.41%  持股: 30  停損: 0  淨值: 10,788  [2/119 | 記憶體: 4.3GB | 預估剩餘: 4分鐘]
  [2016-08-01 ~ 2016-09-01] 組合: +1.42%  大盤: -0.55%  持股: 30  停損: 0  淨值: 10,941  [3/119 | 記憶體: 4.3GB | 預估剩餘: 3分鐘]
  [2016-09-01 ~ 2016-10-03] 組合: +1.14%  大盤: +0.69%  持股: 30  停損: 0  淨值: 11,066  [4/119 | 記憶體: 4.3GB | 預估剩餘: 2分鐘]
  [2016-10-03] 模型重訓完成 (訓練筆數: 183,064) [TIMER] train_model: 3.24s
  [2016-10-03] seasonal_filter: 月份10 topN → 15
  [2016-10-03 ~ 2016-11-01] 組合: -5.44%  大盤: -2.61%  持股: 15  停損: 0  淨值: 10,463  [5/119 | 記憶體: 4.5GB | 預估剩餘: 3分鐘]
  [2016-11-01 ~ 2016-12-01] 組合: -0.59%  大盤: -0.69%  持股: 30  停損: 0  淨值: 10,402  [6/119 | 記憶體: 4.5GB | 預估剩餘: 3分鐘]
  [2016-12-01 ~ 2017-01-03] 組合: -1.76%  大盤: +1.34%  持股: 30  停損: 0  淨值: 10,219  [7/119 | 記憶體: 4.5GB | 預估剩餘: 3分鐘]
  [2017-01-03] 模型重訓完成 (訓練筆數: 271,099) [TIMER] train_model: 3.68s
  [2017-01-03 ~ 2017-02-02] 組合: +13.69%  大盤: +2.15%  持股: 30  停損: 0  淨值: 11,618  [8/119 | 記憶體: 4.3GB | 預估剩餘: 3分鐘]
  [2017-02-02 ~ 2017-03-01] 組合: +8.15%  大盤: +4.83%  持股: 30  停損: 0  淨值: 12,565  [9/119 | 記憶體: 4.3GB | 預估剩餘: 3分鐘]
  [2017-03-01] seasonal_filter: 月份3 topN → 15
  [2017-03-01 ~ 2017-04-05] 組合: +4.28%  大盤: +2.20%  持股: 15  停損: 0  淨值: 13,103  [10/119 | 記憶體: 4.3GB | 預估剩餘: 3分鐘]
  [2017-04-05] 模型重訓完成 (訓練筆數: 357,304) [TIMER] train_model: 3.99s
  [2017-04-05 ~ 2017-05-02] 組合: -3.88%  大盤: -1.81%  持股: 30  停損: 0  淨值: 12,594  [11/119 | 記憶體: 3.4GB | 預估剩餘: 3分鐘]
  [2017-05-02 ~ 2017-06-01] 組合: +0.50%  大盤: +0.47%  持股: 30  停損: 0  淨值: 12,657  [12/119 | 記憶體: 3.4GB | 預估剩餘: 3分鐘]
  [2017-06-01 ~ 2017-07-03] 組合: -0.12%  大盤: +0.30%  持股: 30  停損: 0  淨值: 12,642  [13/119 | 記憶體: 3.4GB | 預估剩餘: 3分鐘]
  [2017-07-03 ~ 2017-08-01] 組合: +2.56%  大盤: -0.25%  持股: 30  停損: 0  淨值: 12,965  [14/119 | 記憶體: 3.5GB | 預估剩餘: 3分鐘]
  [2017-08-01] 模型重訓完成 (訓練筆數: 479,639) [TIMER] train_model: 4.51s
  [2017-08-01 ~ 2017-09-01] 組合: +1.44%  大盤: +1.36%  持股: 30  停損: 0  淨值: 13,152  [15/119 | 記憶體: 3.2GB | 預估剩餘: 3分鐘]
  [2017-09-01 ~ 2017-10-02] 組合: +2.84%  大盤: +0.40%  持股: 30  停損: 0  淨值: 13,526  [16/119 | 記憶體: 3.2GB | 預估剩餘: 3分鐘]
  [2017-10-02] seasonal_filter: 月份10 topN → 15
  [2017-10-02 ~ 2017-11-01] 組合: -1.77%  大盤: +1.03%  持股: 15  停損: 0  淨值: 13,287  [17/119 | 記憶體: 3.2GB | 預估剩餘: 3分鐘]
  [2017-11-01] 模型重訓完成 (訓練筆數: 577,813) [TIMER] train_model: 5.13s
  [2017-11-01 ~ 2017-12-01] 組合: +3.48%  大盤: -0.59%  持股: 30  停損: 0  淨值: 13,749  [18/119 | 記憶體: 3.4GB | 預估剩餘: 3分鐘]
  [2017-12-01 ~ 2018-01-02] 組合: +2.61%  大盤: +1.06%  持股: 30  停損: 0  淨值: 14,108  [19/119 | 記憶體: 3.4GB | 預估剩餘: 3分鐘]
  [2018-01-02 ~ 2018-02-01] 組合: +3.97%  大盤: +1.11%  持股: 30  停損: 0  淨值: 14,667  [20/119 | 記憶體: 3.4GB | 預估剩餘: 3分鐘]
  [2018-02-01] 模型重訓完成 (訓練筆數: 677,567) [TIMER] train_model: 5.40s
  [2018-02-01 ~ 2018-03-01] 組合: -4.75%  大盤: -1.64%  持股: 30  停損: 0  淨值: 13,970  [21/119 | 記憶體: 3.2GB | 預估剩餘: 3分鐘]
  [2018-03-01] seasonal_filter: 月份3 topN → 15
  [2018-03-01 ~ 2018-04-02] 組合: +5.72%  大盤: +2.99%  持股: 15  停損: 0  淨值: 14,770  [22/119 | 記憶體: 3.2GB | 預估剩餘: 3分鐘]
  [2018-04-02 ~ 2018-05-02] 組合: -0.96%  大盤: -3.37%  持股: 30  停損: 0  淨值: 14,628  [23/119 | 記憶體: 3.2GB | 預估剩餘: 3分鐘]
  [2018-05-02] 模型重訓完成 (訓練筆數: 763,111) [TIMER] train_model: 5.69s
  [2018-05-02 ~ 2018-06-01] 組合: +2.44%  大盤: +2.93%  持股: 30  停損: 0  淨值: 14,985  [24/119 | 記憶體: 3.1GB | 預估剩餘: 3分鐘]
  [2018-06-01 ~ 2018-07-02] 組合: +6.31%  大盤: -0.39%  持股: 30  停損: 0  淨值: 15,931  [25/119 | 記憶體: 3.1GB | 預估剩餘: 3分鐘]
  [2018-07-02 ~ 2018-08-01] 組合: -3.50%  大盤: -2.02%  持股: 30  停損: 0  淨值: 15,374  [26/119 | 記憶體: 3.1GB | 預估剩餘: 3分鐘]
  [2018-08-01] 模型重訓完成 (訓練筆數: 861,856) [TIMER] train_model: 6.09s
  [2018-08-01 ~ 2018-09-03] 組合: +2.20%  大盤: -4.27%  持股: 30  停損: 0  淨值: 15,712  [27/119 | 記憶體: 2.6GB | 預估剩餘: 3分鐘]
  [2018-09-03 ~ 2018-10-01] 組合: -1.61%  大盤: -2.38%  持股: 30  停損: 0  淨值: 15,460  [28/119 | 記憶體: 2.6GB | 預估剩餘: 3分鐘]
  [2018-10-01] seasonal_filter: 月份10 topN → 15
  [2018-10-01 ~ 2018-11-01] 組合: -16.69%  大盤: -13.07%  持股: 15  停損: 0  淨值: 12,880  [29/119 | 記憶體: 2.6GB | 預估剩餘: 3分鐘]
  [2018-11-01] 模型重訓完成 (訓練筆數: 959,476) [TIMER] train_model: 6.67s
  [2018-11-01] 大盤環境不佳 (20日中位數 -11.05%)，topN → 10
  [2018-11-01] market_filter_tiers: 前期大盤 -13.07% < -10%，持股×0.25→2
  [2018-11-01 ~ 2018-12-03] 組合: +43.90%  大盤: +7.87%  持股: 2  停損: 0  淨值: 18,534  [30/119 | 記憶體: 2.5GB | 預估剩餘: 3分鐘]
  [2018-12-03 ~ 2019-01-02] 組合: -4.42%  大盤: -2.84%  持股: 30  停損: 0  淨值: 17,716  [31/119 | 記憶體: 2.5GB | 預估剩餘: 3分鐘]
  [2019-01-02 ~ 2019-02-11] 組合: +4.27%  大盤: +3.98%  持股: 30  停損: 0  淨值: 18,472  [32/119 | 記憶體: 2.5GB | 預估剩餘: 3分鐘]
  [2019-02-11] 模型重訓完成 (訓練筆數: 1,064,966) [TIMER] train_model: 7.13s
  [2019-02-11 ~ 2019-03-04] 組合: +1.76%  大盤: +4.05%  持股: 30  停損: 0  淨值: 18,797  [33/119 | 記憶體: 2.3GB | 預估剩餘: 3分鐘]
  [2019-03-04] seasonal_filter: 月份3 topN → 15
  [2019-03-04 ~ 2019-04-01] 組合: +3.14%  大盤: +1.95%  持股: 15  停損: 0  淨值: 19,386  [34/119 | 記憶體: 2.4GB | 預估剩餘: 3分鐘]
  [2019-04-01 ~ 2019-05-02] 組合: -0.34%  大盤: +0.69%  持股: 30  停損: 0  淨值: 19,320  [35/119 | 記憶體: 2.4GB | 預估剩餘: 3分鐘]
  [2019-05-02 ~ 2019-06-03] 組合: -5.60%  大盤: -4.59%  持股: 30  停損: 0  淨值: 18,238  [36/119 | 記憶體: 2.5GB | 預估剩餘: 3分鐘]
  [2019-06-03] 模型重訓完成 (訓練筆數: 1,172,675) [TIMER] train_model: 7.59s
  [2019-06-03 ~ 2019-07-01] 組合: -1.89%  大盤: +2.27%  持股: 30  停損: 0  淨值: 17,892  [37/119 | 記憶體: 2.5GB | 預估剩餘: 3分鐘]
  [2019-07-01 ~ 2019-08-01] 組合: -0.47%  大盤: -0.12%  持股: 30  停損: 0  淨值: 17,809  [38/119 | 記憶體: 2.6GB | 預估剩餘: 3分鐘]
  [2019-08-01 ~ 2019-09-02] 組合: +1.66%  大盤: -0.60%  持股: 30  停損: 0  淨值: 18,104  [39/119 | 記憶體: 2.6GB | 預估剩餘: 3分鐘]
  [2019-09-02] 模型重訓完成 (訓練筆數: 1,270,768) [TIMER] train_model: 7.85s
  [2019-09-02 ~ 2019-10-01] 組合: +8.57%  大盤: +0.02%  持股: 30  停損: 0  淨值: 19,656  [40/119 | 記憶體: 2.6GB | 預估剩餘: 3分鐘]
  [2019-10-01] seasonal_filter: 月份10 topN → 15
  [2019-10-01 ~ 2019-11-01] 組合: +3.99%  大盤: +1.11%  持股: 15  停損: 0  淨值: 20,439  [41/119 | 記憶體: 2.7GB | 預估剩餘: 3分鐘]
  [2019-11-01 ~ 2019-12-02] 組合: +3.88%  大盤: -1.02%  持股: 30  停損: 0  淨值: 21,232  [42/119 | 記憶體: 2.7GB | 預估剩餘: 3分鐘]
  [2019-12-02] 模型重訓完成 (訓練筆數: 1,366,488) [TIMER] train_model: 8.10s
  [2019-12-02 ~ 2020-01-02] 組合: -0.61%  大盤: +4.01%  持股: 30  停損: 0  淨值: 21,103  [43/119 | 記憶體: 2.6GB | 預估剩餘: 3分鐘]
  [2020-01-02 ~ 2020-02-03] 組合: -5.93%  大盤: -7.63%  持股: 30  停損: 0  淨值: 19,851  [44/119 | 記憶體: 2.6GB | 預估剩餘: 3分鐘]
  [2020-02-03] 大盤環境不佳 (20日中位數 -6.23%)，topN → 10
  [2020-02-03] market_filter_tiers: 前期大盤 -7.63% < -5%，持股×0.5→5
  [2020-02-03 ~ 2020-03-02] 組合: -6.51%  大盤: +0.25%  持股: 5  停損: 0  淨值: 18,558  [45/119 | 記憶體: 2.7GB | 預估剩餘: 3分鐘]
  [2020-03-02] 模型重訓完成 (訓練筆數: 1,457,775) [TIMER] train_model: 8.52s
  [2020-03-02] seasonal_filter: 月份3 topN → 15
  [2020-03-02 ~ 2020-04-01] 組合: -24.06%  大盤: -17.07%  持股: 15  停損: 0  淨值: 14,093  [46/119 | 記憶體: 2.7GB | 預估剩餘: 3分鐘]
  [2020-04-01] 大盤環境不佳 (20日中位數 -17.52%)，topN → 10
  [2020-04-01] market_filter_tiers: 前期大盤 -17.07% < -15%，持股×0.1→1
  [2020-04-01] min_positions: 1→2（補1檔）
  [2020-04-01 ~ 2020-05-04] 組合: +23.68%  大盤: +16.12%  持股: 2  停損: 0  淨值: 17,431  [47/119 | 記憶體: 2.8GB | 預估剩餘: 3分鐘]
  [2020-05-04 ~ 2020-06-01] 組合: +13.19%  大盤: +7.41%  持股: 30  停損: 0  淨值: 19,731  [48/119 | 記憶體: 2.8GB | 預估剩餘: 3分鐘]
  [2020-06-01] 模型重訓完成 (訓練筆數: 1,557,045) [TIMER] train_model: 9.43s
  [2020-06-01 ~ 2020-07-01] 組合: +12.77%  大盤: +6.49%  持股: 30  停損: 0  淨值: 22,250  [49/119 | 記憶體: 2.5GB | 預估剩餘: 3分鐘]
  [2020-07-01 ~ 2020-08-03] 組合: +3.53%  大盤: +0.57%  持股: 30  停損: 0  淨值: 23,035  [50/119 | 記憶體: 2.6GB | 預估剩餘: 3分鐘]
  [2020-08-03 ~ 2020-09-01] 組合: +5.38%  大盤: +2.72%  持股: 30  停損: 0  淨值: 24,275  [51/119 | 記憶體: 2.7GB | 預估剩餘: 3分鐘]
  [2020-09-01] 模型重訓完成 (訓練筆數: 1,665,554) [TIMER] train_model: 9.87s
  [2020-09-01 ~ 2020-10-05] 組合: +22.48%  大盤: +0.12%  持股: 30  停損: 0  淨值: 29,733  [52/119 | 記憶體: 2.1GB | 預估剩餘: 3分鐘]
  [2020-10-05] seasonal_filter: 月份10 topN → 15
  [2020-10-05 ~ 2020-11-02] 組合: -6.58%  大盤: -0.73%  持股: 15  停損: 0  淨值: 27,776  [53/119 | 記憶體: 2.1GB | 預估剩餘: 3分鐘]
  [2020-11-02 ~ 2020-12-01] 組合: +7.42%  大盤: +8.55%  持股: 30  停損: 0  淨值: 29,836  [54/119 | 記憶體: 2.2GB | 預估剩餘: 3分鐘]
  [2020-12-01] 模型重訓完成 (訓練筆數: 1,770,486) [TIMER] train_model: 10.43s
  [2020-12-01 ~ 2021-01-04] 組合: +10.76%  大盤: +3.90%  持股: 30  停損: 0  淨值: 33,045  [55/119 | 記憶體: 2.7GB | 預估剩餘: 3分鐘]
  [2021-01-04 ~ 2021-02-01] 組合: -12.77%  大盤: -5.43%  持股: 30  停損: 0  淨值: 28,827  [56/119 | 記憶體: 2.8GB | 預估剩餘: 3分鐘]
  [2021-02-01] 大盤環境不佳 (20日中位數 -5.72%)，topN → 10
  [2021-02-01] market_filter_tiers: 前期大盤 -5.43% < -5%，持股×0.5→5
  [2021-02-01 ~ 2021-03-02] 組合: +23.95%  大盤: +8.47%  持股: 5  停損: 0  淨值: 35,730  [57/119 | 記憶體: 2.9GB | 預估剩餘: 3分鐘]
  [2021-03-02] 模型重訓完成 (訓練筆數: 1,876,848) [TIMER] train_model: 10.94s
  [2021-03-02] seasonal_filter: 月份3 topN → 15
  [2021-03-02 ~ 2021-04-01] 組合: +7.84%  大盤: +8.78%  持股: 15  停損: 0  淨值: 38,533  [58/119 | 記憶體: 2.5GB | 預估剩餘: 3分鐘]
  [2021-04-01 ~ 2021-05-03] 組合: +5.00%  大盤: +3.85%  持股: 30  停損: 0  淨值: 40,459  [59/119 | 記憶體: 2.6GB | 預估剩餘: 3分鐘]
  [2021-05-03 ~ 2021-06-01] 組合: -6.39%  大盤: -4.99%  持股: 30  停損: 0  淨值: 37,874  [60/119 | 記憶體: 2.6GB | 預估剩餘: 3分鐘]
  [2021-06-01] 模型重訓完成 (訓練筆數: 1,977,198) [TIMER] train_model: 12.34s
  [2021-06-01 ~ 2021-07-01] 組合: +20.03%  大盤: +3.59%  持股: 30  停損: 0  淨值: 45,458  [61/119 | 記憶體: 3.1GB | 預估剩餘: 3分鐘]
  [2021-07-01 ~ 2021-08-02] 組合: +0.41%  大盤: +1.80%  持股: 30  停損: 0  淨值: 45,646  [62/119 | 記憶體: 3.1GB | 預估剩餘: 3分鐘]
  [2021-08-02 ~ 2021-09-01] 組合: -6.90%  大盤: -3.88%  持股: 30  停損: 0  淨值: 42,494  [63/119 | 記憶體: 3.1GB | 預估剩餘: 3分鐘]
  [2021-09-01] 模型重訓完成 (訓練筆數: 2,092,503) [TIMER] train_model: 12.62s
  [2021-09-01] 大盤環境不佳 (20日中位數 -4.07%)，topN → 10
  [2021-09-01 ~ 2021-10-01] 組合: +4.10%  大盤: -4.68%  持股: 10  停損: 0  淨值: 44,235  [64/119 | 記憶體: 3.4GB | 預估剩餘: 3分鐘]
  [2021-10-01] seasonal_filter: 月份10 topN → 15
  [2021-10-01 ~ 2021-11-01] 組合: +4.77%  大盤: +4.70%  持股: 15  停損: 0  淨值: 46,345  [65/119 | 記憶體: 3.5GB | 預估剩餘: 3分鐘]
  [2021-11-01 ~ 2021-12-01] 組合: +8.68%  大盤: +2.99%  持股: 30  停損: 0  淨值: 50,367  [66/119 | 記憶體: 3.5GB | 預估剩餘: 3分鐘]
  [2021-12-01] 模型重訓完成 (訓練筆數: 2,200,107) [TIMER] train_model: 13.71s
  [2021-12-01 ~ 2022-01-03] 組合: +14.48%  大盤: +4.37%  持股: 30  停損: 0  淨值: 57,660  [67/119 | 記憶體: 2.5GB | 預估剩餘: 3分鐘]
  [2022-01-03 ~ 2022-02-07] 組合: -2.05%  大盤: -4.50%  持股: 30  停損: 0  淨值: 56,476  [68/119 | 記憶體: 2.6GB | 預估剩餘: 3分鐘]
  [2022-02-07 ~ 2022-03-01] 組合: -2.39%  大盤: +1.21%  持股: 30  停損: 0  淨值: 55,129  [69/119 | 記憶體: 2.7GB | 預估剩餘: 3分鐘]
  [2022-03-01] 模型重訓完成 (訓練筆數: 2,299,518) [TIMER] train_model: 13.75s
  [2022-03-01] seasonal_filter: 月份3 topN → 15
  [2022-03-01 ~ 2022-04-01] 組合: -3.36%  大盤: -0.42%  持股: 15  停損: 0  淨值: 53,275  [70/119 | 記憶體: 2.9GB | 預估剩餘: 3分鐘]
  [2022-04-01 ~ 2022-05-03] 組合: -6.06%  大盤: -5.32%  持股: 30  停損: 0  淨值: 50,046  [71/119 | 記憶體: 3.0GB | 預估剩餘: 3分鐘]
  [2022-05-03] 大盤環境不佳 (20日中位數 -4.62%)，topN → 10
  [2022-05-03] market_filter_tiers: 前期大盤 -5.32% < -5%，持股×0.5→5
  [2022-05-03 ~ 2022-06-01] 組合: +17.68%  大盤: +0.92%  持股: 5  停損: 0  淨值: 58,896  [72/119 | 記憶體: 3.2GB | 預估剩餘: 2分鐘]
  [2022-06-01] 模型重訓完成 (訓練筆數: 2,410,441) [TIMER] train_model: 14.19s
  [2022-06-01 ~ 2022-07-01] 組合: -6.88%  大盤: -10.73%  持股: 30  停損: 0  淨值: 54,845  [73/119 | 記憶體: 2.9GB | 預估剩餘: 3分鐘]
  [2022-07-01] 大盤環境不佳 (20日中位數 -8.42%)，topN → 10
  [2022-07-01] market_filter_tiers: 前期大盤 -10.73% < -10%，持股×0.25→2
  [2022-07-01 ~ 2022-08-01] 組合: +13.40%  大盤: +4.24%  持股: 2  停損: 0  淨值: 62,193  [74/119 | 記憶體: 3.0GB | 預估剩餘: 2分鐘]
  [2022-08-01 ~ 2022-09-01] 組合: +24.99%  大盤: +4.12%  持股: 30  停損: 0  淨值: 77,735  [75/119 | 記憶體: 3.1GB | 預估剩餘: 2分鐘]
  [2022-09-01] 模型重訓完成 (訓練筆數: 2,524,570) [TIMER] train_model: 15.15s
  [2022-09-01 ~ 2022-10-03] 組合: -4.96%  大盤: -8.84%  持股: 30  停損: 0  淨值: 73,880  [76/119 | 記憶體: 2.6GB | 預估剩餘: 2分鐘]
  [2022-10-03] 大盤環境不佳 (20日中位數 -8.12%)，topN → 10
  [2022-10-03] seasonal_filter: 月份10 topN → 5
  [2022-10-03] market_filter_tiers: 前期大盤 -8.84% < -5%，持股×0.5→2
  [2022-10-03 ~ 2022-11-01] 組合: -0.45%  大盤: -3.75%  持股: 2  停損: 0  淨值: 73,550  [77/119 | 記憶體: 2.7GB | 預估剩餘: 2分鐘]
  [2022-11-01 ~ 2022-12-01] 組合: +10.75%  大盤: +9.64%  持股: 30  停損: 0  淨值: 81,458  [78/119 | 記憶體: 2.8GB | 預估剩餘: 2分鐘]
  [2022-12-01] 模型重訓完成 (訓練筆數: 2,636,739) [TIMER] train_model: 15.38s
  [2022-12-01 ~ 2023-01-03] 組合: +5.34%  大盤: -1.81%  持股: 30  停損: 0  淨值: 85,812  [79/119 | 記憶體: 3.0GB | 預估剩餘: 2分鐘]
  [2023-01-03 ~ 2023-02-01] 組合: +0.92%  大盤: +3.96%  持股: 30  停損: 0  淨值: 86,604  [80/119 | 記憶體: 3.1GB | 預估剩餘: 2分鐘]
  [2023-02-01 ~ 2023-03-01] 組合: +6.77%  大盤: +6.88%  持股: 30  停損: 0  淨值: 92,471  [81/119 | 記憶體: 3.2GB | 預估剩餘: 2分鐘]
  [2023-03-01] 模型重訓完成 (訓練筆數: 2,734,609) [TIMER] train_model: 15.84s
  [2023-03-01] seasonal_filter: 月份3 topN → 15
  [2023-03-01 ~ 2023-04-06] 組合: +12.45%  大盤: +2.64%  持股: 15  停損: 0  淨值: 103,983  [82/119 | 記憶體: 2.6GB | 預估剩餘: 2分鐘]
  [2023-04-06 ~ 2023-05-02] 組合: +8.42%  大盤: +1.67%  持股: 30  停損: 0  淨值: 112,739  [83/119 | 記憶體: 2.8GB | 預估剩餘: 2分鐘]
  [2023-05-02 ~ 2023-06-01] 組合: +5.42%  大盤: +2.14%  持股: 30  停損: 0  淨值: 118,853  [84/119 | 記憶體: 2.9GB | 預估剩餘: 2分鐘]
  [2023-06-01] 模型重訓完成 (訓練筆數: 2,847,870) [TIMER] train_model: 16.42s
  [2023-06-01 ~ 2023-07-03] 組合: +11.35%  大盤: +2.99%  持股: 30  停損: 0  淨值: 132,342  [85/119 | 記憶體: 2.4GB | 預估剩餘: 2分鐘]
  [2023-07-03 ~ 2023-08-01] 組合: -1.17%  大盤: -1.84%  持股: 30  停損: 0  淨值: 130,796  [86/119 | 記憶體: 2.6GB | 預估剩餘: 2分鐘]
  [2023-08-01 ~ 2023-09-01] 組合: +12.09%  大盤: -3.23%  持股: 30  停損: 0  淨值: 146,604  [87/119 | 記憶體: 2.8GB | 預估剩餘: 2分鐘]
  [2023-09-01] 模型重訓完成 (訓練筆數: 2,968,093) [TIMER] train_model: 17.30s
  [2023-09-01 ~ 2023-10-02] 組合: +7.96%  大盤: +0.17%  持股: 30  停損: 0  淨值: 158,271  [88/119 | 記憶體: 2.0GB | 預估剩餘: 2分鐘]
  [2023-10-02] seasonal_filter: 月份10 topN → 15
  [2023-10-02 ~ 2023-11-01] 組合: +0.27%  大盤: -3.40%  持股: 15  停損: 0  淨值: 158,707  [89/119 | 記憶體: 2.2GB | 預估剩餘: 2分鐘]
  [2023-11-01 ~ 2023-12-01] 組合: +5.81%  大盤: +8.35%  持股: 30  停損: 0  淨值: 167,933  [90/119 | 記憶體: 2.4GB | 預估剩餘: 2分鐘]
  [2023-12-01] 模型重訓完成 (訓練筆數: 3,083,309) [TIMER] train_model: 18.42s
  [2023-12-01 ~ 2024-01-02] 組合: -1.38%  大盤: +0.73%  持股: 30  停損: 0  淨值: 165,614  [91/119 | 記憶體: 2.4GB | 預估剩餘: 2分鐘]
  [2024-01-02 ~ 2024-02-01] 組合: +6.16%  大盤: +0.07%  持股: 30  停損: 0  淨值: 175,813  [92/119 | 記憶體: 2.5GB | 預估剩餘: 2分鐘]
  [2024-02-01 ~ 2024-03-01] 組合: +5.39%  大盤: +4.60%  持股: 30  停損: 0  淨值: 185,284  [93/119 | 記憶體: 2.7GB | 預估剩餘: 2分鐘]
  [2024-03-01] 模型重訓完成 (訓練筆數: 3,198,247) [TIMER] train_model: 18.76s
  [2024-03-01] seasonal_filter: 月份3 topN → 15
  [2024-03-01 ~ 2024-04-01] 組合: -1.05%  大盤: +0.54%  持股: 15  停損: 0  淨值: 183,333  [94/119 | 記憶體: 3.3GB | 預估剩餘: 2分鐘]
  [2024-04-01 ~ 2024-05-02] 組合: +7.67%  大盤: +1.38%  持股: 30  停損: 0  淨值: 197,402  [95/119 | 記憶體: 3.5GB | 預估剩餘: 1分鐘]
  [2024-05-02 ~ 2024-06-03] 組合: +6.32%  大盤: +4.00%  持股: 30  停損: 0  淨值: 209,869  [96/119 | 記憶體: 3.7GB | 預估剩餘: 1分鐘]
  [2024-06-03] 模型重訓完成 (訓練筆數: 3,316,439) [TIMER] train_model: 18.99s
  [2024-06-03 ~ 2024-07-01] 組合: +15.60%  大盤: +2.49%  持股: 30  停損: 0  淨值: 242,617  [97/119 | 記憶體: 2.1GB | 預估剩餘: 1分鐘]
  [2024-07-01 ~ 2024-08-01] 組合: +6.02%  大盤: -1.03%  持股: 30  停損: 0  淨值: 257,235  [98/119 | 記憶體: 2.3GB | 預估剩餘: 1分鐘]
  [2024-08-01 ~ 2024-09-02] 組合: -0.68%  大盤: -1.82%  持股: 30  停損: 0  淨值: 255,477  [99/119 | 記憶體: 2.5GB | 預估剩餘: 1分鐘]
  [2024-09-02] 模型重訓完成 (訓練筆數: 3,442,185) [TIMER] train_model: 20.02s
  [2024-09-02 ~ 2024-10-01] 組合: -2.43%  大盤: -0.69%  持股: 30  停損: 0  淨值: 249,265  [100/119 | 記憶體: 2.0GB | 預估剩餘: 1分鐘]
  [2024-10-01] seasonal_filter: 月份10 topN → 15
  [2024-10-01 ~ 2024-11-01] 組合: +3.44%  大盤: -1.89%  持股: 15  停損: 0  淨值: 257,839  [101/119 | 記憶體: 2.3GB | 預估剩餘: 1分鐘]
  [2024-11-01 ~ 2024-12-02] 組合: -0.34%  大盤: -2.65%  持股: 30  停損: 0  淨值: 256,952  [102/119 | 記憶體: 2.5GB | 預估剩餘: 1分鐘]
  [2024-12-02] 模型重訓完成 (訓練筆數: 3,562,459) [TIMER] train_model: 20.59s
  [2024-12-02 ~ 2025-01-02] 組合: +0.27%  大盤: -1.74%  持股: 30  停損: 0  淨值: 257,657  [103/119 | 記憶體: 2.2GB | 預估剩餘: 1分鐘]
  [2025-01-02 ~ 2025-02-03] 組合: +1.04%  大盤: -2.16%  持股: 30  停損: 0  淨值: 260,346  [104/119 | 記憶體: 2.4GB | 預估剩餘: 1分鐘]
  [2025-02-03 ~ 2025-03-03] 組合: +6.69%  大盤: +4.40%  持股: 30  停損: 0  淨值: 277,759  [105/119 | 記憶體: 2.6GB | 預估剩餘: 1分鐘]
  [2025-03-03] 模型重訓完成 (訓練筆數: 3,675,358) [TIMER] train_model: 21.70s
  [2025-03-03] seasonal_filter: 月份3 topN → 15
  [2025-03-03 ~ 2025-04-01] 組合: -9.13%  大盤: -6.75%  持股: 15  停損: 0  淨值: 252,408  [106/119 | 記憶體: 2.2GB | 預估剩餘: 1分鐘]
  [2025-04-01] 大盤環境不佳 (20日中位數 -6.97%)，topN → 10
  [2025-04-01] market_filter_tiers: 前期大盤 -6.75% < -5%，持股×0.5→5
  [2025-04-01 ~ 2025-05-02] 組合: -12.91%  大盤: -6.07%  持股: 5  停損: 0  淨值: 219,815  [107/119 | 記憶體: 2.3GB | 預估剩餘: 1分鐘]
  [2025-05-02] 大盤環境不佳 (20日中位數 -6.11%)，topN → 10
  [2025-05-02] market_filter_tiers: 前期大盤 -6.07% < -5%，持股×0.5→5
  [2025-05-02 ~ 2025-06-02] 組合: -11.32%  大盤: -0.59%  持股: 5  停損: 0  淨值: 194,935  [108/119 | 記憶體: 2.4GB | 預估剩餘: 58秒]
  [2025-06-02] 模型重訓完成 (訓練筆數: 3,799,503) [TIMER] train_model: 22.93s
  [2025-06-02 ~ 2025-07-01] 組合: -4.51%  大盤: +1.07%  持股: 30  停損: 0  淨值: 186,138  [109/119 | 記憶體: 2.4GB | 預估剩餘: 55秒]
  [2025-07-01 ~ 2025-08-01] 組合: +4.43%  大盤: +0.53%  持股: 30  停損: 0  淨值: 194,389  [110/119 | 記憶體: 2.4GB | 預估剩餘: 49秒]
  [2025-08-01 ~ 2025-09-01] 組合: +12.42%  大盤: +4.22%  持股: 30  停損: 0  淨值: 218,525  [111/119 | 記憶體: 2.5GB | 預估剩餘: 43秒]
  [2025-09-01] 模型重訓完成 (訓練筆數: 3,927,275) [TIMER] train_model: 23.15s
  [2025-09-01 ~ 2025-10-01] 組合: -4.66%  大盤: +0.23%  持股: 30  停損: 0  淨值: 208,344  [112/119 | 記憶體: 2.4GB | 預估剩餘: 39秒]
  [2025-10-01] seasonal_filter: 月份10 topN → 15
  [2025-10-01 ~ 2025-11-03] 組合: +4.63%  大盤: -1.26%  持股: 15  停損: 0  淨值: 217,981  [113/119 | 記憶體: 2.5GB | 預估剩餘: 33秒]
  [2025-11-03 ~ 2025-12-01] 組合: -4.68%  大盤: -2.11%  持股: 30  停損: 0  淨值: 207,771  [114/119 | 記憶體: 2.6GB | 預估剩餘: 27秒]
  [2025-12-01] 模型重訓完成 (訓練筆數: 4,051,767) [TIMER] train_model: 23.16s
  [2025-12-01 ~ 2026-01-02] 組合: +10.10%  大盤: +3.37%  持股: 30  停損: 0  淨值: 228,764  [115/119 | 記憶體: 2.2GB | 預估剩餘: 23秒]
  [2026-01-02 ~ 2026-02-02] 組合: -0.34%  大盤: +0.62%  持股: 30  停損: 0  淨值: 227,977  [116/119 | 記憶體: 2.3GB | 預估剩餘: 17秒]
  [2026-02-02 ~ 2026-03-02] 組合: +11.33%  大盤: +4.25%  持股: 30  停損: 0  淨值: 253,816  [117/119 | 記憶體: 2.4GB | 預估剩餘: 11秒]
  [2026-03-02] 模型重訓完成 (訓練筆數: 4,169,660) [TIMER] train_model: 23.20s
  [2026-03-02] seasonal_filter: 月份3 topN → 15
  [2026-03-02 ~ 2026-04-01] 組合: -0.31%  大盤: -2.00%  持股: 15  停損: 0  淨值: 253,025  [118/119 | 記憶體: 2.2GB | 預估剩餘: 5秒]
  [2026-04-01 ~ 2026-04-21] 組合: +11.86%  大盤: +11.45%  持股: 30  停損: 0  淨值: 283,036  [119/119 | 記憶體: 2.3GB | 預估剩餘: 0秒]

────────────────────────────────────────────────────────────
[TIMER] 效能瓶頸報告
────────────────────────────────────────────────────────────
  步驟                              次數       總秒      平均秒
  ------------------------------------------------------
  load_prices                      1     1.00    0.996
  load_features                    1     5.02    5.024
  load_labels                      1     0.00    0.000
  train_model                     39   484.51   12.423
  predict                        119     0.62    0.005
  breakthrough_map                 0     0.00    0.000
  simulate_period                119    32.99    0.277
  apply_stoploss                 119     0.72    0.006
  其他（overhead）                     —   174.76
  總 loop 時間                        —   698.90
────────────────────────────────────────────────────────────


============================================================
回測結果摘要
============================================================
  回測期間: 2016-06-13 ~ 2026-04-21
  再平衡次數: 119  總交易次數: 3028

  指標                               組合           大盤
  ----------------------------------------------
  累積報酬                    2730.36%      75.68%
  年化報酬                      40.39%       5.89%
  超額報酬                    2654.68%
  最大回撤                     -33.62%
  Sharpe Ratio (rf=1.5%)        1.21
  Calmar Ratio                1.20
  勝率                        46.70%
  盈虧比                         1.85
  停損觸發次數                         0

  月度報酬:
    2016-06  +  3.45%  (大盤  +1.92%)  ↑ ██████
    2016-07  +  4.29%  (大盤  +2.41%)  ↑ ████████
    2016-08  +  1.42%  (大盤  -0.55%)  ↑ ██
    2016-09  +  1.14%  (大盤  +0.69%)  ↑ ██
    2016-10   -5.44%  (大盤  -2.61%)  ↓ ██████████
    2016-11   -0.59%  (大盤  -0.69%)  ↓ █
    2016-12   -1.76%  (大盤  +1.34%)  ↓ ███
    2017-01  + 13.69%  (大盤  +2.15%)  ↑ ███████████████████████████
    2017-02  +  8.15%  (大盤  +4.83%)  ↑ ████████████████
    2017-03  +  4.28%  (大盤  +2.20%)  ↑ ████████
    2017-04   -3.88%  (大盤  -1.81%)  ↓ ███████
    2017-05  +  0.50%  (大盤  +0.47%)  ↑ █
    2017-06   -0.12%  (大盤  +0.30%)  ↓ █
    2017-07  +  2.56%  (大盤  -0.25%)  ↑ █████
    2017-08  +  1.44%  (大盤  +1.36%)  ↑ ██
    2017-09  +  2.84%  (大盤  +0.40%)  ↑ █████
    2017-10   -1.77%  (大盤  +1.03%)  ↓ ███
    2017-11  +  3.48%  (大盤  -0.59%)  ↑ ██████
    2017-12  +  2.61%  (大盤  +1.06%)  ↑ █████
    2018-01  +  3.97%  (大盤  +1.11%)  ↑ ███████
    2018-02   -4.75%  (大盤  -1.64%)  ↓ █████████
    2018-03  +  5.72%  (大盤  +2.99%)  ↑ ███████████
    2018-04   -0.96%  (大盤  -3.37%)  ↓ █
    2018-05  +  2.44%  (大盤  +2.93%)  ↑ ████
    2018-06  +  6.31%  (大盤  -0.39%)  ↑ ████████████
    2018-07   -3.50%  (大盤  -2.02%)  ↓ ██████
    2018-08  +  2.20%  (大盤  -4.27%)  ↑ ████
    2018-09   -1.61%  (大盤  -2.38%)  ↓ ███
    2018-10  -16.69%  (大盤 -13.07%)  ↓ █████████████████████████████████
    2018-11  + 43.90%  (大盤  +7.87%)  ↑ ███████████████████████████████████████████████████████████████████████████████████████
    2018-12   -4.42%  (大盤  -2.84%)  ↓ ████████
    2019-01  +  4.27%  (大盤  +3.98%)  ↑ ████████
    2019-02  +  1.76%  (大盤  +4.05%)  ↑ ███
    2019-03  +  3.14%  (大盤  +1.95%)  ↑ ██████
    2019-04   -0.34%  (大盤  +0.69%)  ↓ █
    2019-05   -5.60%  (大盤  -4.59%)  ↓ ███████████
    2019-06   -1.89%  (大盤  +2.27%)  ↓ ███
    2019-07   -0.47%  (大盤  -0.12%)  ↓ █
    2019-08  +  1.66%  (大盤  -0.60%)  ↑ ███
    2019-09  +  8.57%  (大盤  +0.02%)  ↑ █████████████████
    2019-10  +  3.99%  (大盤  +1.11%)  ↑ ███████
    2019-11  +  3.88%  (大盤  -1.02%)  ↑ ███████
    2019-12   -0.61%  (大盤  +4.01%)  ↓ █
    2020-01   -5.93%  (大盤  -7.63%)  ↓ ███████████
    2020-02   -6.51%  (大盤  +0.25%)  ↓ █████████████
    2020-03  -24.06%  (大盤 -17.07%)  ↓ ████████████████████████████████████████████████
    2020-04  + 23.68%  (大盤 +16.12%)  ↑ ███████████████████████████████████████████████
    2020-05  + 13.19%  (大盤  +7.41%)  ↑ ██████████████████████████
    2020-06  + 12.77%  (大盤  +6.49%)  ↑ █████████████████████████
    2020-07  +  3.53%  (大盤  +0.57%)  ↑ ███████
    2020-08  +  5.38%  (大盤  +2.72%)  ↑ ██████████
    2020-09  + 22.48%  (大盤  +0.12%)  ↑ ████████████████████████████████████████████
    2020-10   -6.58%  (大盤  -0.73%)  ↓ █████████████
    2020-11  +  7.42%  (大盤  +8.55%)  ↑ ██████████████
    2020-12  + 10.76%  (大盤  +3.90%)  ↑ █████████████████████
    2021-01  -12.77%  (大盤  -5.43%)  ↓ █████████████████████████
    2021-02  + 23.95%  (大盤  +8.47%)  ↑ ███████████████████████████████████████████████
    2021-03  +  7.84%  (大盤  +8.78%)  ↑ ███████████████
    2021-04  +  5.00%  (大盤  +3.85%)  ↑ █████████
    2021-05   -6.39%  (大盤  -4.99%)  ↓ ████████████
    2021-06  + 20.03%  (大盤  +3.59%)  ↑ ████████████████████████████████████████
    2021-07  +  0.41%  (大盤  +1.80%)  ↑ █
    2021-08   -6.90%  (大盤  -3.88%)  ↓ █████████████
    2021-09  +  4.10%  (大盤  -4.68%)  ↑ ████████
    2021-10  +  4.77%  (大盤  +4.70%)  ↑ █████████
    2021-11  +  8.68%  (大盤  +2.99%)  ↑ █████████████████
    2021-12  + 14.48%  (大盤  +4.37%)  ↑ ████████████████████████████
    2022-01   -2.05%  (大盤  -4.50%)  ↓ ████
    2022-02   -2.39%  (大盤  +1.21%)  ↓ ████
    2022-03   -3.36%  (大盤  -0.42%)  ↓ ██████
    2022-04   -6.06%  (大盤  -5.32%)  ↓ ████████████
    2022-05  + 17.68%  (大盤  +0.92%)  ↑ ███████████████████████████████████
    2022-06   -6.88%  (大盤 -10.73%)  ↓ █████████████
    2022-07  + 13.40%  (大盤  +4.24%)  ↑ ██████████████████████████
    2022-08  + 24.99%  (大盤  +4.12%)  ↑ █████████████████████████████████████████████████
    2022-09   -4.96%  (大盤  -8.84%)  ↓ █████████
    2022-10   -0.45%  (大盤  -3.75%)  ↓ █
    2022-11  + 10.75%  (大盤  +9.64%)  ↑ █████████████████████
    2022-12  +  5.34%  (大盤  -1.81%)  ↑ ██████████
    2023-01  +  0.92%  (大盤  +3.96%)  ↑ █
    2023-02  +  6.77%  (大盤  +6.88%)  ↑ █████████████
    2023-03  + 12.45%  (大盤  +2.64%)  ↑ ████████████████████████
    2023-04  +  8.42%  (大盤  +1.67%)  ↑ ████████████████
    2023-05  +  5.42%  (大盤  +2.14%)  ↑ ██████████
    2023-06  + 11.35%  (大盤  +2.99%)  ↑ ██████████████████████
    2023-07   -1.17%  (大盤  -1.84%)  ↓ ██
    2023-08  + 12.09%  (大盤  -3.23%)  ↑ ████████████████████████
    2023-09  +  7.96%  (大盤  +0.17%)  ↑ ███████████████
    2023-10  +  0.27%  (大盤  -3.40%)  ↑ █
    2023-11  +  5.81%  (大盤  +8.35%)  ↑ ███████████
    2023-12   -1.38%  (大盤  +0.73%)  ↓ ██
    2024-01  +  6.16%  (大盤  +0.07%)  ↑ ████████████
    2024-02  +  5.39%  (大盤  +4.60%)  ↑ ██████████
    2024-03   -1.05%  (大盤  +0.54%)  ↓ ██
    2024-04  +  7.67%  (大盤  +1.38%)  ↑ ███████████████
    2024-05  +  6.32%  (大盤  +4.00%)  ↑ ████████████
    2024-06  + 15.60%  (大盤  +2.49%)  ↑ ███████████████████████████████
    2024-07  +  6.02%  (大盤  -1.03%)  ↑ ████████████
    2024-08   -0.68%  (大盤  -1.82%)  ↓ █
    2024-09   -2.43%  (大盤  -0.69%)  ↓ ████
    2024-10  +  3.44%  (大盤  -1.89%)  ↑ ██████
    2024-11   -0.34%  (大盤  -2.65%)  ↓ █
    2024-12  +  0.27%  (大盤  -1.74%)  ↑ █
    2025-01  +  1.04%  (大盤  -2.16%)  ↑ ██
    2025-02  +  6.69%  (大盤  +4.40%)  ↑ █████████████
    2025-03   -9.13%  (大盤  -6.75%)  ↓ ██████████████████
    2025-04  -12.91%  (大盤  -6.07%)  ↓ █████████████████████████
    2025-05  -11.32%  (大盤  -0.59%)  ↓ ██████████████████████
    2025-06   -4.51%  (大盤  +1.07%)  ↓ █████████
    2025-07  +  4.43%  (大盤  +0.53%)  ↑ ████████
    2025-08  + 12.42%  (大盤  +4.22%)  ↑ ████████████████████████
    2025-09   -4.66%  (大盤  +0.23%)  ↓ █████████
    2025-10  +  4.63%  (大盤  -1.26%)  ↑ █████████
    2025-11   -4.68%  (大盤  -2.11%)  ↓ █████████
    2025-12  + 10.10%  (大盤  +3.37%)  ↑ ████████████████████
    2026-01   -0.34%  (大盤  +0.62%)  ↓ █
    2026-02  + 11.33%  (大盤  +4.25%)  ↑ ██████████████████████
    2026-03   -0.31%  (大盤  -2.00%)  ↓ █
    2026-04  + 11.86%  (大盤 +11.45%)  ↑ ███████████████████████
============================================================

[quantstats] 績效報告已輸出: /Users/james.chou/JamesProject/stock_bot/artifacts/backtest_report.html  (periods_per_year=12)

結果已儲存: artifacts/stage10_d2/d2_sector3_10y.json
