
============================================================
Walk-Forward Backtest
============================================================
  資料範圍: 2016-03-15 ~ 2026-04-21
  回測期間: 2021-05-17 ~ 2026-04-21
  模型重訓: 每 3 個月
  選股數量: 30  倉位: equal
  停損策略: fixed 0%
  交易成本: 0.584%（來回）  進場延遲: 0 交易日
  無風險利率: 1.5%  Benchmark含成本: True

[TIMER] load_prices start | mem=0.3GB | t=0.6s
[TIMER] load_prices done 0.9s | mem=1.3GB | t=1.5s
[TIMER] load_all_features start (non-rolling, DuckDB) | mem=1.3GB | t=1.5s
[TIMER] load_all_features done 5.6s | mem=4.0GB | t=7.0s
  EMERGING 過濾：排除 367 支興櫃股
  再平衡次數: 60 (頻率: M)
  [2021-05-17] 模型重訓完成 (訓練筆數: 1,958,810) [TIMER] train_model: 11.37s
  [2021-05-17] 大盤環境不佳 (20日中位數 -15.98%)，topN → 10
  [recent_dd_skip] 排除 672 檔 (ret_20 < -20.00%)
  [2021-05-17 ~ 2021-06-01] 組合: +22.61%  大盤: +12.99%  持股: 10  停損: 0  淨值: 12,261  [1/60 | 記憶體: 3.7GB | 預估剩餘: 15分鐘]
  [recent_dd_skip] 排除 12 檔 (ret_20 < -20.00%)
  [2021-06-01 ~ 2021-07-01] 組合: +28.46%  大盤: +3.59%  持股: 30  停損: 0  淨值: 15,750  [2/60 | 記憶體: 3.8GB | 預估剩餘: 7分鐘]
  [2021-07-01 ~ 2021-08-02] 組合: +3.75%  大盤: +1.80%  持股: 30  停損: 0  淨值: 16,341  [3/60 | 記憶體: 3.9GB | 預估剩餘: 5分鐘]
  [recent_dd_skip] 排除 29 檔 (ret_20 < -20.00%)
  [2021-08-02 ~ 2021-09-01] 組合: -6.79%  大盤: -3.88%  持股: 30  停損: 0  淨值: 15,231  [4/60 | 記憶體: 3.9GB | 預估剩餘: 4分鐘]
  [2021-09-01] 模型重訓完成 (訓練筆數: 2,092,503) [TIMER] train_model: 12.29s
  [2021-09-01] 大盤環境不佳 (20日中位數 -4.07%)，topN → 10
  [recent_dd_skip] 排除 42 檔 (ret_20 < -20.00%)
  [2021-09-01 ~ 2021-10-01] 組合: +3.04%  大盤: -4.68%  持股: 10  停損: 0  淨值: 15,693  [5/60 | 記憶體: 3.9GB | 預估剩餘: 6分鐘]
  [2021-10-01] seasonal_filter: 月份10 topN → 15
  [recent_dd_skip] 排除 87 檔 (ret_20 < -20.00%)
  [2021-10-01 ~ 2021-11-01] 組合: +4.77%  大盤: +4.70%  持股: 15  停損: 0  淨值: 16,442  [6/60 | 記憶體: 3.9GB | 預估剩餘: 5分鐘]
  [2021-11-01 ~ 2021-12-01] 組合: +9.06%  大盤: +2.99%  持股: 30  停損: 0  淨值: 17,932  [7/60 | 記憶體: 3.9GB | 預估剩餘: 4分鐘]
  [2021-12-01] 模型重訓完成 (訓練筆數: 2,200,107) [TIMER] train_model: 14.27s
  [recent_dd_skip] 排除 9 檔 (ret_20 < -20.00%)
  [2021-12-01 ~ 2022-01-03] 組合: +11.58%  大盤: +4.37%  持股: 30  停損: 0  淨值: 20,010  [8/60 | 記憶體: 2.7GB | 預估剩餘: 5分鐘]
  [2022-01-03 ~ 2022-02-07] 組合: -1.32%  大盤: -4.50%  持股: 30  停損: 0  淨值: 19,746  [9/60 | 記憶體: 2.8GB | 預估剩餘: 5分鐘]
  [recent_dd_skip] 排除 58 檔 (ret_20 < -20.00%)
  [2022-02-07 ~ 2022-03-01] 組合: -1.34%  大盤: +1.21%  持股: 30  停損: 0  淨值: 19,481  [10/60 | 記憶體: 2.9GB | 預估剩餘: 4分鐘]
  [2022-03-01] 模型重訓完成 (訓練筆數: 2,299,518) [TIMER] train_model: 14.94s
  [2022-03-01] seasonal_filter: 月份3 topN → 15
  [recent_dd_skip] 排除 12 檔 (ret_20 < -20.00%)
  [2022-03-01 ~ 2022-04-01] 組合: -4.23%  大盤: -0.42%  持股: 15  停損: 0  淨值: 18,657  [11/60 | 記憶體: 2.8GB | 預估剩餘: 5分鐘]
  [recent_dd_skip] 排除 9 檔 (ret_20 < -20.00%)
  [2022-04-01 ~ 2022-05-03] 組合: -6.38%  大盤: -5.32%  持股: 30  停損: 0  淨值: 17,466  [12/60 | 記憶體: 2.9GB | 預估剩餘: 5分鐘]
  [2022-05-03] 大盤環境不佳 (20日中位數 -4.62%)，topN → 10
  [recent_dd_skip] 排除 90 檔 (ret_20 < -20.00%)
  [2022-05-03] market_filter_tiers: 前期大盤 -5.32% < -5%，持股×0.5→5
  [2022-05-03 ~ 2022-06-01] 組合: +18.31%  大盤: +0.92%  持股: 5  停損: 0  淨值: 20,665  [13/60 | 記憶體: 3.1GB | 預估剩餘: 4分鐘]
  [2022-06-01] 模型重訓完成 (訓練筆數: 2,410,441) [TIMER] train_model: 15.74s
  [recent_dd_skip] 排除 13 檔 (ret_20 < -20.00%)
  [2022-06-01 ~ 2022-07-01] 組合: -6.39%  大盤: -10.73%  持股: 30  停損: 0  淨值: 19,345  [14/60 | 記憶體: 3.0GB | 預估剩餘: 5分鐘]
  [2022-07-01] 大盤環境不佳 (20日中位數 -8.42%)，topN → 10
  [recent_dd_skip] 排除 336 檔 (ret_20 < -20.00%)
  [2022-07-01] market_filter_tiers: 前期大盤 -10.73% < -10%，持股×0.25→2
  [2022-07-01 ~ 2022-08-01] 組合: +0.14%  大盤: +4.24%  持股: 2  停損: 0  淨值: 19,372  [15/60 | 記憶體: 3.2GB | 預估剩餘: 4分鐘]
  [recent_dd_skip] 排除 7 檔 (ret_20 < -20.00%)
  [2022-08-01 ~ 2022-09-01] 組合: +25.60%  大盤: +4.12%  持股: 30  停損: 0  淨值: 24,331  [16/60 | 記憶體: 3.3GB | 預估剩餘: 4分鐘]
  [2022-09-01] 模型重訓完成 (訓練筆數: 2,524,570) [TIMER] train_model: 17.08s
  [recent_dd_skip] 排除 6 檔 (ret_20 < -20.00%)
  [2022-09-01 ~ 2022-10-03] 組合: -7.84%  大盤: -8.84%  持股: 30  停損: 0  淨值: 22,423  [17/60 | 記憶體: 3.1GB | 預估剩餘: 5分鐘]
  [2022-10-03] 大盤環境不佳 (20日中位數 -8.12%)，topN → 10
  [2022-10-03] seasonal_filter: 月份10 topN → 5
  [recent_dd_skip] 排除 172 檔 (ret_20 < -20.00%)
  [2022-10-03] market_filter_tiers: 前期大盤 -8.84% < -5%，持股×0.5→2
  [2022-10-03 ~ 2022-11-01] 組合: -0.45%  大盤: -3.75%  持股: 2  停損: 0  淨值: 22,323  [18/60 | 記憶體: 3.2GB | 預估剩餘: 4分鐘]
  [recent_dd_skip] 排除 52 檔 (ret_20 < -20.00%)
  [2022-11-01 ~ 2022-12-01] 組合: +10.18%  大盤: +9.64%  持股: 30  停損: 0  淨值: 24,597  [19/60 | 記憶體: 3.4GB | 預估剩餘: 4分鐘]
  [2022-12-01] 模型重訓完成 (訓練筆數: 2,636,739) [TIMER] train_model: 17.54s
  [2022-12-01 ~ 2023-01-03] 組合: +3.00%  大盤: -1.81%  持股: 30  停損: 0  淨值: 25,335  [20/60 | 記憶體: 1.9GB | 預估剩餘: 4分鐘]
  [recent_dd_skip] 排除 20 檔 (ret_20 < -20.00%)
  [2023-01-03 ~ 2023-02-01] 組合: +0.99%  大盤: +3.96%  持股: 30  停損: 0  淨值: 25,586  [21/60 | 記憶體: 2.1GB | 預估剩餘: 4分鐘]
  [2023-02-01 ~ 2023-03-01] 組合: +6.99%  大盤: +6.88%  持股: 30  停損: 0  淨值: 27,376  [22/60 | 記憶體: 2.3GB | 預估剩餘: 4分鐘]
  [2023-03-01] 模型重訓完成 (訓練筆數: 2,734,609) [TIMER] train_model: 17.51s
  [2023-03-01] seasonal_filter: 月份3 topN → 15
  [2023-03-01 ~ 2023-04-06] 組合: +12.45%  大盤: +2.64%  持股: 15  停損: 0  淨值: 30,784  [23/60 | 記憶體: 3.1GB | 預估剩餘: 4分鐘]
  [recent_dd_skip] 排除 10 檔 (ret_20 < -20.00%)
  [2023-04-06 ~ 2023-05-02] 組合: +8.34%  大盤: +1.67%  持股: 30  停損: 0  淨值: 33,352  [24/60 | 記憶體: 3.2GB | 預估剩餘: 4分鐘]
  [recent_dd_skip] 排除 7 檔 (ret_20 < -20.00%)
  [2023-05-02 ~ 2023-06-01] 組合: +6.51%  大盤: +2.14%  持股: 30  停損: 0  淨值: 35,522  [25/60 | 記憶體: 3.4GB | 預估剩餘: 3分鐘]
  [2023-06-01] 模型重訓完成 (訓練筆數: 2,847,870) [TIMER] train_model: 18.52s
  [recent_dd_skip] 排除 12 檔 (ret_20 < -20.00%)
  [2023-06-01 ~ 2023-07-03] 組合: +13.76%  大盤: +2.99%  持股: 30  停損: 0  淨值: 40,410  [26/60 | 記憶體: 2.0GB | 預估剩餘: 4分鐘]
  [2023-07-03 ~ 2023-08-01] 組合: -1.24%  大盤: -1.84%  持股: 30  停損: 0  淨值: 39,910  [27/60 | 記憶體: 2.2GB | 預估剩餘: 3分鐘]
  [recent_dd_skip] 排除 32 檔 (ret_20 < -20.00%)
  [2023-08-01 ~ 2023-09-01] 組合: +9.93%  大盤: -3.23%  持股: 30  停損: 0  淨值: 43,874  [28/60 | 記憶體: 2.4GB | 預估剩餘: 3分鐘]
  [2023-09-01] 模型重訓完成 (訓練筆數: 2,968,093) [TIMER] train_model: 19.13s
  [recent_dd_skip] 排除 21 檔 (ret_20 < -20.00%)
  [2023-09-01 ~ 2023-10-02] 組合: +7.56%  大盤: +0.17%  持股: 30  停損: 0  淨值: 47,191  [29/60 | 記憶體: 3.1GB | 預估剩餘: 3分鐘]
  [2023-10-02] seasonal_filter: 月份10 topN → 15
  [recent_dd_skip] 排除 13 檔 (ret_20 < -20.00%)
  [2023-10-02 ~ 2023-11-01] 組合: -1.18%  大盤: -3.40%  持股: 15  停損: 0  淨值: 46,632  [30/60 | 記憶體: 3.3GB | 預估剩餘: 3分鐘]
  [recent_dd_skip] 排除 40 檔 (ret_20 < -20.00%)
  [2023-11-01 ~ 2023-12-01] 組合: +5.49%  大盤: +8.35%  持股: 30  停損: 0  淨值: 49,194  [31/60 | 記憶體: 3.4GB | 預估剩餘: 3分鐘]
  [2023-12-01] 模型重訓完成 (訓練筆數: 3,083,309) [TIMER] train_model: 21.41s
  [2023-12-01 ~ 2024-01-02] 組合: -2.73%  大盤: +0.73%  持股: 30  停損: 0  淨值: 47,853  [32/60 | 記憶體: 2.8GB | 預估剩餘: 3分鐘]
  [2024-01-02 ~ 2024-02-01] 組合: +6.91%  大盤: +0.07%  持股: 30  停損: 0  淨值: 51,159  [33/60 | 記憶體: 2.9GB | 預估剩餘: 3分鐘]
  [recent_dd_skip] 排除 8 檔 (ret_20 < -20.00%)
  [2024-02-01 ~ 2024-03-01] 組合: +11.49%  大盤: +4.60%  持股: 30  停損: 0  淨值: 57,038  [34/60 | 記憶體: 3.0GB | 預估剩餘: 3分鐘]
  [2024-03-01] 模型重訓完成 (訓練筆數: 3,198,247) [TIMER] train_model: 22.24s
  [2024-03-01] seasonal_filter: 月份3 topN → 15
  [2024-03-01 ~ 2024-04-01] 組合: -2.13%  大盤: +0.54%  持股: 15  停損: 0  淨值: 55,825  [35/60 | 記憶體: 3.1GB | 預估剩餘: 3分鐘]
  [recent_dd_skip] 排除 23 檔 (ret_20 < -20.00%)
  [2024-04-01 ~ 2024-05-02] 組合: +6.90%  大盤: +1.38%  持股: 30  停損: 0  淨值: 59,677  [36/60 | 記憶體: 3.3GB | 預估剩餘: 3分鐘]
  [recent_dd_skip] 排除 13 檔 (ret_20 < -20.00%)
  [2024-05-02 ~ 2024-06-03] 組合: +4.94%  大盤: +4.00%  持股: 30  停損: 0  淨值: 62,626  [37/60 | 記憶體: 3.4GB | 預估剩餘: 2分鐘]
  [2024-06-03] 模型重訓完成 (訓練筆數: 3,316,439) [TIMER] train_model: 21.06s
  [recent_dd_skip] 排除 11 檔 (ret_20 < -20.00%)
  [2024-06-03 ~ 2024-07-01] 組合: +9.92%  大盤: +2.49%  持股: 30  停損: 0  淨值: 68,837  [38/60 | 記憶體: 2.1GB | 預估剩餘: 2分鐘]
  [recent_dd_skip] 排除 7 檔 (ret_20 < -20.00%)
  [2024-07-01 ~ 2024-08-01] 組合: +6.63%  大盤: -1.03%  持股: 30  停損: 0  淨值: 73,399  [39/60 | 記憶體: 2.3GB | 預估剩餘: 2分鐘]
  [recent_dd_skip] 排除 24 檔 (ret_20 < -20.00%)
  [2024-08-01 ~ 2024-09-02] 組合: -2.02%  大盤: -1.82%  持股: 30  停損: 0  淨值: 71,919  [40/60 | 記憶體: 2.5GB | 預估剩餘: 2分鐘]
  [2024-09-02] 模型重訓完成 (訓練筆數: 3,442,185) [TIMER] train_model: 21.40s
  [2024-09-02 ~ 2024-10-01] 組合: -0.95%  大盤: -0.69%  持股: 30  停損: 0  淨值: 71,236  [41/60 | 記憶體: 3.7GB | 預估剩餘: 2分鐘]
  [2024-10-01] seasonal_filter: 月份10 topN → 15
  [recent_dd_skip] 排除 30 檔 (ret_20 < -20.00%)
  [2024-10-01 ~ 2024-11-01] 組合: +3.44%  大盤: -1.89%  持股: 15  停損: 0  淨值: 73,686  [42/60 | 記憶體: 3.9GB | 預估剩餘: 2分鐘]
  [recent_dd_skip] 排除 18 檔 (ret_20 < -20.00%)
  [2024-11-01 ~ 2024-12-02] 組合: +2.14%  大盤: -2.65%  持股: 30  停損: 0  淨值: 75,261  [43/60 | 記憶體: 4.0GB | 預估剩餘: 2分鐘]
  [2024-12-02] 模型重訓完成 (訓練筆數: 3,562,459) [TIMER] train_model: 21.45s
  [recent_dd_skip] 排除 26 檔 (ret_20 < -20.00%)
  [2024-12-02 ~ 2025-01-02] 組合: -1.17%  大盤: -1.74%  持股: 30  停損: 0  淨值: 74,382  [44/60 | 記憶體: 2.1GB | 預估剩餘: 2分鐘]
  [recent_dd_skip] 排除 39 檔 (ret_20 < -20.00%)
  [2025-01-02 ~ 2025-02-03] 組合: -0.29%  大盤: -2.16%  持股: 30  停損: 0  淨值: 74,166  [45/60 | 記憶體: 2.3GB | 預估剩餘: 2分鐘]
  [recent_dd_skip] 排除 40 檔 (ret_20 < -20.00%)
  [2025-02-03 ~ 2025-03-03] 組合: +7.18%  大盤: +4.40%  持股: 30  停損: 0  淨值: 79,490  [46/60 | 記憶體: 2.6GB | 預估剩餘: 1分鐘]
  [2025-03-03] 模型重訓完成 (訓練筆數: 3,675,358) [TIMER] train_model: 23.63s
  [2025-03-03] seasonal_filter: 月份3 topN → 15
  [recent_dd_skip] 排除 10 檔 (ret_20 < -20.00%)
  [2025-03-03 ~ 2025-04-01] 組合: -8.45%  大盤: -6.75%  持股: 15  停損: 0  淨值: 72,774  [47/60 | 記憶體: 2.2GB | 預估剩餘: 1分鐘]
  [2025-04-01] 大盤環境不佳 (20日中位數 -6.97%)，topN → 10
  [recent_dd_skip] 排除 96 檔 (ret_20 < -20.00%)
  [2025-04-01] market_filter_tiers: 前期大盤 -6.75% < -5%，持股×0.5→5
  [2025-04-01 ~ 2025-05-02] 組合: -3.16%  大盤: -6.07%  持股: 5  停損: 0  淨值: 70,476  [48/60 | 記憶體: 2.3GB | 預估剩餘: 1分鐘]
  [2025-05-02] 大盤環境不佳 (20日中位數 -6.11%)，topN → 10
  [recent_dd_skip] 排除 32 檔 (ret_20 < -20.00%)
  [2025-05-02] market_filter_tiers: 前期大盤 -6.07% < -5%，持股×0.5→5
  [2025-05-02 ~ 2025-06-02] 組合: -11.32%  大盤: -0.59%  持股: 5  停損: 0  淨值: 62,499  [49/60 | 記憶體: 2.4GB | 預估剩餘: 1分鐘]
  [2025-06-02] 模型重訓完成 (訓練筆數: 3,799,503) [TIMER] train_model: 23.94s
  [recent_dd_skip] 排除 20 檔 (ret_20 < -20.00%)
  [2025-06-02 ~ 2025-07-01] 組合: -5.24%  大盤: +1.07%  持股: 30  停損: 0  淨值: 59,227  [50/60 | 記憶體: 2.0GB | 預估剩餘: 1分鐘]
  [recent_dd_skip] 排除 9 檔 (ret_20 < -20.00%)
  [2025-07-01 ~ 2025-08-01] 組合: +5.42%  大盤: +0.53%  持股: 30  停損: 0  淨值: 62,438  [51/60 | 記憶體: 2.1GB | 預估剩餘: 1分鐘]
  [recent_dd_skip] 排除 16 檔 (ret_20 < -20.00%)
  [2025-08-01 ~ 2025-09-01] 組合: +19.13%  大盤: +4.22%  持股: 30  停損: 0  淨值: 74,380  [52/60 | 記憶體: 2.3GB | 預估剩餘: 1分鐘]
  [2025-09-01] 模型重訓完成 (訓練筆數: 3,927,275) [TIMER] train_model: 26.35s
  [recent_dd_skip] 排除 20 檔 (ret_20 < -20.00%)
  [2025-09-01 ~ 2025-10-01] 組合: -4.85%  大盤: +0.23%  持股: 30  停損: 0  淨值: 70,771  [53/60 | 記憶體: 1.9GB | 預估剩餘: 1分鐘]
  [2025-10-01] seasonal_filter: 月份10 topN → 15
  [recent_dd_skip] 排除 14 檔 (ret_20 < -20.00%)
  [2025-10-01 ~ 2025-11-03] 組合: +4.63%  大盤: -1.26%  持股: 15  停損: 0  淨值: 74,044  [54/60 | 記憶體: 2.1GB | 預估剩餘: 51秒]
  [recent_dd_skip] 排除 26 檔 (ret_20 < -20.00%)
  [2025-11-03 ~ 2025-12-01] 組合: -7.17%  大盤: -2.11%  持股: 30  停損: 0  淨值: 68,735  [55/60 | 記憶體: 2.2GB | 預估剩餘: 42秒]
  [2025-12-01] 模型重訓完成 (訓練筆數: 4,051,767) [TIMER] train_model: 25.07s
  [recent_dd_skip] 排除 38 檔 (ret_20 < -20.00%)
  [2025-12-01 ~ 2026-01-02] 組合: +11.40%  大盤: +3.37%  持股: 30  停損: 0  淨值: 76,574  [56/60 | 記憶體: 2.1GB | 預估剩餘: 35秒]
  [2026-01-02 ~ 2026-02-02] 組合: +6.74%  大盤: +0.62%  持股: 30  停損: 0  淨值: 81,733  [57/60 | 記憶體: 2.3GB | 預估剩餘: 26秒]
  [recent_dd_skip] 排除 13 檔 (ret_20 < -20.00%)
  [2026-02-02 ~ 2026-03-02] 組合: +12.61%  大盤: +4.25%  持股: 30  停損: 0  淨值: 92,039  [58/60 | 記憶體: 2.4GB | 預估剩餘: 17秒]
  [2026-03-02] 模型重訓完成 (訓練筆數: 4,169,660) [TIMER] train_model: 25.17s
  [2026-03-02] seasonal_filter: 月份3 topN → 15
  [recent_dd_skip] 排除 24 檔 (ret_20 < -20.00%)
  [2026-03-02 ~ 2026-04-01] 組合: +0.47%  大盤: -2.00%  持股: 15  停損: 0  淨值: 92,473  [59/60 | 記憶體: 2.3GB | 預估剩餘: 9秒]
  [recent_dd_skip] 排除 34 檔 (ret_20 < -20.00%)
  [2026-04-01 ~ 2026-04-21] 組合: +19.53%  大盤: +11.45%  持股: 30  停損: 0  淨值: 110,535  [60/60 | 記憶體: 2.4GB | 預估剩餘: 0秒]

────────────────────────────────────────────────────────────
[TIMER] 效能瓶頸報告
────────────────────────────────────────────────────────────
  步驟                              次數       總秒      平均秒
  ------------------------------------------------------
  load_prices                      1     0.89    0.892
  load_features                    1     5.55    5.551
  load_labels                      1     0.00    0.000
  train_model                     20   390.12   19.506
  predict                         60     0.33    0.005
  breakthrough_map                 0     0.00    0.000
  simulate_period                 60    16.81    0.280
  apply_stoploss                  60     0.37    0.006
  其他（overhead）                     —   120.14
  總 loop 時間                        —   533.85
────────────────────────────────────────────────────────────


============================================================
回測結果摘要
============================================================
  回測期間: 2021-05-17 ~ 2026-04-21
  再平衡次數: 60  總交易次數: 1494

  指標                               組合           大盤
  ----------------------------------------------
  累積報酬                    1005.35%      40.82%
  年化報酬                      62.83%       7.19%
  超額報酬                     964.53%
  最大回撤                     -25.49%
  Sharpe Ratio (rf=1.5%)        1.75
  Calmar Ratio                2.46
  勝率                        48.80%
  盈虧比                         2.24
  停損觸發次數                         0

  月度報酬:
    2021-05  + 22.61%  (大盤 +12.99%)  ↑ █████████████████████████████████████████████
    2021-06  + 28.46%  (大盤  +3.59%)  ↑ ████████████████████████████████████████████████████████
    2021-07  +  3.75%  (大盤  +1.80%)  ↑ ███████
    2021-08   -6.79%  (大盤  -3.88%)  ↓ █████████████
    2021-09  +  3.04%  (大盤  -4.68%)  ↑ ██████
    2021-10  +  4.77%  (大盤  +4.70%)  ↑ █████████
    2021-11  +  9.06%  (大盤  +2.99%)  ↑ ██████████████████
    2021-12  + 11.58%  (大盤  +4.37%)  ↑ ███████████████████████
    2022-01   -1.32%  (大盤  -4.50%)  ↓ ██
    2022-02   -1.34%  (大盤  +1.21%)  ↓ ██
    2022-03   -4.23%  (大盤  -0.42%)  ↓ ████████
    2022-04   -6.38%  (大盤  -5.32%)  ↓ ████████████
    2022-05  + 18.31%  (大盤  +0.92%)  ↑ ████████████████████████████████████
    2022-06   -6.39%  (大盤 -10.73%)  ↓ ████████████
    2022-07  +  0.14%  (大盤  +4.24%)  ↑ █
    2022-08  + 25.60%  (大盤  +4.12%)  ↑ ███████████████████████████████████████████████████
    2022-09   -7.84%  (大盤  -8.84%)  ↓ ███████████████
    2022-10   -0.45%  (大盤  -3.75%)  ↓ █
    2022-11  + 10.18%  (大盤  +9.64%)  ↑ ████████████████████
    2022-12  +  3.00%  (大盤  -1.81%)  ↑ █████
    2023-01  +  0.99%  (大盤  +3.96%)  ↑ █
    2023-02  +  6.99%  (大盤  +6.88%)  ↑ █████████████
    2023-03  + 12.45%  (大盤  +2.64%)  ↑ ████████████████████████
    2023-04  +  8.34%  (大盤  +1.67%)  ↑ ████████████████
    2023-05  +  6.51%  (大盤  +2.14%)  ↑ █████████████
    2023-06  + 13.76%  (大盤  +2.99%)  ↑ ███████████████████████████
    2023-07   -1.24%  (大盤  -1.84%)  ↓ ██
    2023-08  +  9.93%  (大盤  -3.23%)  ↑ ███████████████████
    2023-09  +  7.56%  (大盤  +0.17%)  ↑ ███████████████
    2023-10   -1.18%  (大盤  -3.40%)  ↓ ██
    2023-11  +  5.49%  (大盤  +8.35%)  ↑ ██████████
    2023-12   -2.73%  (大盤  +0.73%)  ↓ █████
    2024-01  +  6.91%  (大盤  +0.07%)  ↑ █████████████
    2024-02  + 11.49%  (大盤  +4.60%)  ↑ ██████████████████████
    2024-03   -2.13%  (大盤  +0.54%)  ↓ ████
    2024-04  +  6.90%  (大盤  +1.38%)  ↑ █████████████
    2024-05  +  4.94%  (大盤  +4.00%)  ↑ █████████
    2024-06  +  9.92%  (大盤  +2.49%)  ↑ ███████████████████
    2024-07  +  6.63%  (大盤  -1.03%)  ↑ █████████████
    2024-08   -2.02%  (大盤  -1.82%)  ↓ ████
    2024-09   -0.95%  (大盤  -0.69%)  ↓ █
    2024-10  +  3.44%  (大盤  -1.89%)  ↑ ██████
    2024-11  +  2.14%  (大盤  -2.65%)  ↑ ████
    2024-12   -1.17%  (大盤  -1.74%)  ↓ ██
    2025-01   -0.29%  (大盤  -2.16%)  ↓ █
    2025-02  +  7.18%  (大盤  +4.40%)  ↑ ██████████████
    2025-03   -8.45%  (大盤  -6.75%)  ↓ ████████████████
    2025-04   -3.16%  (大盤  -6.07%)  ↓ ██████
    2025-05  -11.32%  (大盤  -0.59%)  ↓ ██████████████████████
    2025-06   -5.24%  (大盤  +1.07%)  ↓ ██████████
    2025-07  +  5.42%  (大盤  +0.53%)  ↑ ██████████
    2025-08  + 19.13%  (大盤  +4.22%)  ↑ ██████████████████████████████████████
    2025-09   -4.85%  (大盤  +0.23%)  ↓ █████████
    2025-10  +  4.63%  (大盤  -1.26%)  ↑ █████████
    2025-11   -7.17%  (大盤  -2.11%)  ↓ ██████████████
    2025-12  + 11.40%  (大盤  +3.37%)  ↑ ██████████████████████
    2026-01  +  6.74%  (大盤  +0.62%)  ↑ █████████████
    2026-02  + 12.61%  (大盤  +4.25%)  ↑ █████████████████████████
    2026-03  +  0.47%  (大盤  -2.00%)  ↑ █
    2026-04  + 19.53%  (大盤 +11.45%)  ↑ ███████████████████████████████████████
============================================================

[quantstats] 績效報告已輸出: /Users/james.chou/JamesProject/stock_bot/artifacts/backtest_report.html  (periods_per_year=12)

結果已儲存: artifacts/stage10_d1/d1_20pct.json
