
============================================================
Walk-Forward Backtest
============================================================
  資料範圍: 2016-03-15 ~ 2026-04-21
  回測期間: 2016-06-12 ~ 2026-04-21
  模型重訓: 每 3 個月
  選股數量: 30  倉位: equal
  停損策略: fixed 0%
  交易成本: 0.584%（來回）  進場延遲: 0 交易日
  無風險利率: 1.5%  Benchmark含成本: True

[TIMER] load_prices start | mem=0.3GB | t=0.6s
[TIMER] load_prices done 0.9s | mem=1.3GB | t=1.5s
[TIMER] load_all_features start (non-rolling, DuckDB) | mem=1.3GB | t=1.5s
[TIMER] load_all_features done 4.6s | mem=3.9GB | t=6.1s
  EMERGING 過濾：排除 367 支興櫃股
  再平衡次數: 119 (頻率: M)
  [2016-06-13] 模型重訓完成 (訓練筆數: 68,355) [TIMER] train_model: 2.76s
  [2016-06-13 ~ 2016-07-01] 組合: +4.68%  大盤: +1.92%  持股: 30  停損: 0  淨值: 10,468  [1/119 | 記憶體: 3.2GB | 預估剩餘: 8分鐘]
/Users/james.chou/.pyenv/versions/3.10.16/lib/python3.10/site-packages/scipy/optimize/_slsqp_py.py:434: RuntimeWarning: Values in x were outside bounds during a minimize step, clipping to bounds
  fx = wrapped_fun(x)
  [2016-07-01 ~ 2016-08-01] 組合: +2.24%  大盤: +2.41%  持股: 30  停損: 0  淨值: 10,703  [2/119 | 記憶體: 3.2GB | 預估剩餘: 4分鐘]
  [2016-08-01 ~ 2016-09-01] 組合: -1.67%  大盤: -0.55%  持股: 30  停損: 0  淨值: 10,524  [3/119 | 記憶體: 3.2GB | 預估剩餘: 3分鐘]
  [recent_dd_skip] 排除 7 檔 (ret_20 < -25.00%)
  [2016-09-01 ~ 2016-10-03] 組合: -0.01%  大盤: +0.69%  持股: 30  停損: 0  淨值: 10,523  [4/119 | 記憶體: 3.2GB | 預估剩餘: 2分鐘]
  [2016-10-03] 模型重訓完成 (訓練筆數: 183,064) [TIMER] train_model: 3.40s
  [2016-10-03] seasonal_filter: 月份10 topN → 15
  [recent_dd_skip] 排除 8 檔 (ret_20 < -25.00%)
  [2016-10-03 ~ 2016-11-01] 組合: +8.75%  大盤: -2.61%  持股: 15  停損: 0  淨值: 11,444  [5/119 | 記憶體: 3.4GB | 預估剩餘: 4分鐘]
  [recent_dd_skip] 排除 6 檔 (ret_20 < -25.00%)
  [2016-11-01 ~ 2016-12-01] 組合: -0.62%  大盤: -0.69%  持股: 30  停損: 0  淨值: 11,373  [6/119 | 記憶體: 3.4GB | 預估剩餘: 3分鐘]
  [2016-12-01 ~ 2017-01-03] 組合: -1.10%  大盤: +1.34%  持股: 30  停損: 0  淨值: 11,248  [7/119 | 記憶體: 3.4GB | 預估剩餘: 3分鐘]
  [2017-01-03] 模型重訓完成 (訓練筆數: 271,099) [TIMER] train_model: 3.72s
  [2017-01-03 ~ 2017-02-02] 組合: +11.46%  大盤: +2.15%  持股: 30  停損: 0  淨值: 12,538  [8/119 | 記憶體: 3.2GB | 預估剩餘: 3分鐘]
  [2017-02-02 ~ 2017-03-01] 組合: +8.94%  大盤: +4.83%  持股: 30  停損: 0  淨值: 13,659  [9/119 | 記憶體: 3.2GB | 預估剩餘: 3分鐘]
  [2017-03-01] seasonal_filter: 月份3 topN → 15
  [2017-03-01 ~ 2017-04-05] 組合: +3.89%  大盤: +2.20%  持股: 15  停損: 0  淨值: 14,190  [10/119 | 記憶體: 2.9GB | 預估剩餘: 3分鐘]
  [2017-04-05] 模型重訓完成 (訓練筆數: 357,304) [TIMER] train_model: 15.01s
  [2017-04-05 ~ 2017-05-02] 組合: -1.11%  大盤: -1.81%  持股: 30  停損: 0  淨值: 14,033  [11/119 | 記憶體: 2.4GB | 預估剩餘: 5分鐘]
  [recent_dd_skip] 排除 10 檔 (ret_20 < -25.00%)
  [2017-05-02 ~ 2017-06-01] 組合: +1.30%  大盤: +0.47%  持股: 30  停損: 0  淨值: 14,215  [12/119 | 記憶體: 2.4GB | 預估剩餘: 5分鐘]
  [2017-06-01 ~ 2017-07-03] 組合: -0.40%  大盤: +0.30%  持股: 30  停損: 0  淨值: 14,159  [13/119 | 記憶體: 2.4GB | 預估剩餘: 4分鐘]
  [recent_dd_skip] 排除 6 檔 (ret_20 < -25.00%)
  [2017-07-03 ~ 2017-08-01] 組合: +3.13%  大盤: -0.25%  持股: 30  停損: 0  淨值: 14,602  [14/119 | 記憶體: 2.5GB | 預估剩餘: 4分鐘]
  [2017-08-01] 模型重訓完成 (訓練筆數: 479,639) [TIMER] train_model: 4.64s
  [recent_dd_skip] 排除 6 檔 (ret_20 < -25.00%)
  [2017-08-01 ~ 2017-09-01] 組合: +2.05%  大盤: +1.36%  持股: 30  停損: 0  淨值: 14,902  [15/119 | 記憶體: 3.0GB | 預估剩餘: 4分鐘]
  [2017-09-01 ~ 2017-10-02] 組合: +6.01%  大盤: +0.40%  持股: 30  停損: 0  淨值: 15,797  [16/119 | 記憶體: 3.0GB | 預估剩餘: 4分鐘]
  [2017-10-02] seasonal_filter: 月份10 topN → 15
  [2017-10-02 ~ 2017-11-01] 組合: -6.63%  大盤: +1.03%  持股: 15  停損: 0  淨值: 14,750  [17/119 | 記憶體: 3.0GB | 預估剩餘: 4分鐘]
  [2017-11-01] 模型重訓完成 (訓練筆數: 577,813) [TIMER] train_model: 5.46s
  [2017-11-01 ~ 2017-12-01] 組合: +2.87%  大盤: -0.59%  持股: 30  停損: 0  淨值: 15,173  [18/119 | 記憶體: 3.8GB | 預估剩餘: 4分鐘]
  [2017-12-01 ~ 2018-01-02] 組合: +1.75%  大盤: +1.06%  持股: 30  停損: 0  淨值: 15,438  [19/119 | 記憶體: 3.8GB | 預估剩餘: 4分鐘]
  [recent_dd_skip] 排除 6 檔 (ret_20 < -25.00%)
  [2018-01-02 ~ 2018-02-01] 組合: +4.26%  大盤: +1.11%  持股: 30  停損: 0  淨值: 16,096  [20/119 | 記憶體: 3.8GB | 預估剩餘: 4分鐘]
  [2018-02-01] 模型重訓完成 (訓練筆數: 677,567) [TIMER] train_model: 5.45s
  [2018-02-01 ~ 2018-03-01] 組合: -3.75%  大盤: -1.64%  持股: 30  停損: 0  淨值: 15,493  [21/119 | 記憶體: 2.6GB | 預估剩餘: 4分鐘]
/Users/james.chou/.pyenv/versions/3.10.16/lib/python3.10/site-packages/scipy/optimize/_slsqp_py.py:434: RuntimeWarning: Values in x were outside bounds during a minimize step, clipping to bounds
  fx = wrapped_fun(x)
  [2018-03-01] seasonal_filter: 月份3 topN → 15
  [2018-03-01 ~ 2018-04-02] 組合: +5.72%  大盤: +2.99%  持股: 15  停損: 0  淨值: 16,379  [22/119 | 記憶體: 2.6GB | 預估剩餘: 4分鐘]
  [2018-04-02 ~ 2018-05-02] 組合: +1.34%  大盤: -3.37%  持股: 30  停損: 0  淨值: 16,598  [23/119 | 記憶體: 2.6GB | 預估剩餘: 4分鐘]
  [2018-05-02] 模型重訓完成 (訓練筆數: 763,111) [TIMER] train_model: 5.79s
  [recent_dd_skip] 排除 18 檔 (ret_20 < -25.00%)
  [2018-05-02 ~ 2018-06-01] 組合: +4.31%  大盤: +2.93%  持股: 30  停損: 0  淨值: 17,313  [24/119 | 記憶體: 2.3GB | 預估剩餘: 4分鐘]
  [recent_dd_skip] 排除 8 檔 (ret_20 < -25.00%)
  [2018-06-01 ~ 2018-07-02] 組合: +3.83%  大盤: -0.39%  持股: 30  停損: 0  淨值: 17,976  [25/119 | 記憶體: 2.3GB | 預估剩餘: 4分鐘]
  [recent_dd_skip] 排除 8 檔 (ret_20 < -25.00%)
  [2018-07-02 ~ 2018-08-01] 組合: -2.15%  大盤: -2.02%  持股: 30  停損: 0  淨值: 17,590  [26/119 | 記憶體: 2.3GB | 預估剩餘: 4分鐘]
  [2018-08-01] 模型重訓完成 (訓練筆數: 861,856) [TIMER] train_model: 6.24s
  [recent_dd_skip] 排除 7 檔 (ret_20 < -25.00%)
  [2018-08-01 ~ 2018-09-03] 組合: +5.81%  大盤: -4.27%  持股: 30  停損: 0  淨值: 18,612  [27/119 | 記憶體: 2.3GB | 預估剩餘: 4分鐘]
  [recent_dd_skip] 排除 20 檔 (ret_20 < -25.00%)
  [2018-09-03 ~ 2018-10-01] 組合: -2.35%  大盤: -2.38%  持股: 30  停損: 0  淨值: 18,174  [28/119 | 記憶體: 2.4GB | 預估剩餘: 4分鐘]
  [2018-10-01] seasonal_filter: 月份10 topN → 15
  [recent_dd_skip] 排除 16 檔 (ret_20 < -25.00%)
  [2018-10-01 ~ 2018-11-01] 組合: -16.68%  大盤: -13.07%  持股: 15  停損: 0  淨值: 15,143  [29/119 | 記憶體: 2.4GB | 預估剩餘: 4分鐘]
  [2018-11-01] 模型重訓完成 (訓練筆數: 959,476) [TIMER] train_model: 7.34s
/Users/james.chou/.pyenv/versions/3.10.16/lib/python3.10/site-packages/scipy/optimize/_slsqp_py.py:434: RuntimeWarning: Values in x were outside bounds during a minimize step, clipping to bounds
  fx = wrapped_fun(x)
  [2018-11-01] 大盤環境不佳 (20日中位數 -11.05%)，topN → 10
  [recent_dd_skip] 排除 102 檔 (ret_20 < -25.00%)
  [2018-11-01] market_filter_tiers: 前期大盤 -13.07% < -10%，持股×0.25→2
  [2018-11-01 ~ 2018-12-03] 組合: +4.31%  大盤: +7.87%  持股: 2  停損: 0  淨值: 15,797  [30/119 | 記憶體: 2.0GB | 預估剩餘: 4分鐘]
  [2018-12-03 ~ 2019-01-02] 組合: -4.45%  大盤: -2.84%  持股: 30  停損: 0  淨值: 15,094  [31/119 | 記憶體: 2.0GB | 預估剩餘: 4分鐘]
  [2019-01-02 ~ 2019-02-11] 組合: +5.17%  大盤: +3.98%  持股: 30  停損: 0  淨值: 15,874  [32/119 | 記憶體: 2.0GB | 預估剩餘: 4分鐘]
  [2019-02-11] 模型重訓完成 (訓練筆數: 1,064,966) [TIMER] train_model: 6.92s
  [2019-02-11 ~ 2019-03-04] 組合: +3.29%  大盤: +4.05%  持股: 30  停損: 0  淨值: 16,397  [33/119 | 記憶體: 2.5GB | 預估剩餘: 4分鐘]
/Users/james.chou/.pyenv/versions/3.10.16/lib/python3.10/site-packages/scipy/optimize/_slsqp_py.py:434: RuntimeWarning: Values in x were outside bounds during a minimize step, clipping to bounds
  fx = wrapped_fun(x)
  [2019-03-04] seasonal_filter: 月份3 topN → 15
  [2019-03-04 ~ 2019-04-01] 組合: +3.14%  大盤: +1.95%  持股: 15  停損: 0  淨值: 16,911  [34/119 | 記憶體: 2.5GB | 預估剩餘: 4分鐘]
  [2019-04-01 ~ 2019-05-02] 組合: +1.46%  大盤: +0.69%  持股: 30  停損: 0  淨值: 17,158  [35/119 | 記憶體: 2.6GB | 預估剩餘: 4分鐘]
  [2019-05-02 ~ 2019-06-03] 組合: -8.28%  大盤: -4.59%  持股: 30  停損: 0  淨值: 15,737  [36/119 | 記憶體: 2.6GB | 預估剩餘: 3分鐘]
  [2019-06-03] 模型重訓完成 (訓練筆數: 1,172,675) [TIMER] train_model: 8.22s
  [recent_dd_skip] 排除 12 檔 (ret_20 < -25.00%)
  [2019-06-03 ~ 2019-07-01] 組合: -2.56%  大盤: +2.27%  持股: 30  停損: 0  淨值: 15,333  [37/119 | 記憶體: 2.3GB | 預估剩餘: 4分鐘]
  [2019-07-01 ~ 2019-08-01] 組合: -0.70%  大盤: -0.12%  持股: 30  停損: 0  淨值: 15,226  [38/119 | 記憶體: 2.3GB | 預估剩餘: 4分鐘]
  [2019-08-01 ~ 2019-09-02] 組合: +1.00%  大盤: -0.60%  持股: 30  停損: 0  淨值: 15,378  [39/119 | 記憶體: 2.4GB | 預估剩餘: 3分鐘]
  [2019-09-02] 模型重訓完成 (訓練筆數: 1,270,768) [TIMER] train_model: 8.86s
  [2019-09-02 ~ 2019-10-01] 組合: +8.18%  大盤: +0.02%  持股: 30  停損: 0  淨值: 16,635  [40/119 | 記憶體: 2.6GB | 預估剩餘: 4分鐘]
  [2019-10-01] seasonal_filter: 月份10 topN → 15
  [2019-10-01 ~ 2019-11-01] 組合: -1.97%  大盤: +1.11%  持股: 15  停損: 0  淨值: 16,308  [41/119 | 記憶體: 2.6GB | 預估剩餘: 4分鐘]
  [2019-11-01 ~ 2019-12-02] 組合: +4.54%  大盤: -1.02%  持股: 30  停損: 0  淨值: 17,048  [42/119 | 記憶體: 2.7GB | 預估剩餘: 3分鐘]
  [2019-12-02] 模型重訓完成 (訓練筆數: 1,366,488) [TIMER] train_model: 8.15s
  [recent_dd_skip] 排除 6 檔 (ret_20 < -25.00%)
  [2019-12-02 ~ 2020-01-02] 組合: +5.97%  大盤: +4.01%  持股: 30  停損: 0  淨值: 18,066  [43/119 | 記憶體: 2.8GB | 預估剩餘: 4分鐘]
  [2020-01-02 ~ 2020-02-03] 組合: -3.11%  大盤: -7.63%  持股: 30  停損: 0  淨值: 17,504  [44/119 | 記憶體: 2.8GB | 預估剩餘: 3分鐘]
  [2020-02-03] 大盤環境不佳 (20日中位數 -6.23%)，topN → 10
  [recent_dd_skip] 排除 33 檔 (ret_20 < -25.00%)
  [2020-02-03] market_filter_tiers: 前期大盤 -7.63% < -5%，持股×0.5→5
  [2020-02-03 ~ 2020-03-02] 組合: -8.71%  大盤: +0.25%  持股: 5  停損: 0  淨值: 15,979  [45/119 | 記憶體: 2.9GB | 預估剩餘: 3分鐘]
  [2020-03-02] 模型重訓完成 (訓練筆數: 1,457,775) [TIMER] train_model: 8.61s
  [2020-03-02] seasonal_filter: 月份3 topN → 15
  [2020-03-02 ~ 2020-04-01] 組合: -25.62%  大盤: -17.07%  持股: 15  停損: 0  淨值: 11,885  [46/119 | 記憶體: 3.0GB | 預估剩餘: 4分鐘]
  [2020-04-01] 大盤環境不佳 (20日中位數 -17.52%)，topN → 10
  [recent_dd_skip] 排除 372 檔 (ret_20 < -25.00%)
  [2020-04-01] market_filter_tiers: 前期大盤 -17.07% < -15%，持股×0.1→1
  [2020-04-01] min_positions: 1→2（補1檔）
  [2020-04-01 ~ 2020-05-04] 組合: +35.19%  大盤: +16.12%  持股: 2  停損: 0  淨值: 16,068  [47/119 | 記憶體: 3.0GB | 預估剩餘: 3分鐘]
  [2020-05-04 ~ 2020-06-01] 組合: +18.07%  大盤: +7.41%  持股: 30  停損: 0  淨值: 18,971  [48/119 | 記憶體: 3.1GB | 預估剩餘: 3分鐘]
  [2020-06-01] 模型重訓完成 (訓練筆數: 1,557,045) [TIMER] train_model: 9.86s
  [2020-06-01 ~ 2020-07-01] 組合: +16.18%  大盤: +6.49%  持股: 30  停損: 0  淨值: 22,042  [49/119 | 記憶體: 3.0GB | 預估剩餘: 3分鐘]
  [2020-07-01 ~ 2020-08-03] 組合: +10.26%  大盤: +0.57%  持股: 30  停損: 0  淨值: 24,303  [50/119 | 記憶體: 3.1GB | 預估剩餘: 3分鐘]
  [recent_dd_skip] 排除 18 檔 (ret_20 < -25.00%)
  [2020-08-03 ~ 2020-09-01] 組合: +1.85%  大盤: +2.72%  持股: 30  停損: 0  淨值: 24,753  [51/119 | 記憶體: 3.2GB | 預估剩餘: 3分鐘]
  [2020-09-01] 模型重訓完成 (訓練筆數: 1,665,554) [TIMER] train_model: 9.92s
  [recent_dd_skip] 排除 11 檔 (ret_20 < -25.00%)
  [2020-09-01 ~ 2020-10-05] 組合: +20.57%  大盤: +0.12%  持股: 30  停損: 0  淨值: 29,845  [52/119 | 記憶體: 2.4GB | 預估剩餘: 3分鐘]
  [2020-10-05] seasonal_filter: 月份10 topN → 15
  [2020-10-05 ~ 2020-11-02] 組合: -6.58%  大盤: -0.73%  持股: 15  停損: 0  淨值: 27,880  [53/119 | 記憶體: 2.4GB | 預估剩餘: 3分鐘]
  [recent_dd_skip] 排除 14 檔 (ret_20 < -25.00%)
  [2020-11-02 ~ 2020-12-01] 組合: +9.08%  大盤: +8.55%  持股: 30  停損: 0  淨值: 30,413  [54/119 | 記憶體: 2.5GB | 預估剩餘: 3分鐘]
  [2020-12-01] 模型重訓完成 (訓練筆數: 1,770,486) [TIMER] train_model: 10.19s
  [recent_dd_skip] 排除 8 檔 (ret_20 < -25.00%)
  [2020-12-01 ~ 2021-01-04] 組合: +10.16%  大盤: +3.90%  持股: 30  停損: 0  淨值: 33,504  [55/119 | 記憶體: 2.9GB | 預估剩餘: 3分鐘]
  [recent_dd_skip] 排除 7 檔 (ret_20 < -25.00%)
  [2021-01-04 ~ 2021-02-01] 組合: -9.71%  大盤: -5.43%  持股: 30  停損: 0  淨值: 30,252  [56/119 | 記憶體: 3.0GB | 預估剩餘: 3分鐘]
  [2021-02-01] 大盤環境不佳 (20日中位數 -5.72%)，topN → 10
  [recent_dd_skip] 排除 29 檔 (ret_20 < -25.00%)
  [2021-02-01] market_filter_tiers: 前期大盤 -5.43% < -5%，持股×0.5→5
  [2021-02-01 ~ 2021-03-02] 組合: +11.19%  大盤: +8.47%  持股: 5  停損: 0  淨值: 33,638  [57/119 | 記憶體: 3.0GB | 預估剩餘: 3分鐘]
  [2021-03-02] 模型重訓完成 (訓練筆數: 1,876,848) [TIMER] train_model: 10.79s
  [2021-03-02] seasonal_filter: 月份3 topN → 15
  [2021-03-02 ~ 2021-04-01] 組合: +7.84%  大盤: +8.78%  持股: 15  停損: 0  淨值: 36,277  [58/119 | 記憶體: 3.0GB | 預估剩餘: 3分鐘]
  [2021-04-01 ~ 2021-05-03] 組合: -2.46%  大盤: +3.85%  持股: 30  停損: 0  淨值: 35,384  [59/119 | 記憶體: 3.1GB | 預估剩餘: 3分鐘]
  [recent_dd_skip] 排除 23 檔 (ret_20 < -25.00%)
  [2021-05-03 ~ 2021-06-01] 組合: -4.30%  大盤: -4.99%  持股: 30  停損: 0  淨值: 33,862  [60/119 | 記憶體: 3.1GB | 預估剩餘: 3分鐘]
  [2021-06-01] 模型重訓完成 (訓練筆數: 1,977,198) [TIMER] train_model: 12.54s
  [2021-06-01 ~ 2021-07-01] 組合: +28.07%  大盤: +3.59%  持股: 30  停損: 0  淨值: 43,367  [61/119 | 記憶體: 3.4GB | 預估剩餘: 3分鐘]
  [2021-07-01 ~ 2021-08-02] 組合: +0.81%  大盤: +1.80%  持股: 30  停損: 0  淨值: 43,718  [62/119 | 記憶體: 3.4GB | 預估剩餘: 3分鐘]
  [recent_dd_skip] 排除 13 檔 (ret_20 < -25.00%)
  [2021-08-02 ~ 2021-09-01] 組合: -2.54%  大盤: -3.88%  持股: 30  停損: 0  淨值: 42,610  [63/119 | 記憶體: 3.4GB | 預估剩餘: 3分鐘]
  [2021-09-01] 模型重訓完成 (訓練筆數: 2,092,503) [TIMER] train_model: 12.82s
/Users/james.chou/.pyenv/versions/3.10.16/lib/python3.10/site-packages/scipy/optimize/_slsqp_py.py:434: RuntimeWarning: Values in x were outside bounds during a minimize step, clipping to bounds
  fx = wrapped_fun(x)
  [2021-09-01] 大盤環境不佳 (20日中位數 -4.07%)，topN → 10
  [recent_dd_skip] 排除 15 檔 (ret_20 < -25.00%)
  [2021-09-01 ~ 2021-10-01] 組合: +3.04%  大盤: -4.68%  持股: 10  停損: 0  淨值: 43,905  [64/119 | 記憶體: 3.2GB | 預估剩餘: 3分鐘]
/Users/james.chou/.pyenv/versions/3.10.16/lib/python3.10/site-packages/scipy/optimize/_slsqp_py.py:434: RuntimeWarning: Values in x were outside bounds during a minimize step, clipping to bounds
  fx = wrapped_fun(x)
  [2021-10-01] seasonal_filter: 月份10 topN → 15
  [recent_dd_skip] 排除 22 檔 (ret_20 < -25.00%)
  [2021-10-01 ~ 2021-11-01] 組合: +4.77%  大盤: +4.70%  持股: 15  停損: 0  淨值: 45,999  [65/119 | 記憶體: 3.2GB | 預估剩餘: 3分鐘]
  [2021-11-01 ~ 2021-12-01] 組合: +9.63%  大盤: +2.99%  持股: 30  停損: 0  淨值: 50,430  [66/119 | 記憶體: 3.2GB | 預估剩餘: 3分鐘]
  [2021-12-01] 模型重訓完成 (訓練筆數: 2,200,107) [TIMER] train_model: 13.55s
  [recent_dd_skip] 排除 8 檔 (ret_20 < -25.00%)
  [2021-12-01 ~ 2022-01-03] 組合: +11.58%  大盤: +4.37%  持股: 30  停損: 0  淨值: 56,272  [67/119 | 記憶體: 2.7GB | 預估剩餘: 3分鐘]
  [2022-01-03 ~ 2022-02-07] 組合: -1.32%  大盤: -4.50%  持股: 30  停損: 0  淨值: 55,530  [68/119 | 記憶體: 2.9GB | 預估剩餘: 3分鐘]
  [recent_dd_skip] 排除 20 檔 (ret_20 < -25.00%)
  [2022-02-07 ~ 2022-03-01] 組合: -0.70%  大盤: +1.21%  持股: 30  停損: 0  淨值: 55,143  [69/119 | 記憶體: 3.0GB | 預估剩餘: 3分鐘]
  [2022-03-01] 模型重訓完成 (訓練筆數: 2,299,518) [TIMER] train_model: 16.85s
  [2022-03-01] seasonal_filter: 月份3 topN → 15
  [recent_dd_skip] 排除 6 檔 (ret_20 < -25.00%)
  [2022-03-01 ~ 2022-04-01] 組合: -4.23%  大盤: -0.42%  持股: 15  停損: 0  淨值: 52,811  [70/119 | 記憶體: 2.5GB | 預估剩餘: 3分鐘]
  [2022-04-01 ~ 2022-05-03] 組合: -6.38%  大盤: -5.32%  持股: 30  停損: 0  淨值: 49,440  [71/119 | 記憶體: 2.7GB | 預估剩餘: 3分鐘]
  [2022-05-03] 大盤環境不佳 (20日中位數 -4.62%)，topN → 10
  [recent_dd_skip] 排除 32 檔 (ret_20 < -25.00%)
  [2022-05-03] market_filter_tiers: 前期大盤 -5.32% < -5%，持股×0.5→5
  [2022-05-03 ~ 2022-06-01] 組合: +18.20%  大盤: +0.92%  持股: 5  停損: 0  淨值: 58,440  [72/119 | 記憶體: 2.8GB | 預估剩餘: 3分鐘]
  [2022-06-01] 模型重訓完成 (訓練筆數: 2,410,441) [TIMER] train_model: 14.45s
  [recent_dd_skip] 排除 7 檔 (ret_20 < -25.00%)
  [2022-06-01 ~ 2022-07-01] 組合: -6.39%  大盤: -10.73%  持股: 30  停損: 0  淨值: 54,709  [73/119 | 記憶體: 2.8GB | 預估剩餘: 3分鐘]
/Users/james.chou/.pyenv/versions/3.10.16/lib/python3.10/site-packages/scipy/optimize/_slsqp_py.py:434: RuntimeWarning: Values in x were outside bounds during a minimize step, clipping to bounds
  fx = wrapped_fun(x)
  [2022-07-01] 大盤環境不佳 (20日中位數 -8.42%)，topN → 10
  [recent_dd_skip] 排除 201 檔 (ret_20 < -25.00%)
  [2022-07-01] market_filter_tiers: 前期大盤 -10.73% < -10%，持股×0.25→2
  [2022-07-01 ~ 2022-08-01] 組合: +1.37%  大盤: +4.24%  持股: 2  停損: 0  淨值: 55,460  [74/119 | 記憶體: 3.0GB | 預估剩餘: 3分鐘]
  [recent_dd_skip] 排除 7 檔 (ret_20 < -25.00%)
  [2022-08-01 ~ 2022-09-01] 組合: +25.60%  大盤: +4.12%  持股: 30  停損: 0  淨值: 69,658  [75/119 | 記憶體: 3.1GB | 預估剩餘: 3分鐘]
  [2022-09-01] 模型重訓完成 (訓練筆數: 2,524,570) [TIMER] train_model: 15.49s
  [2022-09-01 ~ 2022-10-03] 組合: -7.84%  大盤: -8.84%  持股: 30  停損: 0  淨值: 64,197  [76/119 | 記憶體: 2.9GB | 預估剩餘: 3分鐘]
  [2022-10-03] 大盤環境不佳 (20日中位數 -8.12%)，topN → 10
  [2022-10-03] seasonal_filter: 月份10 topN → 5
  [recent_dd_skip] 排除 56 檔 (ret_20 < -25.00%)
  [2022-10-03] market_filter_tiers: 前期大盤 -8.84% < -5%，持股×0.5→2
  [2022-10-03 ~ 2022-11-01] 組合: -0.45%  大盤: -3.75%  持股: 2  停損: 0  淨值: 63,910  [77/119 | 記憶體: 3.0GB | 預估剩餘: 3分鐘]
  [recent_dd_skip] 排除 16 檔 (ret_20 < -25.00%)
  [2022-11-01 ~ 2022-12-01] 組合: +11.16%  大盤: +9.64%  持股: 30  停損: 0  淨值: 71,042  [78/119 | 記憶體: 3.1GB | 預估剩餘: 2分鐘]
  [2022-12-01] 模型重訓完成 (訓練筆數: 2,636,739) [TIMER] train_model: 16.10s
  [2022-12-01 ~ 2023-01-03] 組合: +3.00%  大盤: -1.81%  持股: 30  停損: 0  淨值: 73,173  [79/119 | 記憶體: 3.1GB | 預估剩餘: 2分鐘]
  [2023-01-03 ~ 2023-02-01] 組合: +0.99%  大盤: +3.96%  持股: 30  停損: 0  淨值: 73,899  [80/119 | 記憶體: 3.2GB | 預估剩餘: 2分鐘]
  [2023-02-01 ~ 2023-03-01] 組合: +6.99%  大盤: +6.88%  持股: 30  停損: 0  淨值: 79,067  [81/119 | 記憶體: 3.3GB | 預估剩餘: 2分鐘]
  [2023-03-01] 模型重訓完成 (訓練筆數: 2,734,609) [TIMER] train_model: 17.10s
  [2023-03-01] seasonal_filter: 月份3 topN → 15
  [2023-03-01 ~ 2023-04-06] 組合: +12.45%  大盤: +2.64%  持股: 15  停損: 0  淨值: 88,911  [82/119 | 記憶體: 3.1GB | 預估剩餘: 2分鐘]
  [2023-04-06 ~ 2023-05-02] 組合: +8.34%  大盤: +1.67%  持股: 30  停損: 0  淨值: 96,329  [83/119 | 記憶體: 3.2GB | 預估剩餘: 2分鐘]
  [2023-05-02 ~ 2023-06-01] 組合: +6.51%  大盤: +2.14%  持股: 30  停損: 0  淨值: 102,597  [84/119 | 記憶體: 3.4GB | 預估剩餘: 2分鐘]
  [2023-06-01] 模型重訓完成 (訓練筆數: 2,847,870) [TIMER] train_model: 17.21s
  [2023-06-01 ~ 2023-07-03] 組合: +13.76%  大盤: +2.99%  持股: 30  停損: 0  淨值: 116,715  [85/119 | 記憶體: 3.2GB | 預估剩餘: 2分鐘]
  [2023-07-03 ~ 2023-08-01] 組合: -1.24%  大盤: -1.84%  持股: 30  停損: 0  淨值: 115,270  [86/119 | 記憶體: 3.4GB | 預估剩餘: 2分鐘]
  [recent_dd_skip] 排除 10 檔 (ret_20 < -25.00%)
  [2023-08-01 ~ 2023-09-01] 組合: +8.60%  大盤: -3.23%  持股: 30  停損: 0  淨值: 125,179  [87/119 | 記憶體: 3.5GB | 預估剩餘: 2分鐘]
  [2023-09-01] 模型重訓完成 (訓練筆數: 2,968,093) [TIMER] train_model: 17.80s
  [recent_dd_skip] 排除 10 檔 (ret_20 < -25.00%)
  [2023-09-01 ~ 2023-10-02] 組合: +8.45%  大盤: +0.17%  持股: 30  停損: 0  淨值: 135,761  [88/119 | 記憶體: 2.3GB | 預估剩餘: 2分鐘]
  [2023-10-02] seasonal_filter: 月份10 topN → 15
  [2023-10-02 ~ 2023-11-01] 組合: -1.18%  大盤: -3.40%  持股: 15  停損: 0  淨值: 134,153  [89/119 | 記憶體: 2.5GB | 預估剩餘: 2分鐘]
  [recent_dd_skip] 排除 15 檔 (ret_20 < -25.00%)
  [2023-11-01 ~ 2023-12-01] 組合: +5.49%  大盤: +8.35%  持股: 30  停損: 0  淨值: 141,524  [90/119 | 記憶體: 2.8GB | 預估剩餘: 2分鐘]
  [2023-12-01] 模型重訓完成 (訓練筆數: 3,083,309) [TIMER] train_model: 18.57s
  [2023-12-01 ~ 2024-01-02] 組合: -2.73%  大盤: +0.73%  持股: 30  停損: 0  淨值: 137,665  [91/119 | 記憶體: 3.0GB | 預估剩餘: 2分鐘]
  [2024-01-02 ~ 2024-02-01] 組合: +6.91%  大盤: +0.07%  持股: 30  停損: 0  淨值: 147,176  [92/119 | 記憶體: 3.2GB | 預估剩餘: 2分鐘]
  [2024-02-01 ~ 2024-03-01] 組合: +11.49%  大盤: +4.60%  持股: 30  停損: 0  淨值: 164,090  [93/119 | 記憶體: 3.3GB | 預估剩餘: 2分鐘]
  [2024-03-01] 模型重訓完成 (訓練筆數: 3,198,247) [TIMER] train_model: 19.72s
  [2024-03-01] seasonal_filter: 月份3 topN → 15
  [2024-03-01 ~ 2024-04-01] 組合: -2.13%  大盤: +0.54%  持股: 15  停損: 0  淨值: 160,601  [94/119 | 記憶體: 2.4GB | 預估剩餘: 2分鐘]
  [recent_dd_skip] 排除 8 檔 (ret_20 < -25.00%)
  [2024-04-01 ~ 2024-05-02] 組合: +7.00%  大盤: +1.38%  持股: 30  停損: 0  淨值: 171,849  [95/119 | 記憶體: 2.6GB | 預估剩餘: 2分鐘]
  [recent_dd_skip] 排除 7 檔 (ret_20 < -25.00%)
  [2024-05-02 ~ 2024-06-03] 組合: +4.94%  大盤: +4.00%  持股: 30  停損: 0  淨值: 180,342  [96/119 | 記憶體: 2.8GB | 預估剩餘: 1分鐘]
  [2024-06-03] 模型重訓完成 (訓練筆數: 3,316,439) [TIMER] train_model: 19.59s
/Users/james.chou/.pyenv/versions/3.10.16/lib/python3.10/site-packages/scipy/optimize/_slsqp_py.py:434: RuntimeWarning: Values in x were outside bounds during a minimize step, clipping to bounds
  fx = wrapped_fun(x)
  [2024-06-03 ~ 2024-07-01] 組合: +9.92%  大盤: +2.49%  持股: 30  停損: 0  淨值: 198,225  [97/119 | 記憶體: 2.0GB | 預估剩餘: 1分鐘]
  [2024-07-01 ~ 2024-08-01] 組合: +6.63%  大盤: -1.03%  持股: 30  停損: 0  淨值: 211,364  [98/119 | 記憶體: 2.3GB | 預估剩餘: 1分鐘]
  [recent_dd_skip] 排除 8 檔 (ret_20 < -25.00%)
  [2024-08-01 ~ 2024-09-02] 組合: -2.02%  大盤: -1.82%  持股: 30  停損: 0  淨值: 207,100  [99/119 | 記憶體: 2.5GB | 預估剩餘: 1分鐘]
  [2024-09-02] 模型重訓完成 (訓練筆數: 3,442,185) [TIMER] train_model: 20.31s
  [2024-09-02 ~ 2024-10-01] 組合: -0.95%  大盤: -0.69%  持股: 30  停損: 0  淨值: 205,134  [100/119 | 記憶體: 2.5GB | 預估剩餘: 1分鐘]
  [2024-10-01] seasonal_filter: 月份10 topN → 15
  [recent_dd_skip] 排除 14 檔 (ret_20 < -25.00%)
  [2024-10-01 ~ 2024-11-01] 組合: +3.44%  大盤: -1.89%  持股: 15  停損: 0  淨值: 212,190  [101/119 | 記憶體: 2.6GB | 預估剩餘: 1分鐘]
  [recent_dd_skip] 排除 9 檔 (ret_20 < -25.00%)
  [2024-11-01 ~ 2024-12-02] 組合: +2.14%  大盤: -2.65%  持股: 30  停損: 0  淨值: 216,724  [102/119 | 記憶體: 2.8GB | 預估剩餘: 1分鐘]
  [2024-12-02] 模型重訓完成 (訓練筆數: 3,562,459) [TIMER] train_model: 20.68s
  [recent_dd_skip] 排除 11 檔 (ret_20 < -25.00%)
  [2024-12-02 ~ 2025-01-02] 組合: -1.17%  大盤: -1.74%  持股: 30  停損: 0  淨值: 214,194  [103/119 | 記憶體: 2.2GB | 預估剩餘: 1分鐘]
  [recent_dd_skip] 排除 15 檔 (ret_20 < -25.00%)
  [2025-01-02 ~ 2025-02-03] 組合: -0.29%  大盤: -2.16%  持股: 30  停損: 0  淨值: 213,570  [104/119 | 記憶體: 2.4GB | 預估剩餘: 1分鐘]
  [recent_dd_skip] 排除 8 檔 (ret_20 < -25.00%)
  [2025-02-03 ~ 2025-03-03] 組合: +7.97%  大盤: +4.40%  持股: 30  停損: 0  淨值: 230,583  [105/119 | 記憶體: 2.6GB | 預估剩餘: 1分鐘]
  [2025-03-03] 模型重訓完成 (訓練筆數: 3,675,358) [TIMER] train_model: 23.39s
  [2025-03-03] seasonal_filter: 月份3 topN → 15
  [2025-03-03 ~ 2025-04-01] 組合: -8.45%  大盤: -6.75%  持股: 15  停損: 0  淨值: 211,102  [106/119 | 記憶體: 2.1GB | 預估剩餘: 1分鐘]
  [2025-04-01] 大盤環境不佳 (20日中位數 -6.97%)，topN → 10
  [recent_dd_skip] 排除 24 檔 (ret_20 < -25.00%)
  [2025-04-01] market_filter_tiers: 前期大盤 -6.75% < -5%，持股×0.5→5
  [2025-04-01 ~ 2025-05-02] 組合: -3.21%  大盤: -6.07%  持股: 5  停損: 0  淨值: 204,326  [107/119 | 記憶體: 2.2GB | 預估剩餘: 1分鐘]
  [2025-05-02] 大盤環境不佳 (20日中位數 -6.11%)，topN → 10
  [recent_dd_skip] 排除 14 檔 (ret_20 < -25.00%)
  [2025-05-02] market_filter_tiers: 前期大盤 -6.07% < -5%，持股×0.5→5
  [2025-05-02 ~ 2025-06-02] 組合: -11.32%  大盤: -0.59%  持股: 5  停損: 0  淨值: 181,199  [108/119 | 記憶體: 2.4GB | 預估剩餘: 1分鐘]
  [2025-06-02] 模型重訓完成 (訓練筆數: 3,799,503) [TIMER] train_model: 22.32s
  [recent_dd_skip] 排除 6 檔 (ret_20 < -25.00%)
  [2025-06-02 ~ 2025-07-01] 組合: -5.24%  大盤: +1.07%  持股: 30  停損: 0  淨值: 171,711  [109/119 | 記憶體: 2.0GB | 預估剩餘: 57秒]
  [2025-07-01 ~ 2025-08-01] 組合: +5.42%  大盤: +0.53%  持股: 30  停損: 0  淨值: 181,021  [110/119 | 記憶體: 2.1GB | 預估剩餘: 51秒]
  [recent_dd_skip] 排除 7 檔 (ret_20 < -25.00%)
  [2025-08-01 ~ 2025-09-01] 組合: +19.13%  大盤: +4.22%  持股: 30  停損: 0  淨值: 215,643  [111/119 | 記憶體: 2.3GB | 預估剩餘: 45秒]
  [2025-09-01] 模型重訓完成 (訓練筆數: 3,927,275) [TIMER] train_model: 23.01s
  [recent_dd_skip] 排除 10 檔 (ret_20 < -25.00%)
  [2025-09-01 ~ 2025-10-01] 組合: -4.85%  大盤: +0.23%  持股: 30  停損: 0  淨值: 205,179  [112/119 | 記憶體: 2.1GB | 預估剩餘: 41秒]
  [2025-10-01] seasonal_filter: 月份10 topN → 15
  [recent_dd_skip] 排除 6 檔 (ret_20 < -25.00%)
  [2025-10-01 ~ 2025-11-03] 組合: +4.63%  大盤: -1.26%  持股: 15  停損: 0  淨值: 214,669  [113/119 | 記憶體: 2.2GB | 預估剩餘: 35秒]
  [2025-11-03 ~ 2025-12-01] 組合: -7.17%  大盤: -2.11%  持股: 30  停損: 0  淨值: 199,278  [114/119 | 記憶體: 2.3GB | 預估剩餘: 29秒]
  [2025-12-01] 模型重訓完成 (訓練筆數: 4,051,767) [TIMER] train_model: 24.04s
  [recent_dd_skip] 排除 16 檔 (ret_20 < -25.00%)
  [2025-12-01 ~ 2026-01-02] 組合: +10.81%  大盤: +3.37%  持股: 30  停損: 0  淨值: 220,827  [115/119 | 記憶體: 2.0GB | 預估剩餘: 24秒]
  [2026-01-02 ~ 2026-02-02] 組合: +6.74%  大盤: +0.62%  持股: 30  停損: 0  淨值: 235,705  [116/119 | 記憶體: 2.1GB | 預估剩餘: 17秒]
  [2026-02-02 ~ 2026-03-02] 組合: +12.61%  大盤: +4.25%  持股: 30  停損: 0  淨值: 265,426  [117/119 | 記憶體: 2.3GB | 預估剩餘: 11秒]
  [2026-03-02] 模型重訓完成 (訓練筆數: 4,169,660) [TIMER] train_model: 24.83s
  [2026-03-02] seasonal_filter: 月份3 topN → 15
  [recent_dd_skip] 排除 6 檔 (ret_20 < -25.00%)
  [2026-03-02 ~ 2026-04-01] 組合: +0.47%  大盤: -2.00%  持股: 15  停損: 0  淨值: 266,677  [118/119 | 記憶體: 2.1GB | 預估剩餘: 6秒]
  [recent_dd_skip] 排除 18 檔 (ret_20 < -25.00%)
  [2026-04-01 ~ 2026-04-21] 組合: +19.53%  大盤: +11.45%  持股: 30  停損: 0  淨值: 318,765  [119/119 | 記憶體: 2.2GB | 預估剩餘: 0秒]

────────────────────────────────────────────────────────────
[TIMER] 效能瓶頸報告
────────────────────────────────────────────────────────────
  步驟                              次數       總秒      平均秒
  ------------------------------------------------------
  load_prices                      1     0.90    0.903
  load_features                    1     4.62    4.618
  load_labels                      1     0.00    0.000
  train_model                     39   511.71   13.121
  predict                        119     0.63    0.005
  breakthrough_map                 0     0.00    0.000
  simulate_period                119    33.26    0.279
  apply_stoploss                 119     0.76    0.006
  其他（overhead）                     —   177.59
  總 loop 時間                        —   728.70
────────────────────────────────────────────────────────────


============================================================
回測結果摘要
============================================================
  回測期間: 2016-06-13 ~ 2026-04-21
  再平衡次數: 119  總交易次數: 3028

  指標                               組合           大盤
  ----------------------------------------------
  累積報酬                    3087.65%      75.68%
  年化報酬                      42.10%       5.89%
  超額報酬                    3011.97%
  最大回撤                     -36.14%
  Sharpe Ratio (rf=1.5%)        1.30
  Calmar Ratio                1.16
  勝率                        46.99%
  盈虧比                         1.95
  停損觸發次數                         0

  月度報酬:
    2016-06  +  4.68%  (大盤  +1.92%)  ↑ █████████
    2016-07  +  2.24%  (大盤  +2.41%)  ↑ ████
    2016-08   -1.67%  (大盤  -0.55%)  ↓ ███
    2016-09   -0.01%  (大盤  +0.69%)  ↓ █
    2016-10  +  8.75%  (大盤  -2.61%)  ↑ █████████████████
    2016-11   -0.62%  (大盤  -0.69%)  ↓ █
    2016-12   -1.10%  (大盤  +1.34%)  ↓ ██
    2017-01  + 11.46%  (大盤  +2.15%)  ↑ ██████████████████████
    2017-02  +  8.94%  (大盤  +4.83%)  ↑ █████████████████
    2017-03  +  3.89%  (大盤  +2.20%)  ↑ ███████
    2017-04   -1.11%  (大盤  -1.81%)  ↓ ██
    2017-05  +  1.30%  (大盤  +0.47%)  ↑ ██
    2017-06   -0.40%  (大盤  +0.30%)  ↓ █
    2017-07  +  3.13%  (大盤  -0.25%)  ↑ ██████
    2017-08  +  2.05%  (大盤  +1.36%)  ↑ ████
    2017-09  +  6.01%  (大盤  +0.40%)  ↑ ████████████
    2017-10   -6.63%  (大盤  +1.03%)  ↓ █████████████
    2017-11  +  2.87%  (大盤  -0.59%)  ↑ █████
    2017-12  +  1.75%  (大盤  +1.06%)  ↑ ███
    2018-01  +  4.26%  (大盤  +1.11%)  ↑ ████████
    2018-02   -3.75%  (大盤  -1.64%)  ↓ ███████
    2018-03  +  5.72%  (大盤  +2.99%)  ↑ ███████████
    2018-04  +  1.34%  (大盤  -3.37%)  ↑ ██
    2018-05  +  4.31%  (大盤  +2.93%)  ↑ ████████
    2018-06  +  3.83%  (大盤  -0.39%)  ↑ ███████
    2018-07   -2.15%  (大盤  -2.02%)  ↓ ████
    2018-08  +  5.81%  (大盤  -4.27%)  ↑ ███████████
    2018-09   -2.35%  (大盤  -2.38%)  ↓ ████
    2018-10  -16.68%  (大盤 -13.07%)  ↓ █████████████████████████████████
    2018-11  +  4.31%  (大盤  +7.87%)  ↑ ████████
    2018-12   -4.45%  (大盤  -2.84%)  ↓ ████████
    2019-01  +  5.17%  (大盤  +3.98%)  ↑ ██████████
    2019-02  +  3.29%  (大盤  +4.05%)  ↑ ██████
    2019-03  +  3.14%  (大盤  +1.95%)  ↑ ██████
    2019-04  +  1.46%  (大盤  +0.69%)  ↑ ██
    2019-05   -8.28%  (大盤  -4.59%)  ↓ ████████████████
    2019-06   -2.56%  (大盤  +2.27%)  ↓ █████
    2019-07   -0.70%  (大盤  -0.12%)  ↓ █
    2019-08  +  1.00%  (大盤  -0.60%)  ↑ █
    2019-09  +  8.18%  (大盤  +0.02%)  ↑ ████████████████
    2019-10   -1.97%  (大盤  +1.11%)  ↓ ███
    2019-11  +  4.54%  (大盤  -1.02%)  ↑ █████████
    2019-12  +  5.97%  (大盤  +4.01%)  ↑ ███████████
    2020-01   -3.11%  (大盤  -7.63%)  ↓ ██████
    2020-02   -8.71%  (大盤  +0.25%)  ↓ █████████████████
    2020-03  -25.62%  (大盤 -17.07%)  ↓ ███████████████████████████████████████████████████
    2020-04  + 35.19%  (大盤 +16.12%)  ↑ ██████████████████████████████████████████████████████████████████████
    2020-05  + 18.07%  (大盤  +7.41%)  ↑ ████████████████████████████████████
    2020-06  + 16.18%  (大盤  +6.49%)  ↑ ████████████████████████████████
    2020-07  + 10.26%  (大盤  +0.57%)  ↑ ████████████████████
    2020-08  +  1.85%  (大盤  +2.72%)  ↑ ███
    2020-09  + 20.57%  (大盤  +0.12%)  ↑ █████████████████████████████████████████
    2020-10   -6.58%  (大盤  -0.73%)  ↓ █████████████
    2020-11  +  9.08%  (大盤  +8.55%)  ↑ ██████████████████
    2020-12  + 10.16%  (大盤  +3.90%)  ↑ ████████████████████
    2021-01   -9.71%  (大盤  -5.43%)  ↓ ███████████████████
    2021-02  + 11.19%  (大盤  +8.47%)  ↑ ██████████████████████
    2021-03  +  7.84%  (大盤  +8.78%)  ↑ ███████████████
    2021-04   -2.46%  (大盤  +3.85%)  ↓ ████
    2021-05   -4.30%  (大盤  -4.99%)  ↓ ████████
    2021-06  + 28.07%  (大盤  +3.59%)  ↑ ████████████████████████████████████████████████████████
    2021-07  +  0.81%  (大盤  +1.80%)  ↑ █
    2021-08   -2.54%  (大盤  -3.88%)  ↓ █████
    2021-09  +  3.04%  (大盤  -4.68%)  ↑ ██████
    2021-10  +  4.77%  (大盤  +4.70%)  ↑ █████████
    2021-11  +  9.63%  (大盤  +2.99%)  ↑ ███████████████████
    2021-12  + 11.58%  (大盤  +4.37%)  ↑ ███████████████████████
    2022-01   -1.32%  (大盤  -4.50%)  ↓ ██
    2022-02   -0.70%  (大盤  +1.21%)  ↓ █
    2022-03   -4.23%  (大盤  -0.42%)  ↓ ████████
    2022-04   -6.38%  (大盤  -5.32%)  ↓ ████████████
    2022-05  + 18.20%  (大盤  +0.92%)  ↑ ████████████████████████████████████
    2022-06   -6.39%  (大盤 -10.73%)  ↓ ████████████
    2022-07  +  1.37%  (大盤  +4.24%)  ↑ ██
    2022-08  + 25.60%  (大盤  +4.12%)  ↑ ███████████████████████████████████████████████████
    2022-09   -7.84%  (大盤  -8.84%)  ↓ ███████████████
    2022-10   -0.45%  (大盤  -3.75%)  ↓ █
    2022-11  + 11.16%  (大盤  +9.64%)  ↑ ██████████████████████
    2022-12  +  3.00%  (大盤  -1.81%)  ↑ █████
    2023-01  +  0.99%  (大盤  +3.96%)  ↑ █
    2023-02  +  6.99%  (大盤  +6.88%)  ↑ █████████████
    2023-03  + 12.45%  (大盤  +2.64%)  ↑ ████████████████████████
    2023-04  +  8.34%  (大盤  +1.67%)  ↑ ████████████████
    2023-05  +  6.51%  (大盤  +2.14%)  ↑ █████████████
    2023-06  + 13.76%  (大盤  +2.99%)  ↑ ███████████████████████████
    2023-07   -1.24%  (大盤  -1.84%)  ↓ ██
    2023-08  +  8.60%  (大盤  -3.23%)  ↑ █████████████████
    2023-09  +  8.45%  (大盤  +0.17%)  ↑ ████████████████
    2023-10   -1.18%  (大盤  -3.40%)  ↓ ██
    2023-11  +  5.49%  (大盤  +8.35%)  ↑ ██████████
    2023-12   -2.73%  (大盤  +0.73%)  ↓ █████
    2024-01  +  6.91%  (大盤  +0.07%)  ↑ █████████████
    2024-02  + 11.49%  (大盤  +4.60%)  ↑ ██████████████████████
    2024-03   -2.13%  (大盤  +0.54%)  ↓ ████
    2024-04  +  7.00%  (大盤  +1.38%)  ↑ ██████████████
    2024-05  +  4.94%  (大盤  +4.00%)  ↑ █████████
    2024-06  +  9.92%  (大盤  +2.49%)  ↑ ███████████████████
    2024-07  +  6.63%  (大盤  -1.03%)  ↑ █████████████
    2024-08   -2.02%  (大盤  -1.82%)  ↓ ████
    2024-09   -0.95%  (大盤  -0.69%)  ↓ █
    2024-10  +  3.44%  (大盤  -1.89%)  ↑ ██████
    2024-11  +  2.14%  (大盤  -2.65%)  ↑ ████
    2024-12   -1.17%  (大盤  -1.74%)  ↓ ██
    2025-01   -0.29%  (大盤  -2.16%)  ↓ █
    2025-02  +  7.97%  (大盤  +4.40%)  ↑ ███████████████
    2025-03   -8.45%  (大盤  -6.75%)  ↓ ████████████████
    2025-04   -3.21%  (大盤  -6.07%)  ↓ ██████
    2025-05  -11.32%  (大盤  -0.59%)  ↓ ██████████████████████
    2025-06   -5.24%  (大盤  +1.07%)  ↓ ██████████
    2025-07  +  5.42%  (大盤  +0.53%)  ↑ ██████████
    2025-08  + 19.13%  (大盤  +4.22%)  ↑ ██████████████████████████████████████
    2025-09   -4.85%  (大盤  +0.23%)  ↓ █████████
    2025-10  +  4.63%  (大盤  -1.26%)  ↑ █████████
    2025-11   -7.17%  (大盤  -2.11%)  ↓ ██████████████
    2025-12  + 10.81%  (大盤  +3.37%)  ↑ █████████████████████
    2026-01  +  6.74%  (大盤  +0.62%)  ↑ █████████████
    2026-02  + 12.61%  (大盤  +4.25%)  ↑ █████████████████████████
    2026-03  +  0.47%  (大盤  -2.00%)  ↑ █
    2026-04  + 19.53%  (大盤 +11.45%)  ↑ ███████████████████████████████████████
============================================================

[quantstats] 績效報告已輸出: /Users/james.chou/JamesProject/stock_bot/artifacts/backtest_report.html  (periods_per_year=12)

結果已儲存: artifacts/stage10_d1/d1_25pct_10y.json
