2026/05/23 13:07:03 INFO mlflow.tracking.fluent: Experiment with name 'optuna_10y' does not exist. Creating a new experiment.

============================================================
Walk-Forward Backtest
============================================================
  資料範圍: 2016-03-15 ~ 2026-04-21
  回測期間: 2016-06-12 ~ 2026-04-21
  模型重訓: 每 3 個月
  選股數量: 20  倉位: equal
  停損策略: fixed 0%
  交易成本: 0.584%（來回）  進場延遲: 0 交易日
  無風險利率: 1.5%  Benchmark含成本: True

[TIMER] load_prices start | mem=0.3GB | t=0.7s
[TIMER] load_prices done 1.0s | mem=1.3GB | t=1.7s
[TIMER] load_all_features start (non-rolling, DuckDB) | mem=1.3GB | t=1.7s
[TIMER] load_all_features done 5.7s | mem=2.5GB | t=7.4s
  EMERGING 過濾：排除 367 支興櫃股
  再平衡次數: 119 (頻率: M)
  [2016-06-13] 模型重訓完成 (訓練筆數: 68,355) [TIMER] train_model: 2.84s
  [2016-06-13 ~ 2016-07-01] 組合: +4.64%  大盤: +1.92%  持股: 20  停損: 0  淨值: 10,464  [1/119 | 記憶體: 1.0GB | 預估剩餘: 9分鐘]
  [2016-07-01 ~ 2016-08-01] 組合: +0.04%  大盤: +2.41%  持股: 20  停損: 0  淨值: 10,469  [2/119 | 記憶體: 1.0GB | 預估剩餘: 5分鐘]
  [2016-08-01 ~ 2016-09-01] 組合: +1.06%  大盤: -0.55%  持股: 20  停損: 0  淨值: 10,580  [3/119 | 記憶體: 0.9GB | 預估剩餘: 4分鐘]
  [2016-09-01 ~ 2016-10-03] 組合: -1.21%  大盤: +0.69%  持股: 20  停損: 0  淨值: 10,452  [4/119 | 記憶體: 0.9GB | 預估剩餘: 3分鐘]
  [2016-10-03] 模型重訓完成 (訓練筆數: 183,064) [TIMER] train_model: 3.62s
/Users/james.chou/.pyenv/versions/3.10.16/lib/python3.10/site-packages/scipy/optimize/_slsqp_py.py:434: RuntimeWarning: Values in x were outside bounds during a minimize step, clipping to bounds
  fx = wrapped_fun(x)
  [2016-10-03] seasonal_filter: 月份10 topN → 10
  [2016-10-03 ~ 2016-11-01] 組合: -5.72%  大盤: -2.61%  持股: 10  停損: 0  淨值: 9,854  [5/119 | 記憶體: 1.4GB | 預估剩餘: 4分鐘]
  [2016-11-01 ~ 2016-12-01] 組合: -4.85%  大盤: -0.69%  持股: 20  停損: 0  淨值: 9,376  [6/119 | 記憶體: 1.5GB | 預估剩餘: 4分鐘]
  [2016-12-01 ~ 2017-01-03] 組合: -2.04%  大盤: +1.34%  持股: 20  停損: 0  淨值: 9,184  [7/119 | 記憶體: 1.5GB | 預估剩餘: 3分鐘]
  [2017-01-03] 模型重訓完成 (訓練筆數: 271,099) [TIMER] train_model: 5.00s
  [2017-01-03 ~ 2017-02-02] 組合: +13.51%  大盤: +2.15%  持股: 20  停損: 0  淨值: 10,425  [8/119 | 記憶體: 1.8GB | 預估剩餘: 4分鐘]
  [2017-02-02 ~ 2017-03-01] 組合: +7.79%  大盤: +4.83%  持股: 20  停損: 0  淨值: 11,237  [9/119 | 記憶體: 1.7GB | 預估剩餘: 4分鐘]
/Users/james.chou/.pyenv/versions/3.10.16/lib/python3.10/site-packages/scipy/optimize/_slsqp_py.py:434: RuntimeWarning: Values in x were outside bounds during a minimize step, clipping to bounds
  fx = wrapped_fun(x)
  [2017-03-01] seasonal_filter: 月份3 topN → 10
  [2017-03-01 ~ 2017-04-05] 組合: +8.14%  大盤: +2.20%  持股: 10  停損: 0  淨值: 12,151  [10/119 | 記憶體: 1.7GB | 預估剩餘: 3分鐘]
  [2017-04-05] 模型重訓完成 (訓練筆數: 357,304) [TIMER] train_model: 5.66s
  [2017-04-05 ~ 2017-05-02] 組合: +1.41%  大盤: -1.81%  持股: 20  停損: 0  淨值: 12,323  [11/119 | 記憶體: 2.0GB | 預估剩餘: 4分鐘]
  [2017-05-02 ~ 2017-06-01] 組合: +0.94%  大盤: +0.47%  持股: 20  停損: 0  淨值: 12,439  [12/119 | 記憶體: 2.0GB | 預估剩餘: 4分鐘]
  [2017-06-01 ~ 2017-07-03] 組合: +0.17%  大盤: +0.30%  持股: 20  停損: 0  淨值: 12,461  [13/119 | 記憶體: 2.0GB | 預估剩餘: 4分鐘]
  [2017-07-03 ~ 2017-08-01] 組合: +2.39%  大盤: -0.25%  持股: 20  停損: 0  淨值: 12,759  [14/119 | 記憶體: 2.0GB | 預估剩餘: 3分鐘]
  [2017-08-01] 模型重訓完成 (訓練筆數: 479,639) [TIMER] train_model: 7.37s
  [2017-08-01 ~ 2017-09-01] 組合: +11.75%  大盤: +1.36%  持股: 20  停損: 0  淨值: 14,258  [15/119 | 記憶體: 1.7GB | 預估剩餘: 4分鐘]
  [2017-09-01 ~ 2017-10-02] 組合: +10.40%  大盤: +0.40%  持股: 20  停損: 0  淨值: 15,740  [16/119 | 記憶體: 1.8GB | 預估剩餘: 4分鐘]
/Users/james.chou/.pyenv/versions/3.10.16/lib/python3.10/site-packages/scipy/optimize/_slsqp_py.py:434: RuntimeWarning: Values in x were outside bounds during a minimize step, clipping to bounds
  fx = wrapped_fun(x)
  [2017-10-02] seasonal_filter: 月份10 topN → 10
  [2017-10-02 ~ 2017-11-01] 組合: -6.52%  大盤: +1.03%  持股: 10  停損: 0  淨值: 14,714  [17/119 | 記憶體: 1.7GB | 預估剩餘: 4分鐘]
  [2017-11-01] 模型重訓完成 (訓練筆數: 577,813) [TIMER] train_model: 7.53s
  [2017-11-01 ~ 2017-12-01] 組合: +0.79%  大盤: -0.59%  持股: 20  停損: 0  淨值: 14,829  [18/119 | 記憶體: 1.6GB | 預估剩餘: 4分鐘]
  [2017-12-01 ~ 2018-01-02] 組合: +1.72%  大盤: +1.06%  持股: 20  停損: 0  淨值: 15,084  [19/119 | 記憶體: 1.5GB | 預估剩餘: 4分鐘]
  [2018-01-02 ~ 2018-02-01] 組合: +8.93%  大盤: +1.11%  持股: 20  停損: 0  淨值: 16,431  [20/119 | 記憶體: 1.3GB | 預估剩餘: 4分鐘]
  [2018-02-01] 模型重訓完成 (訓練筆數: 677,567) [TIMER] train_model: 8.01s
  [2018-02-01 ~ 2018-03-01] 組合: -6.07%  大盤: -1.64%  持股: 20  停損: 0  淨值: 15,434  [21/119 | 記憶體: 1.3GB | 預估剩餘: 4分鐘]
/Users/james.chou/.pyenv/versions/3.10.16/lib/python3.10/site-packages/scipy/optimize/_slsqp_py.py:434: RuntimeWarning: Values in x were outside bounds during a minimize step, clipping to bounds
  fx = wrapped_fun(x)
  [2018-03-01] seasonal_filter: 月份3 topN → 10
  [2018-03-01 ~ 2018-04-02] 組合: +6.00%  大盤: +2.99%  持股: 10  停損: 0  淨值: 16,360  [22/119 | 記憶體: 1.3GB | 預估剩餘: 4分鐘]
  [2018-04-02 ~ 2018-05-02] 組合: +1.38%  大盤: -3.37%  持股: 20  停損: 0  淨值: 16,586  [23/119 | 記憶體: 1.3GB | 預估剩餘: 4分鐘]
  [2018-05-02] 模型重訓完成 (訓練筆數: 763,111) [TIMER] train_model: 8.14s
  [2018-05-02 ~ 2018-06-01] 組合: +7.68%  大盤: +2.93%  持股: 20  停損: 0  淨值: 17,860  [24/119 | 記憶體: 1.4GB | 預估剩餘: 4分鐘]
  [2018-06-01 ~ 2018-07-02] 組合: +7.29%  大盤: -0.39%  持股: 20  停損: 0  淨值: 19,162  [25/119 | 記憶體: 1.4GB | 預估剩餘: 4分鐘]
  [2018-07-02 ~ 2018-08-01] 組合: -5.31%  大盤: -2.02%  持股: 20  停損: 0  淨值: 18,144  [26/119 | 記憶體: 1.3GB | 預估剩餘: 4分鐘]
  [2018-08-01] 模型重訓完成 (訓練筆數: 861,856) [TIMER] train_model: 9.23s
  [2018-08-01 ~ 2018-09-03] 組合: +6.25%  大盤: -4.27%  持股: 20  停損: 0  淨值: 19,278  [27/119 | 記憶體: 1.3GB | 預估剩餘: 5分鐘]
  [2018-09-03 ~ 2018-10-01] 組合: -5.49%  大盤: -2.38%  持股: 20  停損: 0  淨值: 18,220  [28/119 | 記憶體: 1.3GB | 預估剩餘: 4分鐘]
/Users/james.chou/.pyenv/versions/3.10.16/lib/python3.10/site-packages/scipy/optimize/_slsqp_py.py:434: RuntimeWarning: Values in x were outside bounds during a minimize step, clipping to bounds
  fx = wrapped_fun(x)
  [2018-10-01] seasonal_filter: 月份10 topN → 10
  [2018-10-01 ~ 2018-11-01] 組合: -21.14%  大盤: -13.07%  持股: 10  停損: 0  淨值: 14,368  [29/119 | 記憶體: 1.1GB | 預估剩餘: 4分鐘]
  [2018-11-01] 模型重訓完成 (訓練筆數: 959,476) [TIMER] train_model: 9.32s
  [2018-11-01] 大盤環境不佳 (20日中位數 -11.05%)，topN → 6
  [2018-11-01] market_filter_tiers: 前期大盤 -13.07% < -10%，持股×0.25→1
  [2018-11-01] min_positions: 1→2（補1檔）
  [2018-11-01 ~ 2018-12-03] 組合: +41.43%  大盤: +7.87%  持股: 2  停損: 0  淨值: 20,321  [30/119 | 記憶體: 1.2GB | 預估剩餘: 5分鐘]
  [2018-12-03 ~ 2019-01-02] 組合: -7.27%  大盤: -2.84%  持股: 20  停損: 0  淨值: 18,843  [31/119 | 記憶體: 1.2GB | 預估剩餘: 4分鐘]
  [2019-01-02 ~ 2019-02-11] 組合: +5.34%  大盤: +3.98%  持股: 20  停損: 0  淨值: 19,849  [32/119 | 記憶體: 1.2GB | 預估剩餘: 4分鐘]
  [2019-02-11] 模型重訓完成 (訓練筆數: 1,064,966) [TIMER] train_model: 10.58s
  [2019-02-11 ~ 2019-03-04] 組合: +4.26%  大盤: +4.05%  持股: 20  停損: 0  淨值: 20,695  [33/119 | 記憶體: 1.2GB | 預估剩餘: 5分鐘]
  [2019-03-04] seasonal_filter: 月份3 topN → 10
  [2019-03-04 ~ 2019-04-01] 組合: +0.59%  大盤: +1.95%  持股: 10  停損: 0  淨值: 20,816  [34/119 | 記憶體: 1.3GB | 預估剩餘: 4分鐘]
  [2019-04-01 ~ 2019-05-02] 組合: -0.59%  大盤: +0.69%  持股: 20  停損: 0  淨值: 20,694  [35/119 | 記憶體: 1.4GB | 預估剩餘: 4分鐘]
  [2019-05-02 ~ 2019-06-03] 組合: -10.72%  大盤: -4.59%  持股: 20  停損: 0  淨值: 18,475  [36/119 | 記憶體: 1.4GB | 預估剩餘: 4分鐘]
  [2019-06-03] 模型重訓完成 (訓練筆數: 1,172,675) [TIMER] train_model: 11.20s
  [2019-06-03 ~ 2019-07-01] 組合: -0.96%  大盤: +2.27%  持股: 20  停損: 0  淨值: 18,298  [37/119 | 記憶體: 1.3GB | 預估剩餘: 5分鐘]
  [2019-07-01 ~ 2019-08-01] 組合: -3.32%  大盤: -0.12%  持股: 20  停損: 0  淨值: 17,691  [38/119 | 記憶體: 1.2GB | 預估剩餘: 4分鐘]
  [2019-08-01 ~ 2019-09-02] 組合: +0.49%  大盤: -0.60%  持股: 20  停損: 0  淨值: 17,777  [39/119 | 記憶體: 1.3GB | 預估剩餘: 4分鐘]
  [2019-09-02] 模型重訓完成 (訓練筆數: 1,270,768) [TIMER] train_model: 11.41s
  [2019-09-02 ~ 2019-10-01] 組合: +11.08%  大盤: +0.02%  持股: 20  停損: 0  淨值: 19,747  [40/119 | 記憶體: 1.3GB | 預估剩餘: 5分鐘]
/Users/james.chou/.pyenv/versions/3.10.16/lib/python3.10/site-packages/scipy/optimize/_slsqp_py.py:434: RuntimeWarning: Values in x were outside bounds during a minimize step, clipping to bounds
  fx = wrapped_fun(x)
  [2019-10-01] seasonal_filter: 月份10 topN → 10
  [2019-10-01 ~ 2019-11-01] 組合: -0.80%  大盤: +1.11%  持股: 10  停損: 0  淨值: 19,589  [41/119 | 記憶體: 1.4GB | 預估剩餘: 4分鐘]
  [2019-11-01 ~ 2019-12-02] 組合: +12.17%  大盤: -1.02%  持股: 20  停損: 0  淨值: 21,972  [42/119 | 記憶體: 1.5GB | 預估剩餘: 4分鐘]
  [2019-12-02] 模型重訓完成 (訓練筆數: 1,366,488) [TIMER] train_model: 12.09s
  [2019-12-02 ~ 2020-01-02] 組合: +3.39%  大盤: +4.01%  持股: 20  停損: 0  淨值: 22,717  [43/119 | 記憶體: 1.3GB | 預估剩餘: 4分鐘]
  [2020-01-02 ~ 2020-02-03] 組合: -3.87%  大盤: -7.63%  持股: 20  停損: 0  淨值: 21,838  [44/119 | 記憶體: 1.4GB | 預估剩餘: 4分鐘]
  [2020-02-03] 大盤環境不佳 (20日中位數 -6.23%)，topN → 6
  [2020-02-03] market_filter_tiers: 前期大盤 -7.63% < -5%，持股×0.5→3
  [2020-02-03 ~ 2020-03-02] 組合: -13.57%  大盤: +0.25%  持股: 3  停損: 0  淨值: 18,875  [45/119 | 記憶體: 1.3GB | 預估剩餘: 4分鐘]
  [2020-03-02] 模型重訓完成 (訓練筆數: 1,457,775) [TIMER] train_model: 12.31s
  [2020-03-02] seasonal_filter: 月份3 topN → 10
  [2020-03-02 ~ 2020-04-01] 組合: -26.00%  大盤: -17.07%  持股: 10  停損: 0  淨值: 13,967  [46/119 | 記憶體: 1.3GB | 預估剩餘: 4分鐘]
  [2020-04-01] 大盤環境不佳 (20日中位數 -17.52%)，topN → 6
  [2020-04-01] market_filter_tiers: 前期大盤 -17.07% < -15%，持股×0.1→1
  [2020-04-01] min_positions: 1→2（補1檔）
  [2020-04-01 ~ 2020-05-04] 組合: +23.68%  大盤: +16.12%  持股: 2  停損: 0  淨值: 17,275  [47/119 | 記憶體: 1.4GB | 預估剩餘: 4分鐘]
  [2020-05-04 ~ 2020-06-01] 組合: +15.25%  大盤: +7.41%  持股: 20  停損: 0  淨值: 19,909  [48/119 | 記憶體: 1.5GB | 預估剩餘: 4分鐘]
  [2020-06-01] 模型重訓完成 (訓練筆數: 1,557,045) [TIMER] train_model: 13.79s
  [2020-06-01 ~ 2020-07-01] 組合: +13.91%  大盤: +6.49%  持股: 20  停損: 0  淨值: 22,678  [49/119 | 記憶體: 1.2GB | 預估剩餘: 4分鐘]
  [2020-07-01 ~ 2020-08-03] 組合: +12.10%  大盤: +0.57%  持股: 20  停損: 0  淨值: 25,423  [50/119 | 記憶體: 1.3GB | 預估剩餘: 4分鐘]
  [2020-08-03 ~ 2020-09-01] 組合: +6.03%  大盤: +2.72%  持股: 20  停損: 0  淨值: 26,956  [51/119 | 記憶體: 1.2GB | 預估剩餘: 4分鐘]
  [2020-09-01] 模型重訓完成 (訓練筆數: 1,665,554) [TIMER] train_model: 13.95s
  [2020-09-01 ~ 2020-10-05] 組合: +34.55%  大盤: +0.12%  持股: 20  停損: 0  淨值: 36,269  [52/119 | 記憶體: 1.5GB | 預估剩餘: 4分鐘]
/Users/james.chou/.pyenv/versions/3.10.16/lib/python3.10/site-packages/scipy/optimize/_slsqp_py.py:434: RuntimeWarning: Values in x were outside bounds during a minimize step, clipping to bounds
  fx = wrapped_fun(x)
  [2020-10-05] seasonal_filter: 月份10 topN → 10
  [2020-10-05 ~ 2020-11-02] 組合: -11.42%  大盤: -0.73%  持股: 10  停損: 0  淨值: 32,129  [53/119 | 記憶體: 1.6GB | 預估剩餘: 4分鐘]
  [2020-11-02 ~ 2020-12-01] 組合: +9.09%  大盤: +8.55%  持股: 20  停損: 0  淨值: 35,051  [54/119 | 記憶體: 1.7GB | 預估剩餘: 4分鐘]
  [2020-12-01] 模型重訓完成 (訓練筆數: 1,770,486) [TIMER] train_model: 15.81s
  [2020-12-01 ~ 2021-01-04] 組合: +5.56%  大盤: +3.90%  持股: 20  停損: 0  淨值: 36,999  [55/119 | 記憶體: 1.5GB | 預估剩餘: 4分鐘]
  [2021-01-04 ~ 2021-02-01] 組合: -10.15%  大盤: -5.43%  持股: 20  停損: 0  淨值: 33,242  [56/119 | 記憶體: 1.6GB | 預估剩餘: 4分鐘]
  [2021-02-01] 大盤環境不佳 (20日中位數 -5.72%)，topN → 6
  [2021-02-01] market_filter_tiers: 前期大盤 -5.43% < -5%，持股×0.5→3
  [2021-02-01 ~ 2021-03-02] 組合: +24.39%  大盤: +8.47%  持股: 3  停損: 0  淨值: 41,351  [57/119 | 記憶體: 1.5GB | 預估剩餘: 4分鐘]
  [2021-03-02] 模型重訓完成 (訓練筆數: 1,876,848) [TIMER] train_model: 14.56s
  [2021-03-02] seasonal_filter: 月份3 topN → 10
  [2021-03-02 ~ 2021-04-01] 組合: +9.13%  大盤: +8.78%  持股: 10  停損: 0  淨值: 45,125  [58/119 | 記憶體: 1.5GB | 預估剩餘: 4分鐘]
  [2021-04-01 ~ 2021-05-03] 組合: -4.38%  大盤: +3.85%  持股: 20  停損: 0  淨值: 43,148  [59/119 | 記憶體: 1.6GB | 預估剩餘: 4分鐘]
  [2021-05-03 ~ 2021-06-01] 組合: -3.05%  大盤: -4.99%  持股: 20  停損: 0  淨值: 41,833  [60/119 | 記憶體: 1.5GB | 預估剩餘: 4分鐘]
  [2021-06-01] 模型重訓完成 (訓練筆數: 1,977,198) [TIMER] train_model: 16.38s
/Users/james.chou/.pyenv/versions/3.10.16/lib/python3.10/site-packages/scipy/optimize/_slsqp_py.py:434: RuntimeWarning: Values in x were outside bounds during a minimize step, clipping to bounds
  fx = wrapped_fun(x)
  [2021-06-01 ~ 2021-07-01] 組合: +45.13%  大盤: +3.59%  持股: 20  停損: 0  淨值: 60,714  [61/119 | 記憶體: 1.6GB | 預估剩餘: 4分鐘]
  [2021-07-01 ~ 2021-08-02] 組合: -0.59%  大盤: +1.80%  持股: 20  停損: 0  淨值: 60,353  [62/119 | 記憶體: 1.3GB | 預估剩餘: 4分鐘]
  [2021-08-02 ~ 2021-09-01] 組合: -5.06%  大盤: -3.88%  持股: 20  停損: 0  淨值: 57,301  [63/119 | 記憶體: 1.5GB | 預估剩餘: 4分鐘]
  [2021-09-01] 模型重訓完成 (訓練筆數: 2,092,503) [TIMER] train_model: 17.10s
  [2021-09-01] 大盤環境不佳 (20日中位數 -4.07%)，topN → 6
  [2021-09-01 ~ 2021-10-01] 組合: +8.71%  大盤: -4.68%  持股: 6  停損: 0  淨值: 62,289  [64/119 | 記憶體: 1.5GB | 預估剩餘: 4分鐘]
/Users/james.chou/.pyenv/versions/3.10.16/lib/python3.10/site-packages/scipy/optimize/_slsqp_py.py:434: RuntimeWarning: Values in x were outside bounds during a minimize step, clipping to bounds
  fx = wrapped_fun(x)
  [2021-10-01] seasonal_filter: 月份10 topN → 10
  [2021-10-01 ~ 2021-11-01] 組合: +2.87%  大盤: +4.70%  持股: 10  停損: 0  淨值: 64,078  [65/119 | 記憶體: 1.5GB | 預估剩餘: 4分鐘]
  [2021-11-01 ~ 2021-12-01] 組合: +7.12%  大盤: +2.99%  持股: 20  停損: 0  淨值: 68,639  [66/119 | 記憶體: 1.5GB | 預估剩餘: 4分鐘]
  [2021-12-01] 模型重訓完成 (訓練筆數: 2,200,107) [TIMER] train_model: 18.52s
  [2021-12-01 ~ 2022-01-03] 組合: +15.03%  大盤: +4.37%  持股: 20  停損: 0  淨值: 78,959  [67/119 | 記憶體: 1.6GB | 預估剩餘: 4分鐘]
  [2022-01-03 ~ 2022-02-07] 組合: -1.42%  大盤: -4.50%  持股: 20  停損: 0  淨值: 77,840  [68/119 | 記憶體: 1.7GB | 預估剩餘: 4分鐘]
  [2022-02-07 ~ 2022-03-01] 組合: -1.53%  大盤: +1.21%  持股: 20  停損: 0  淨值: 76,647  [69/119 | 記憶體: 1.6GB | 預估剩餘: 4分鐘]
  [2022-03-01] 模型重訓完成 (訓練筆數: 2,299,518) [TIMER] train_model: 19.57s
  [2022-03-01] seasonal_filter: 月份3 topN → 10
  [2022-03-01 ~ 2022-04-01] 組合: +2.08%  大盤: -0.42%  持股: 10  停損: 0  淨值: 78,239  [70/119 | 記憶體: 1.6GB | 預估剩餘: 4分鐘]
  [2022-04-01 ~ 2022-05-03] 組合: -4.47%  大盤: -5.32%  持股: 20  停損: 0  淨值: 74,745  [71/119 | 記憶體: 1.8GB | 預估剩餘: 4分鐘]
  [2022-05-03] 大盤環境不佳 (20日中位數 -4.62%)，topN → 6
  [2022-05-03] market_filter_tiers: 前期大盤 -5.32% < -5%，持股×0.5→3
  [2022-05-03 ~ 2022-06-01] 組合: +1.15%  大盤: +0.92%  持股: 3  停損: 0  淨值: 75,601  [72/119 | 記憶體: 2.0GB | 預估剩餘: 4分鐘]
  [2022-06-01] 模型重訓完成 (訓練筆數: 2,410,441) [TIMER] train_model: 19.56s
  [2022-06-01 ~ 2022-07-01] 組合: -6.34%  大盤: -10.73%  持股: 20  停損: 0  淨值: 70,807  [73/119 | 記憶體: 1.6GB | 預估剩餘: 4分鐘]
  [2022-07-01] 大盤環境不佳 (20日中位數 -8.42%)，topN → 6
  [2022-07-01] market_filter_tiers: 前期大盤 -10.73% < -10%，持股×0.25→1
  [2022-07-01] min_positions: 1→2（補1檔）
  [2022-07-01 ~ 2022-08-01] 組合: +11.90%  大盤: +4.24%  持股: 2  停損: 0  淨值: 79,237  [74/119 | 記憶體: 1.8GB | 預估剩餘: 4分鐘]
  [2022-08-01 ~ 2022-09-01] 組合: +8.65%  大盤: +4.12%  持股: 20  停損: 0  淨值: 86,090  [75/119 | 記憶體: 2.0GB | 預估剩餘: 3分鐘]
  [2022-09-01] 模型重訓完成 (訓練筆數: 2,524,570) [TIMER] train_model: 21.20s
/Users/james.chou/.pyenv/versions/3.10.16/lib/python3.10/site-packages/scipy/optimize/_slsqp_py.py:434: RuntimeWarning: Values in x were outside bounds during a minimize step, clipping to bounds
  fx = wrapped_fun(x)
  [2022-09-01 ~ 2022-10-03] 組合: -5.53%  大盤: -8.84%  持股: 20  停損: 0  淨值: 81,328  [76/119 | 記憶體: 1.6GB | 預估剩餘: 4分鐘]
  [2022-10-03] 大盤環境不佳 (20日中位數 -8.12%)，topN → 6
  [2022-10-03] seasonal_filter: 月份10 topN → 5
  [2022-10-03] market_filter_tiers: 前期大盤 -8.84% < -5%，持股×0.5→2
  [2022-10-03 ~ 2022-11-01] 組合: -0.45%  大盤: -3.75%  持股: 2  停損: 0  淨值: 80,965  [77/119 | 記憶體: 1.7GB | 預估剩餘: 3分鐘]
  [2022-11-01 ~ 2022-12-01] 組合: +8.38%  大盤: +9.64%  持股: 20  停損: 0  淨值: 87,748  [78/119 | 記憶體: 1.5GB | 預估剩餘: 3分鐘]
  [2022-12-01] 模型重訓完成 (訓練筆數: 2,636,739) [TIMER] train_model: 21.04s
  [2022-12-01 ~ 2023-01-03] 組合: +12.89%  大盤: -1.81%  持股: 20  停損: 0  淨值: 99,062  [79/119 | 記憶體: 1.7GB | 預估剩餘: 3分鐘]
  [2023-01-03 ~ 2023-02-01] 組合: +1.01%  大盤: +3.96%  持股: 20  停損: 0  淨值: 100,058  [80/119 | 記憶體: 1.9GB | 預估剩餘: 3分鐘]
  [2023-02-01 ~ 2023-03-01] 組合: +7.82%  大盤: +6.88%  持股: 20  停損: 0  淨值: 107,887  [81/119 | 記憶體: 2.1GB | 預估剩餘: 3分鐘]
  [2023-03-01] 模型重訓完成 (訓練筆數: 2,734,609) [TIMER] train_model: 22.90s
/Users/james.chou/.pyenv/versions/3.10.16/lib/python3.10/site-packages/scipy/optimize/_slsqp_py.py:434: RuntimeWarning: Values in x were outside bounds during a minimize step, clipping to bounds
  fx = wrapped_fun(x)
  [2023-03-01] seasonal_filter: 月份3 topN → 10
  [2023-03-01 ~ 2023-04-06] 組合: +19.78%  大盤: +2.64%  持股: 10  停損: 0  淨值: 129,229  [82/119 | 記憶體: 1.6GB | 預估剩餘: 3分鐘]
  [2023-04-06 ~ 2023-05-02] 組合: +11.01%  大盤: +1.67%  持股: 20  停損: 0  淨值: 143,458  [83/119 | 記憶體: 1.5GB | 預估剩餘: 3分鐘]
  [2023-05-02 ~ 2023-06-01] 組合: +4.30%  大盤: +2.14%  持股: 20  停損: 0  淨值: 149,627  [84/119 | 記憶體: 1.0GB | 預估剩餘: 3分鐘]
  [2023-06-01] 模型重訓完成 (訓練筆數: 2,847,870) [TIMER] train_model: 22.91s
  [2023-06-01 ~ 2023-07-03] 組合: +14.55%  大盤: +2.99%  持股: 20  停損: 0  淨值: 171,396  [85/119 | 記憶體: 1.8GB | 預估剩餘: 3分鐘]
/Users/james.chou/.pyenv/versions/3.10.16/lib/python3.10/site-packages/scipy/optimize/_slsqp_py.py:434: RuntimeWarning: Values in x were outside bounds during a minimize step, clipping to bounds
  fx = wrapped_fun(x)
  [2023-07-03 ~ 2023-08-01] 組合: -3.25%  大盤: -1.84%  持股: 20  停損: 0  淨值: 165,834  [86/119 | 記憶體: 2.0GB | 預估剩餘: 3分鐘]
  [2023-08-01 ~ 2023-09-01] 組合: +15.58%  大盤: -3.23%  持股: 20  停損: 0  淨值: 191,678  [87/119 | 記憶體: 2.3GB | 預估剩餘: 3分鐘]
  [2023-09-01] 模型重訓完成 (訓練筆數: 2,968,093) [TIMER] train_model: 20.81s
  [2023-09-01 ~ 2023-10-02] 組合: +11.36%  大盤: +0.17%  持股: 20  停損: 0  淨值: 213,457  [88/119 | 記憶體: 1.9GB | 預估剩餘: 3分鐘]
/Users/james.chou/.pyenv/versions/3.10.16/lib/python3.10/site-packages/scipy/optimize/_slsqp_py.py:434: RuntimeWarning: Values in x were outside bounds during a minimize step, clipping to bounds
  fx = wrapped_fun(x)
  [2023-10-02] seasonal_filter: 月份10 topN → 10
  [2023-10-02 ~ 2023-11-01] 組合: +4.41%  大盤: -3.40%  持股: 10  停損: 0  淨值: 222,867  [89/119 | 記憶體: 2.1GB | 預估剩餘: 3分鐘]
  [2023-11-01 ~ 2023-12-01] 組合: +4.72%  大盤: +8.35%  持股: 20  停損: 0  淨值: 233,386  [90/119 | 記憶體: 2.3GB | 預估剩餘: 2分鐘]
  [2023-12-01] 模型重訓完成 (訓練筆數: 3,083,309) [TIMER] train_model: 19.95s
  [2023-12-01 ~ 2024-01-02] 組合: -4.33%  大盤: +0.73%  持股: 20  停損: 0  淨值: 223,274  [91/119 | 記憶體: 3.6GB | 預估剩餘: 2分鐘]
  [2024-01-02 ~ 2024-02-01] 組合: +6.08%  大盤: +0.07%  持股: 20  停損: 0  淨值: 236,848  [92/119 | 記憶體: 3.8GB | 預估剩餘: 2分鐘]
  [2024-02-01 ~ 2024-03-01] 組合: +10.05%  大盤: +4.60%  持股: 20  停損: 0  淨值: 260,646  [93/119 | 記憶體: 3.9GB | 預估剩餘: 2分鐘]
  [2024-03-01] 模型重訓完成 (訓練筆數: 3,198,247) [TIMER] train_model: 18.80s
  [2024-03-01] seasonal_filter: 月份3 topN → 10
  [2024-03-01 ~ 2024-04-01] 組合: +2.72%  大盤: +0.54%  持股: 10  停損: 0  淨值: 267,742  [94/119 | 記憶體: 3.5GB | 預估剩餘: 2分鐘]
  [2024-04-01 ~ 2024-05-02] 組合: +7.54%  大盤: +1.38%  持股: 20  停損: 0  淨值: 287,929  [95/119 | 記憶體: 3.7GB | 預估剩餘: 2分鐘]
  [2024-05-02 ~ 2024-06-03] 組合: +5.84%  大盤: +4.00%  持股: 20  停損: 0  淨值: 304,758  [96/119 | 記憶體: 3.8GB | 預估剩餘: 2分鐘]
  [2024-06-03] 模型重訓完成 (訓練筆數: 3,316,439) [TIMER] train_model: 18.82s
  [2024-06-03 ~ 2024-07-01] 組合: +10.41%  大盤: +2.49%  持股: 20  停損: 0  淨值: 336,495  [97/119 | 記憶體: 3.7GB | 預估剩餘: 2分鐘]
/Users/james.chou/.pyenv/versions/3.10.16/lib/python3.10/site-packages/scipy/optimize/_slsqp_py.py:434: RuntimeWarning: Values in x were outside bounds during a minimize step, clipping to bounds
  fx = wrapped_fun(x)
  [2024-07-01 ~ 2024-08-01] 組合: +5.38%  大盤: -1.03%  持股: 20  停損: 0  淨值: 354,594  [98/119 | 記憶體: 3.9GB | 預估剩餘: 2分鐘]
  [2024-08-01 ~ 2024-09-02] 組合: -0.67%  大盤: -1.82%  持股: 20  停損: 0  淨值: 352,231  [99/119 | 記憶體: 4.1GB | 預估剩餘: 2分鐘]
  [2024-09-02] 模型重訓完成 (訓練筆數: 3,442,185) [TIMER] train_model: 19.12s
  [2024-09-02 ~ 2024-10-01] 組合: -3.93%  大盤: -0.69%  持股: 20  停損: 0  淨值: 338,377  [100/119 | 記憶體: 3.6GB | 預估剩餘: 2分鐘]
  [2024-10-01] seasonal_filter: 月份10 topN → 10
  [2024-10-01 ~ 2024-11-01] 組合: +3.49%  大盤: -1.89%  持股: 10  停損: 0  淨值: 350,189  [101/119 | 記憶體: 3.8GB | 預估剩餘: 1分鐘]
  [2024-11-01 ~ 2024-12-02] 組合: +2.30%  大盤: -2.65%  持股: 20  停損: 0  淨值: 358,245  [102/119 | 記憶體: 4.0GB | 預估剩餘: 1分鐘]
  [2024-12-02] 模型重訓完成 (訓練筆數: 3,562,459) [TIMER] train_model: 19.62s
  [2024-12-02 ~ 2025-01-02] 組合: -0.87%  大盤: -1.74%  持股: 20  停損: 0  淨值: 355,126  [103/119 | 記憶體: 3.5GB | 預估剩餘: 1分鐘]
  [2025-01-02 ~ 2025-02-03] 組合: +0.42%  大盤: -2.16%  持股: 20  停損: 0  淨值: 356,607  [104/119 | 記憶體: 3.7GB | 預估剩餘: 1分鐘]
  [2025-02-03 ~ 2025-03-03] 組合: +8.70%  大盤: +4.40%  持股: 20  停損: 0  淨值: 387,624  [105/119 | 記憶體: 3.8GB | 預估剩餘: 1分鐘]
  [2025-03-03] 模型重訓完成 (訓練筆數: 3,675,358) [TIMER] train_model: 20.40s
/Users/james.chou/.pyenv/versions/3.10.16/lib/python3.10/site-packages/scipy/optimize/_slsqp_py.py:434: RuntimeWarning: Values in x were outside bounds during a minimize step, clipping to bounds
  fx = wrapped_fun(x)
  [2025-03-03] seasonal_filter: 月份3 topN → 10
  [2025-03-03 ~ 2025-04-01] 組合: -9.17%  大盤: -6.75%  持股: 10  停損: 0  淨值: 352,071  [106/119 | 記憶體: 3.4GB | 預估剩餘: 1分鐘]
  [2025-04-01] 大盤環境不佳 (20日中位數 -6.97%)，topN → 6
  [2025-04-01] market_filter_tiers: 前期大盤 -6.75% < -5%，持股×0.5→3
  [2025-04-01 ~ 2025-05-02] 組合: -15.89%  大盤: -6.07%  持股: 3  停損: 0  淨值: 296,120  [107/119 | 記憶體: 3.5GB | 預估剩餘: 1分鐘]
  [2025-05-02] 大盤環境不佳 (20日中位數 -6.11%)，topN → 6
  [2025-05-02] market_filter_tiers: 前期大盤 -6.07% < -5%，持股×0.5→3
  [2025-05-02 ~ 2025-06-02] 組合: -13.38%  大盤: -0.59%  持股: 3  停損: 0  淨值: 256,487  [108/119 | 記憶體: 3.5GB | 預估剩餘: 1分鐘]
  [2025-06-02] 模型重訓完成 (訓練筆數: 3,799,503) [TIMER] train_model: 21.80s
  [2025-06-02 ~ 2025-07-01] 組合: -8.05%  大盤: +1.07%  持股: 20  停損: 0  淨值: 235,851  [109/119 | 記憶體: 3.2GB | 預估剩餘: 1分鐘]
  [2025-07-01 ~ 2025-08-01] 組合: +5.19%  大盤: +0.53%  持股: 20  停損: 0  淨值: 248,080  [110/119 | 記憶體: 3.2GB | 預估剩餘: 1分鐘]
  [2025-08-01 ~ 2025-09-01] 組合: +19.16%  大盤: +4.22%  持股: 20  停損: 0  淨值: 295,604  [111/119 | 記憶體: 3.3GB | 預估剩餘: 53秒]
  [2025-09-01] 模型重訓完成 (訓練筆數: 3,927,275) [TIMER] train_model: 22.52s
  [2025-09-01 ~ 2025-10-01] 組合: -7.46%  大盤: +0.23%  持股: 20  停損: 0  淨值: 273,539  [112/119 | 記憶體: 3.7GB | 預估剩餘: 48秒]
/Users/james.chou/.pyenv/versions/3.10.16/lib/python3.10/site-packages/scipy/optimize/_slsqp_py.py:434: RuntimeWarning: Values in x were outside bounds during a minimize step, clipping to bounds
  fx = wrapped_fun(x)
  [2025-10-01] seasonal_filter: 月份10 topN → 10
  [2025-10-01 ~ 2025-11-03] 組合: -1.99%  大盤: -1.26%  持股: 10  停損: 0  淨值: 268,108  [113/119 | 記憶體: 3.8GB | 預估剩餘: 41秒]
  [2025-11-03 ~ 2025-12-01] 組合: -8.55%  大盤: -2.11%  持股: 20  停損: 0  淨值: 245,193  [114/119 | 記憶體: 3.9GB | 預估剩餘: 34秒]
  [2025-12-01] 模型重訓完成 (訓練筆數: 4,051,767) [TIMER] train_model: 23.17s
  [2025-12-01 ~ 2026-01-02] 組合: +11.28%  大盤: +3.37%  持股: 20  停損: 0  淨值: 272,845  [115/119 | 記憶體: 3.1GB | 預估剩餘: 27秒]
  [2026-01-02 ~ 2026-02-02] 組合: +9.88%  大盤: +0.62%  持股: 20  停損: 0  淨值: 299,793  [116/119 | 記憶體: 3.2GB | 預估剩餘: 20秒]
  [2026-02-02 ~ 2026-03-02] 組合: +8.77%  大盤: +4.25%  持股: 20  停損: 0  淨值: 326,083  [117/119 | 記憶體: 3.3GB | 預估剩餘: 13秒]
  [2026-03-02] 模型重訓完成 (訓練筆數: 4,169,660) [TIMER] train_model: 23.26s
  [2026-03-02] seasonal_filter: 月份3 topN → 10
  [2026-03-02 ~ 2026-04-01] 組合: -2.54%  大盤: -2.00%  持股: 10  停損: 0  淨值: 317,784  [118/119 | 記憶體: 3.3GB | 預估剩餘: 7秒]
  [2026-04-01 ~ 2026-04-21] 組合: +12.39%  大盤: +11.45%  持股: 20  停損: 0  淨值: 357,173  [119/119 | 記憶體: 3.5GB | 預估剩餘: 0秒]

────────────────────────────────────────────────────────────
[TIMER] 效能瓶頸報告
────────────────────────────────────────────────────────────
  步驟                              次數       總秒      平均秒
  ------------------------------------------------------
  load_prices                      1     0.99    0.986
  load_features                    1     5.73    5.726
  load_labels                      1     0.00    0.000
  train_model                     39   589.88   15.125
  predict                        119     0.67    0.006
  breakthrough_map                 0     0.00    0.000
  simulate_period                119    37.82    0.318
  apply_stoploss                 119     0.76    0.006
  其他（overhead）                     —   202.53
  總 loop 時間                        —   837.61
────────────────────────────────────────────────────────────


============================================================
回測結果摘要
============================================================
  回測期間: 2016-06-13 ~ 2026-04-21
  再平衡次數: 119  總交易次數: 2019

  指標                               組合           大盤
  ----------------------------------------------
  累積報酬                    3471.73%      75.68%
  年化報酬                      43.75%       5.89%
  超額報酬                    3396.05%
  最大回撤                     -39.15%
  Sharpe Ratio (rf=1.5%)        1.15
  Calmar Ratio                1.12
  勝率                        46.76%
  盈虧比                         1.94
  停損觸發次數                         0

  月度報酬:
    2016-06  +  4.64%  (大盤  +1.92%)  ↑ █████████
    2016-07  +  0.04%  (大盤  +2.41%)  ↑ █
    2016-08  +  1.06%  (大盤  -0.55%)  ↑ ██
    2016-09   -1.21%  (大盤  +0.69%)  ↓ ██
    2016-10   -5.72%  (大盤  -2.61%)  ↓ ███████████
    2016-11   -4.85%  (大盤  -0.69%)  ↓ █████████
    2016-12   -2.04%  (大盤  +1.34%)  ↓ ████
    2017-01  + 13.51%  (大盤  +2.15%)  ↑ ███████████████████████████
    2017-02  +  7.79%  (大盤  +4.83%)  ↑ ███████████████
    2017-03  +  8.14%  (大盤  +2.20%)  ↑ ████████████████
    2017-04  +  1.41%  (大盤  -1.81%)  ↑ ██
    2017-05  +  0.94%  (大盤  +0.47%)  ↑ █
    2017-06  +  0.17%  (大盤  +0.30%)  ↑ █
    2017-07  +  2.39%  (大盤  -0.25%)  ↑ ████
    2017-08  + 11.75%  (大盤  +1.36%)  ↑ ███████████████████████
    2017-09  + 10.40%  (大盤  +0.40%)  ↑ ████████████████████
    2017-10   -6.52%  (大盤  +1.03%)  ↓ █████████████
    2017-11  +  0.79%  (大盤  -0.59%)  ↑ █
    2017-12  +  1.72%  (大盤  +1.06%)  ↑ ███
    2018-01  +  8.93%  (大盤  +1.11%)  ↑ █████████████████
    2018-02   -6.07%  (大盤  -1.64%)  ↓ ████████████
    2018-03  +  6.00%  (大盤  +2.99%)  ↑ ████████████
    2018-04  +  1.38%  (大盤  -3.37%)  ↑ ██
    2018-05  +  7.68%  (大盤  +2.93%)  ↑ ███████████████
    2018-06  +  7.29%  (大盤  -0.39%)  ↑ ██████████████
    2018-07   -5.31%  (大盤  -2.02%)  ↓ ██████████
    2018-08  +  6.25%  (大盤  -4.27%)  ↑ ████████████
    2018-09   -5.49%  (大盤  -2.38%)  ↓ ██████████
    2018-10  -21.14%  (大盤 -13.07%)  ↓ ██████████████████████████████████████████
    2018-11  + 41.43%  (大盤  +7.87%)  ↑ ██████████████████████████████████████████████████████████████████████████████████
    2018-12   -7.27%  (大盤  -2.84%)  ↓ ██████████████
    2019-01  +  5.34%  (大盤  +3.98%)  ↑ ██████████
    2019-02  +  4.26%  (大盤  +4.05%)  ↑ ████████
    2019-03  +  0.59%  (大盤  +1.95%)  ↑ █
    2019-04   -0.59%  (大盤  +0.69%)  ↓ █
    2019-05  -10.72%  (大盤  -4.59%)  ↓ █████████████████████
    2019-06   -0.96%  (大盤  +2.27%)  ↓ █
    2019-07   -3.32%  (大盤  -0.12%)  ↓ ██████
    2019-08  +  0.49%  (大盤  -0.60%)  ↑ █
    2019-09  + 11.08%  (大盤  +0.02%)  ↑ ██████████████████████
    2019-10   -0.80%  (大盤  +1.11%)  ↓ █
    2019-11  + 12.17%  (大盤  -1.02%)  ↑ ████████████████████████
    2019-12  +  3.39%  (大盤  +4.01%)  ↑ ██████
    2020-01   -3.87%  (大盤  -7.63%)  ↓ ███████
    2020-02  -13.57%  (大盤  +0.25%)  ↓ ███████████████████████████
    2020-03  -26.00%  (大盤 -17.07%)  ↓ ████████████████████████████████████████████████████
    2020-04  + 23.68%  (大盤 +16.12%)  ↑ ███████████████████████████████████████████████
    2020-05  + 15.25%  (大盤  +7.41%)  ↑ ██████████████████████████████
    2020-06  + 13.91%  (大盤  +6.49%)  ↑ ███████████████████████████
    2020-07  + 12.10%  (大盤  +0.57%)  ↑ ████████████████████████
    2020-08  +  6.03%  (大盤  +2.72%)  ↑ ████████████
    2020-09  + 34.55%  (大盤  +0.12%)  ↑ █████████████████████████████████████████████████████████████████████
    2020-10  -11.42%  (大盤  -0.73%)  ↓ ██████████████████████
    2020-11  +  9.09%  (大盤  +8.55%)  ↑ ██████████████████
    2020-12  +  5.56%  (大盤  +3.90%)  ↑ ███████████
    2021-01  -10.15%  (大盤  -5.43%)  ↓ ████████████████████
    2021-02  + 24.39%  (大盤  +8.47%)  ↑ ████████████████████████████████████████████████
    2021-03  +  9.13%  (大盤  +8.78%)  ↑ ██████████████████
    2021-04   -4.38%  (大盤  +3.85%)  ↓ ████████
    2021-05   -3.05%  (大盤  -4.99%)  ↓ ██████
    2021-06  + 45.13%  (大盤  +3.59%)  ↑ ██████████████████████████████████████████████████████████████████████████████████████████
    2021-07   -0.59%  (大盤  +1.80%)  ↓ █
    2021-08   -5.06%  (大盤  -3.88%)  ↓ ██████████
    2021-09  +  8.71%  (大盤  -4.68%)  ↑ █████████████████
    2021-10  +  2.87%  (大盤  +4.70%)  ↑ █████
    2021-11  +  7.12%  (大盤  +2.99%)  ↑ ██████████████
    2021-12  + 15.03%  (大盤  +4.37%)  ↑ ██████████████████████████████
    2022-01   -1.42%  (大盤  -4.50%)  ↓ ██
    2022-02   -1.53%  (大盤  +1.21%)  ↓ ███
    2022-03  +  2.08%  (大盤  -0.42%)  ↑ ████
    2022-04   -4.47%  (大盤  -5.32%)  ↓ ████████
    2022-05  +  1.15%  (大盤  +0.92%)  ↑ ██
    2022-06   -6.34%  (大盤 -10.73%)  ↓ ████████████
    2022-07  + 11.90%  (大盤  +4.24%)  ↑ ███████████████████████
    2022-08  +  8.65%  (大盤  +4.12%)  ↑ █████████████████
    2022-09   -5.53%  (大盤  -8.84%)  ↓ ███████████
    2022-10   -0.45%  (大盤  -3.75%)  ↓ █
    2022-11  +  8.38%  (大盤  +9.64%)  ↑ ████████████████
    2022-12  + 12.89%  (大盤  -1.81%)  ↑ █████████████████████████
    2023-01  +  1.01%  (大盤  +3.96%)  ↑ ██
    2023-02  +  7.82%  (大盤  +6.88%)  ↑ ███████████████
    2023-03  + 19.78%  (大盤  +2.64%)  ↑ ███████████████████████████████████████
    2023-04  + 11.01%  (大盤  +1.67%)  ↑ ██████████████████████
    2023-05  +  4.30%  (大盤  +2.14%)  ↑ ████████
    2023-06  + 14.55%  (大盤  +2.99%)  ↑ █████████████████████████████
    2023-07   -3.25%  (大盤  -1.84%)  ↓ ██████
    2023-08  + 15.58%  (大盤  -3.23%)  ↑ ███████████████████████████████
    2023-09  + 11.36%  (大盤  +0.17%)  ↑ ██████████████████████
    2023-10  +  4.41%  (大盤  -3.40%)  ↑ ████████
    2023-11  +  4.72%  (大盤  +8.35%)  ↑ █████████
    2023-12   -4.33%  (大盤  +0.73%)  ↓ ████████
    2024-01  +  6.08%  (大盤  +0.07%)  ↑ ████████████
    2024-02  + 10.05%  (大盤  +4.60%)  ↑ ████████████████████
    2024-03  +  2.72%  (大盤  +0.54%)  ↑ █████
    2024-04  +  7.54%  (大盤  +1.38%)  ↑ ███████████████
    2024-05  +  5.84%  (大盤  +4.00%)  ↑ ███████████
    2024-06  + 10.41%  (大盤  +2.49%)  ↑ ████████████████████
    2024-07  +  5.38%  (大盤  -1.03%)  ↑ ██████████
    2024-08   -0.67%  (大盤  -1.82%)  ↓ █
    2024-09   -3.93%  (大盤  -0.69%)  ↓ ███████
    2024-10  +  3.49%  (大盤  -1.89%)  ↑ ██████
    2024-11  +  2.30%  (大盤  -2.65%)  ↑ ████
    2024-12   -0.87%  (大盤  -1.74%)  ↓ █
    2025-01  +  0.42%  (大盤  -2.16%)  ↑ █
    2025-02  +  8.70%  (大盤  +4.40%)  ↑ █████████████████
    2025-03   -9.17%  (大盤  -6.75%)  ↓ ██████████████████
    2025-04  -15.89%  (大盤  -6.07%)  ↓ ███████████████████████████████
    2025-05  -13.38%  (大盤  -0.59%)  ↓ ██████████████████████████
    2025-06   -8.05%  (大盤  +1.07%)  ↓ ████████████████
    2025-07  +  5.19%  (大盤  +0.53%)  ↑ ██████████
    2025-08  + 19.16%  (大盤  +4.22%)  ↑ ██████████████████████████████████████
    2025-09   -7.46%  (大盤  +0.23%)  ↓ ██████████████
    2025-10   -1.99%  (大盤  -1.26%)  ↓ ███
    2025-11   -8.55%  (大盤  -2.11%)  ↓ █████████████████
    2025-12  + 11.28%  (大盤  +3.37%)  ↑ ██████████████████████
    2026-01  +  9.88%  (大盤  +0.62%)  ↑ ███████████████████
    2026-02  +  8.77%  (大盤  +4.25%)  ↑ █████████████████
    2026-03   -2.54%  (大盤  -2.00%)  ↓ █████
    2026-04  + 12.39%  (大盤 +11.45%)  ↑ ████████████████████████
============================================================

[quantstats] 績效報告已輸出: /Users/james.chou/JamesProject/stock_bot/artifacts/backtest_report.html  (periods_per_year=12)

結果已儲存: artifacts/optuna_10y/baseline.json
