
============================================================
Walk-Forward Backtest
============================================================
  資料範圍: 2016-03-15 ~ 2026-04-21
  回測期間: 2016-06-12 ~ 2026-04-21
  模型重訓: 每 3 個月
  選股數量: 15  倉位: equal
  停損策略: fixed 0%
  交易成本: 0.584%（來回）  進場延遲: 0 交易日
  無風險利率: 1.5%  Benchmark含成本: True

[TIMER] load_prices start | mem=0.2GB | t=0.8s
[TIMER] load_prices done 1.1s | mem=0.8GB | t=1.9s
[TIMER] load_all_features start (non-rolling, DuckDB) | mem=0.8GB | t=1.9s
[TIMER] load_all_features done 5.9s | mem=1.6GB | t=7.8s
  EMERGING 過濾：排除 367 支興櫃股
  再平衡次數: 119 (頻率: M)
  [2016-06-13] 模型重訓完成 (訓練筆數: 5,099) [TIMER] train_model: 4.22s
  [2016-06-13 ~ 2016-07-01] 組合: +0.50%  大盤: +1.71%  持股: 15  停損: 0  淨值: 10,050  [1/119 | 記憶體: 1.6GB | 預估剩餘: 11分鐘]
  [2016-07-01 ~ 2016-08-01] 組合: +1.07%  大盤: +2.70%  持股: 15  停損: 0  淨值: 10,157  [2/119 | 記憶體: 1.6GB | 預估剩餘: 6分鐘]
  [2016-08-01 ~ 2016-09-01] 組合: -0.93%  大盤: -0.92%  持股: 15  停損: 0  淨值: 10,063  [3/119 | 記憶體: 1.5GB | 預估剩餘: 5分鐘]
  [2016-09-01 ~ 2016-10-03] 組合: +0.45%  大盤: +0.27%  持股: 15  停損: 0  淨值: 10,108  [4/119 | 記憶體: 1.6GB | 預估剩餘: 4分鐘]
  [2016-10-03] 模型重訓完成 (訓練筆數: 12,585) [TIMER] train_model: 4.31s
  [2016-10-03] seasonal_filter: 月份10 topN → 7
  [2016-10-03 ~ 2016-11-01] 組合: -1.18%  大盤: -3.20%  持股: 7  停損: 0  淨值: 9,988  [5/119 | 記憶體: 1.7GB | 預估剩餘: 5分鐘]
  [2016-11-01 ~ 2016-12-01] 組合: -1.10%  大盤: -2.71%  持股: 15  停損: 0  淨值: 9,878  [6/119 | 記憶體: 1.4GB | 預估剩餘: 4分鐘]
  [2016-12-01 ~ 2017-01-03] 組合: -0.22%  大盤: +0.47%  持股: 15  停損: 0  淨值: 9,857  [7/119 | 記憶體: 1.4GB | 預估剩餘: 4分鐘]
  [2017-01-03] 模型重訓完成 (訓練筆數: 18,144) [TIMER] train_model: 5.68s
/Users/james.chou/.pyenv/versions/3.10.16/lib/python3.10/site-packages/numpy/lib/nanfunctions.py:1741: RuntimeWarning: invalid value encountered in subtract
  np.subtract(arr, avg, out=arr, casting='unsafe', where=where)
  [2017-01-03 ~ 2017-02-02] 組合: +2.74%  大盤: +3.41%  持股: 15  停損: 0  淨值: 10,127  [8/119 | 記憶體: 1.7GB | 預估剩餘: 5分鐘]
  [2017-02-02 ~ 2017-03-01] 組合: +1.71%  大盤: +3.16%  持股: 15  停損: 0  淨值: 10,299  [9/119 | 記憶體: 1.4GB | 預估剩餘: 5分鐘]
  [2017-03-01] seasonal_filter: 月份3 topN → 7
  [2017-03-01 ~ 2017-04-05] 組合: -0.48%  大盤: +2.12%  持股: 7  停損: 0  淨值: 10,251  [10/119 | 記憶體: 1.1GB | 預估剩餘: 4分鐘]
  [2017-04-05] 模型重訓完成 (訓練筆數: 23,730) [TIMER] train_model: 5.37s
  [2017-04-05 ~ 2017-05-02] 組合: -0.65%  大盤: -2.02%  持股: 15  停損: 0  淨值: 10,183  [11/119 | 記憶體: 1.6GB | 預估剩餘: 5分鐘]
  [2017-05-02 ~ 2017-06-01] 組合: -0.09%  大盤: -0.36%  持股: 15  停損: 0  淨值: 10,174  [12/119 | 記憶體: 1.3GB | 預估剩餘: 5分鐘]
  [2017-06-01 ~ 2017-07-03] 組合: -0.35%  大盤: +1.67%  持股: 15  停損: 0  淨值: 10,138  [13/119 | 記憶體: 1.3GB | 預估剩餘: 4分鐘]
  [2017-07-03 ~ 2017-08-01] 組合: +2.65%  大盤: +3.33%  持股: 15  停損: 0  淨值: 10,407  [14/119 | 記憶體: 1.2GB | 預估剩餘: 4分鐘]
  [2017-08-01] 模型重訓完成 (訓練筆數: 33,420) [TIMER] train_model: 4.96s
  [2017-08-01 ~ 2017-09-01] 組合: +4.73%  大盤: +5.04%  持股: 15  停損: 0  淨值: 10,899  [15/119 | 記憶體: 1.1GB | 預估剩餘: 4分鐘]
  [2017-09-01 ~ 2017-10-02] 組合: -0.25%  大盤: -1.49%  持股: 15  停損: 0  淨值: 10,872  [16/119 | 記憶體: 1.1GB | 預估剩餘: 4分鐘]
  [2017-10-02] seasonal_filter: 月份10 topN → 7
  [2017-10-02 ~ 2017-11-01] 組合: -0.25%  大盤: +2.03%  持股: 7  停損: 0  淨值: 10,845  [17/119 | 記憶體: 1.1GB | 預估剩餘: 4分鐘]
  [2017-11-01] 模型重訓完成 (訓練筆數: 42,455) [TIMER] train_model: 3.38s
  [2017-11-01 ~ 2017-12-01] 組合: -0.05%  大盤: -1.78%  持股: 15  停損: 0  淨值: 10,839  [18/119 | 記憶體: 1.1GB | 預估剩餘: 4分鐘]
  [2017-12-01 ~ 2018-01-02] 組合: +0.48%  大盤: -0.39%  持股: 15  停損: 0  淨值: 10,890  [19/119 | 記憶體: 1.1GB | 預估剩餘: 4分鐘]
  [2018-01-02 ~ 2018-02-01] 組合: +0.09%  大盤: +2.36%  持股: 15  停損: 0  淨值: 10,901  [20/119 | 記憶體: 1.1GB | 預估剩餘: 4分鐘]
  [2018-02-01] 模型重訓完成 (訓練筆數: 52,749) [TIMER] train_model: 4.78s
  [2018-02-01 ~ 2018-03-01] 組合: -0.38%  大盤: -3.39%  持股: 15  停損: 0  淨值: 10,859  [21/119 | 記憶體: 1.5GB | 預估剩餘: 4分鐘]
  [2018-03-01] seasonal_filter: 月份3 topN → 7
  [2018-03-01 ~ 2018-04-02] 組合: +0.55%  大盤: +0.68%  持股: 7  停損: 0  淨值: 10,919  [22/119 | 記憶體: 1.4GB | 預估剩餘: 4分鐘]
  [2018-04-02 ~ 2018-05-02] 組合: -0.63%  大盤: -4.37%  持股: 15  停損: 0  淨值: 10,850  [23/119 | 記憶體: 1.1GB | 預估剩餘: 4分鐘]
  [2018-05-02] 模型重訓完成 (訓練筆數: 61,352) [TIMER] train_model: 6.36s
  [2018-05-02 ~ 2018-06-01] 組合: +0.93%  大盤: +8.51%  持股: 15  停損: 0  淨值: 10,951  [24/119 | 記憶體: 1.3GB | 預估剩餘: 4分鐘]
  [2018-06-01 ~ 2018-07-02] 組合: +0.35%  大盤: -0.11%  持股: 15  停損: 0  淨值: 10,990  [25/119 | 記憶體: 1.3GB | 預估剩餘: 4分鐘]
  [2018-07-02 ~ 2018-08-01] 組合: -1.11%  大盤: -2.60%  持股: 15  停損: 0  淨值: 10,868  [26/119 | 記憶體: 1.3GB | 預估剩餘: 4分鐘]
  [2018-08-01] 模型重訓完成 (訓練筆數: 71,750) [TIMER] train_model: 4.82s
  [2018-08-01 ~ 2018-09-03] 組合: -1.21%  大盤: -7.92%  持股: 15  停損: 0  淨值: 10,737  [27/119 | 記憶體: 1.2GB | 預估剩餘: 4分鐘]
  [2018-09-03] market_filter_tiers: 前期大盤 -7.92% < -5%，持股×0.5→7
  [2018-09-03 ~ 2018-10-01] 組合: -1.94%  大盤: -5.63%  持股: 7  停損: 0  淨值: 10,528  [28/119 | 記憶體: 1.2GB | 預估剩餘: 4分鐘]
  [2018-10-01] seasonal_filter: 月份10 topN → 7
  [2018-10-01] market_filter_tiers: 前期大盤 -5.63% < -5%，持股×0.5→3
  [2018-10-01 ~ 2018-11-01] 組合: -3.14%  大盤: -14.51%  持股: 3  停損: 0  淨值: 10,198  [29/119 | 記憶體: 1.2GB | 預估剩餘: 4分鐘]
  [2018-11-01] 模型重訓完成 (訓練筆數: 81,350) [TIMER] train_model: 4.11s
  [2018-11-01] 大盤環境不佳 (20日中位數 -11.05%)，topN → 5
  [2018-11-01] market_filter_tiers: 前期大盤 -14.51% < -10%，持股×0.25→1
  [2018-11-01] min_positions: 1→2（補1檔）
  [2018-11-01 ~ 2018-12-03] 組合: +1.55%  大盤: +9.52%  持股: 2  停損: 0  淨值: 10,356  [30/119 | 記憶體: 0.9GB | 預估剩餘: 4分鐘]
  [2018-12-03 ~ 2019-01-02] 組合: -0.68%  大盤: -8.11%  持股: 15  停損: 0  淨值: 10,285  [31/119 | 記憶體: 0.8GB | 預估剩餘: 4分鐘]
  [2019-01-02] market_filter_tiers: 前期大盤 -8.11% < -5%，持股×0.5→7
  [2019-01-02 ~ 2019-02-11] 組合: +1.05%  大盤: +7.83%  持股: 7  停損: 0  淨值: 10,393  [32/119 | 記憶體: 1.0GB | 預估剩餘: 4分鐘]
  [2019-02-11] 模型重訓完成 (訓練筆數: 90,579) [TIMER] train_model: 7.02s
  [2019-02-11 ~ 2019-03-04] 組合: +0.83%  大盤: +3.97%  持股: 15  停損: 0  淨值: 10,479  [33/119 | 記憶體: 1.3GB | 預估剩餘: 4分鐘]
  [2019-03-04] seasonal_filter: 月份3 topN → 7
  [2019-03-04 ~ 2019-04-01] 組合: -0.05%  大盤: +2.97%  持股: 7  停損: 0  淨值: 10,473  [34/119 | 記憶體: 1.3GB | 預估剩餘: 4分鐘]
  [2019-04-01 ~ 2019-05-02] 組合: +0.73%  大盤: +1.40%  持股: 15  停損: 0  淨值: 10,549  [35/119 | 記憶體: 1.3GB | 預估剩餘: 4分鐘]
  [2019-05-02 ~ 2019-06-03] 組合: -1.09%  大盤: -9.02%  持股: 15  停損: 0  淨值: 10,435  [36/119 | 記憶體: 1.0GB | 預估剩餘: 4分鐘]
  [2019-06-03] 模型重訓完成 (訓練筆數: 101,572) [TIMER] train_model: 7.40s
  [2019-06-03] market_filter_tiers: 前期大盤 -9.02% < -5%，持股×0.5→7
  [2019-06-03 ~ 2019-07-01] 組合: +1.96%  大盤: +7.32%  持股: 7  停損: 0  淨值: 10,640  [37/119 | 記憶體: 1.3GB | 預估剩餘: 4分鐘]
  [2019-07-01 ~ 2019-08-01] 組合: -0.48%  大盤: -0.34%  持股: 15  停損: 0  淨值: 10,588  [38/119 | 記憶體: 1.1GB | 預估剩餘: 4分鐘]
  [2019-08-01 ~ 2019-09-02] 組合: +0.38%  大盤: +0.26%  持股: 15  停損: 0  淨值: 10,628  [39/119 | 記憶體: 1.2GB | 預估剩餘: 4分鐘]
  [2019-09-02] 模型重訓完成 (訓練筆數: 110,694) [TIMER] train_model: 5.15s
  [2019-09-02 ~ 2019-10-01] 組合: +1.22%  大盤: +0.79%  持股: 15  停損: 0  淨值: 10,758  [40/119 | 記憶體: 1.3GB | 預估剩餘: 4分鐘]
  [2019-10-01] seasonal_filter: 月份10 topN → 7
  [2019-10-01 ~ 2019-11-01] 組合: +1.25%  大盤: +4.96%  持股: 7  停損: 0  淨值: 10,892  [41/119 | 記憶體: 1.1GB | 預估剩餘: 4分鐘]
  [2019-11-01 ~ 2019-12-02] 組合: -1.28%  大盤: -1.83%  持股: 15  停損: 0  淨值: 10,752  [42/119 | 記憶體: 1.1GB | 預估剩餘: 3分鐘]
  [2019-12-02] 模型重訓完成 (訓練筆數: 120,729) [TIMER] train_model: 5.36s
  [2019-12-02 ~ 2020-01-02] 組合: +2.77%  大盤: +5.46%  持股: 15  停損: 0  淨值: 11,051  [43/119 | 記憶體: 1.8GB | 預估剩餘: 4分鐘]
  [2020-01-02 ~ 2020-02-03] 組合: -2.83%  大盤: -9.27%  持股: 15  停損: 0  淨值: 10,737  [44/119 | 記憶體: 1.1GB | 預估剩餘: 3分鐘]
  [2020-02-03] 大盤環境不佳 (20日中位數 -6.23%)，topN → 5
  [2020-02-03] market_filter_tiers: 前期大盤 -9.27% < -5%，持股×0.5→2
  [2020-02-03 ~ 2020-03-02] 組合: -0.92%  大盤: -0.14%  持股: 2  停損: 0  淨值: 10,638  [45/119 | 記憶體: 1.0GB | 預估剩餘: 3分鐘]
  [2020-03-02] 模型重訓完成 (訓練筆數: 130,033) [TIMER] train_model: 7.48s
  [2020-03-02] seasonal_filter: 月份3 topN → 7
  [2020-03-02 ~ 2020-04-01] 組合: -2.32%  大盤: -15.46%  持股: 7  停損: 0  淨值: 10,391  [46/119 | 記憶體: 1.8GB | 預估剩餘: 3分鐘]
  [2020-04-01] 大盤環境不佳 (20日中位數 -17.52%)，topN → 5
  [2020-04-01] market_filter_tiers: 前期大盤 -15.46% < -15%，持股×0.1→1
  [2020-04-01] min_positions: 1→2（補1檔）
  [2020-04-01 ~ 2020-05-04] 組合: +2.57%  大盤: +17.28%  持股: 2  停損: 0  淨值: 10,658  [47/119 | 記憶體: 1.3GB | 預估剩餘: 3分鐘]
  [2020-05-04 ~ 2020-06-01] 組合: +0.73%  大盤: +7.34%  持股: 15  停損: 0  淨值: 10,737  [48/119 | 記憶體: 1.4GB | 預估剩餘: 3分鐘]
  [2020-06-01] 模型重訓完成 (訓練筆數: 141,123) [TIMER] train_model: 6.19s
  [2020-06-01 ~ 2020-07-01] 組合: +1.55%  大盤: +7.46%  持股: 15  停損: 0  淨值: 10,903  [49/119 | 記憶體: 1.3GB | 預估剩餘: 3分鐘]
  [2020-07-01 ~ 2020-08-03] 組合: +0.56%  大盤: +0.69%  持股: 15  停損: 0  淨值: 10,964  [50/119 | 記憶體: 1.3GB | 預估剩餘: 3分鐘]
  [2020-08-03 ~ 2020-09-01] 組合: +1.86%  大盤: +1.00%  持股: 15  停損: 0  淨值: 11,168  [51/119 | 記憶體: 1.3GB | 預估剩餘: 3分鐘]
  [2020-09-01] 模型重訓完成 (訓練筆數: 157,209) [TIMER] train_model: 5.18s
  [2020-09-01 ~ 2020-10-05] 組合: -0.58%  大盤: -3.60%  持股: 15  停損: 0  淨值: 11,103  [52/119 | 記憶體: 1.1GB | 預估剩餘: 3分鐘]
  [2020-10-05] seasonal_filter: 月份10 topN → 7
  [2020-10-05 ~ 2020-11-02] 組合: -0.36%  大盤: -1.02%  持股: 7  停損: 0  淨值: 11,063  [53/119 | 記憶體: 1.0GB | 預估剩餘: 3分鐘]
  [2020-11-02 ~ 2020-12-01] 組合: +0.61%  大盤: +10.30%  持股: 15  停損: 0  淨值: 11,131  [54/119 | 記憶體: 1.0GB | 預估剩餘: 3分鐘]
  [2020-12-01] 模型重訓完成 (訓練筆數: 171,569) [TIMER] train_model: 7.85s
  [2020-12-01 ~ 2021-01-04] 組合: +2.06%  大盤: +4.75%  持股: 15  停損: 0  淨值: 11,360  [55/119 | 記憶體: 2.3GB | 預估剩餘: 3分鐘]
  [2021-01-04 ~ 2021-02-01] 組合: -0.29%  大盤: -4.62%  持股: 15  停損: 0  淨值: 11,328  [56/119 | 記憶體: 2.3GB | 預估剩餘: 3分鐘]
  [2021-02-01] 大盤環境不佳 (20日中位數 -5.72%)，topN → 5
  [2021-02-01 ~ 2021-03-02] 組合: +2.46%  大盤: +8.11%  持股: 5  停損: 0  淨值: 11,606  [57/119 | 記憶體: 1.4GB | 預估剩餘: 3分鐘]
  [2021-03-02] 模型重訓完成 (訓練筆數: 189,483) [TIMER] train_model: 6.78s
  [2021-03-02] seasonal_filter: 月份3 topN → 7
  [2021-03-02 ~ 2021-04-01] 組合: +1.78%  大盤: +8.69%  持股: 7  停損: 0  淨值: 11,812  [58/119 | 記憶體: 1.3GB | 預估剩餘: 3分鐘]
  [2021-04-01 ~ 2021-05-03] 組合: -0.96%  大盤: +3.09%  持股: 15  停損: 0  淨值: 11,699  [59/119 | 記憶體: 1.1GB | 預估剩餘: 3分鐘]
  [2021-05-03 ~ 2021-06-01] 組合: +0.42%  大盤: -2.98%  持股: 15  停損: 0  淨值: 11,748  [60/119 | 記憶體: 1.1GB | 預估剩餘: 3分鐘]
  [2021-06-01] 模型重訓完成 (訓練筆數: 208,861) [TIMER] train_model: 5.40s
  [2021-06-01 ~ 2021-07-01] 組合: +2.66%  大盤: +9.35%  持股: 15  停損: 0  淨值: 12,060  [61/119 | 記憶體: 1.1GB | 預估剩餘: 3分鐘]
  [2021-07-01 ~ 2021-08-02] 組合: -0.18%  大盤: +1.56%  持股: 15  停損: 0  淨值: 12,038  [62/119 | 記憶體: 1.0GB | 預估剩餘: 3分鐘]
  [2021-08-02 ~ 2021-09-01] 組合: -1.05%  大盤: -4.33%  持股: 15  停損: 0  淨值: 11,912  [63/119 | 記憶體: 1.0GB | 預估剩餘: 3分鐘]
  [2021-09-01] 模型重訓完成 (訓練筆數: 232,481) [TIMER] train_model: 9.18s
  [2021-09-01] 大盤環境不佳 (20日中位數 -4.07%)，topN → 5
  [2021-09-01 ~ 2021-10-01] 組合: -0.76%  大盤: -10.23%  持股: 5  停損: 0  淨值: 11,821  [64/119 | 記憶體: 1.3GB | 預估剩餘: 3分鐘]
  [2021-10-01] seasonal_filter: 月份10 topN → 7
  [2021-10-01] market_filter_tiers: 前期大盤 -10.23% < -10%，持股×0.25→1
  [2021-10-01] min_positions: 1→2（補1檔）
  [2021-10-01 ~ 2021-11-01] 組合: +1.11%  大盤: +8.36%  持股: 2  停損: 0  淨值: 11,952  [65/119 | 記憶體: 1.1GB | 預估剩餘: 3分鐘]
  [2021-11-01 ~ 2021-12-01] 組合: +2.97%  大盤: +4.12%  持股: 15  停損: 0  淨值: 12,308  [66/119 | 記憶體: 1.3GB | 預估剩餘: 3分鐘]
  [2021-12-01] 模型重訓完成 (訓練筆數: 250,179) [TIMER] train_model: 6.52s
  [2021-12-01 ~ 2022-01-03] 組合: +0.77%  大盤: +2.89%  持股: 15  停損: 0  淨值: 12,403  [67/119 | 記憶體: 1.6GB | 預估剩餘: 3分鐘]
  [2022-01-03 ~ 2022-02-07] 組合: -2.45%  大盤: -8.71%  持股: 15  停損: 0  淨值: 12,099  [68/119 | 記憶體: 1.8GB | 預估剩餘: 3分鐘]
  [2022-02-07] market_filter_tiers: 前期大盤 -8.71% < -5%，持股×0.5→7
  [2022-02-07 ~ 2022-03-01] 組合: +0.52%  大盤: +1.28%  持股: 7  停損: 0  淨值: 12,163  [69/119 | 記憶體: 1.9GB | 預估剩餘: 2分鐘]
  [2022-03-01] 模型重訓完成 (訓練筆數: 267,814) [TIMER] train_model: 5.56s
  [2022-03-01] seasonal_filter: 月份3 topN → 7
  [2022-03-01 ~ 2022-04-01] 組合: -0.28%  大盤: -0.57%  持股: 7  停損: 0  淨值: 12,128  [70/119 | 記憶體: 1.3GB | 預估剩餘: 3分鐘]
  [2022-04-01 ~ 2022-05-03] 組合: -1.48%  大盤: -9.55%  持股: 15  停損: 0  淨值: 11,949  [71/119 | 記憶體: 1.1GB | 預估剩餘: 2分鐘]
  [2022-05-03] 大盤環境不佳 (20日中位數 -4.62%)，topN → 5
  [2022-05-03] market_filter_tiers: 前期大盤 -9.55% < -5%，持股×0.5→2
  [2022-05-03 ~ 2022-06-01] 組合: -1.35%  大盤: +0.79%  持股: 2  停損: 0  淨值: 11,787  [72/119 | 記憶體: 1.2GB | 預估剩餘: 2分鐘]
  [2022-06-01] 模型重訓完成 (訓練筆數: 284,175) [TIMER] train_model: 8.50s
  [2022-06-01 ~ 2022-07-01] 組合: -2.83%  大盤: -18.06%  持股: 15  停損: 0  淨值: 11,453  [73/119 | 記憶體: 1.7GB | 預估剩餘: 2分鐘]
  [2022-07-01] 大盤環境不佳 (20日中位數 -8.42%)，topN → 5
  [2022-07-01] market_filter_tiers: 前期大盤 -18.06% < -15%，持股×0.1→1
  [2022-07-01] min_positions: 1→2（補1檔）
  [2022-07-01 ~ 2022-08-01] 組合: +0.88%  大盤: +5.77%  持股: 2  停損: 0  淨值: 11,554  [74/119 | 記憶體: 1.8GB | 預估剩餘: 2分鐘]
  [2022-08-01 ~ 2022-09-01] 組合: +1.65%  大盤: +3.03%  持股: 15  停損: 0  淨值: 11,745  [75/119 | 記憶體: 2.0GB | 預估剩餘: 2分鐘]
  [2022-09-01] 模型重訓完成 (訓練筆數: 299,513) [TIMER] train_model: 5.05s
  [2022-09-01 ~ 2022-10-03] 組合: -2.22%  大盤: -12.99%  持股: 15  停損: 0  淨值: 11,484  [76/119 | 記憶體: 1.7GB | 預估剩餘: 2分鐘]
  [2022-10-03] 大盤環境不佳 (20日中位數 -8.12%)，topN → 5
  [2022-10-03] market_filter_tiers: 前期大盤 -12.99% < -10%，持股×0.25→1
  [2022-10-03] min_positions: 1→2（補1檔）
  [2022-10-03 ~ 2022-11-01] 組合: -1.71%  大盤: -3.91%  持股: 2  停損: 0  淨值: 11,288  [77/119 | 記憶體: 1.9GB | 預估剩餘: 2分鐘]
/Users/james.chou/.pyenv/versions/3.10.16/lib/python3.10/site-packages/numpy/lib/nanfunctions.py:1741: RuntimeWarning: invalid value encountered in subtract
  np.subtract(arr, avg, out=arr, casting='unsafe', where=where)
  [2022-11-01 ~ 2022-12-01] 組合: +20.49%  大盤: +15.47%  持股: 15  停損: 0  淨值: 13,601  [78/119 | 記憶體: 1.9GB | 預估剩餘: 2分鐘]
  [2022-12-01] 模型重訓完成 (訓練筆數: 313,765) [TIMER] train_model: 7.84s
  [2022-12-01 ~ 2023-01-03] 組合: -1.05%  大盤: -5.94%  持股: 15  停損: 0  淨值: 13,458  [79/119 | 記憶體: 1.8GB | 預估剩餘: 2分鐘]
  [2023-01-03] market_filter_tiers: 前期大盤 -5.94% < -5%，持股×0.5→7
  [2023-01-03 ~ 2023-02-01] 組合: +1.59%  大盤: +6.10%  持股: 7  停損: 0  淨值: 13,672  [80/119 | 記憶體: 1.8GB | 預估剩餘: 2分鐘]
  [2023-02-01 ~ 2023-03-01] 組合: +0.67%  大盤: +4.27%  持股: 15  停損: 0  淨值: 13,763  [81/119 | 記憶體: 1.6GB | 預估剩餘: 2分鐘]
  [2023-03-01] 模型重訓完成 (訓練筆數: 326,571) [TIMER] train_model: 9.82s
  [2023-03-01] seasonal_filter: 月份3 topN → 7
  [2023-03-01 ~ 2023-04-06] 組合: -0.36%  大盤: +2.96%  持股: 7  停損: 0  淨值: 13,714  [82/119 | 記憶體: 1.8GB | 預估剩餘: 2分鐘]
  [2023-04-06 ~ 2023-05-02] 組合: +0.38%  大盤: +0.35%  持股: 15  停損: 0  淨值: 13,765  [83/119 | 記憶體: 2.0GB | 預估剩餘: 2分鐘]
  [2023-05-02 ~ 2023-06-01] 組合: -0.61%  大盤: +2.59%  持股: 15  停損: 0  淨值: 13,681  [84/119 | 記憶體: 2.1GB | 預估剩餘: 2分鐘]
  [2023-06-01] 模型重訓完成 (訓練筆數: 343,608) [TIMER] train_model: 4.71s
  [2023-06-01 ~ 2023-07-03] 組合: +1.74%  大盤: +5.27%  持股: 15  停損: 0  淨值: 13,920  [85/119 | 記憶體: 1.8GB | 預估剩餘: 2分鐘]
  [2023-07-03 ~ 2023-08-01] 組合: +0.47%  大盤: -0.59%  持股: 15  停損: 0  淨值: 13,985  [86/119 | 記憶體: 1.7GB | 預估剩餘: 2分鐘]
  [2023-08-01 ~ 2023-09-01] 組合: -1.65%  大盤: -4.43%  持股: 15  停損: 0  淨值: 13,755  [87/119 | 記憶體: 2.0GB | 預估剩餘: 2分鐘]
  [2023-09-01] 模型重訓完成 (訓練筆數: 363,826) [TIMER] train_model: 10.43s
  [2023-09-01 ~ 2023-10-02] 組合: +0.04%  大盤: +1.09%  持股: 15  停損: 0  淨值: 13,760  [88/119 | 記憶體: 1.9GB | 預估剩餘: 2分鐘]
  [2023-10-02] seasonal_filter: 月份10 topN → 7
  [2023-10-02 ~ 2023-11-01] 組合: +0.14%  大盤: -5.72%  持股: 7  停損: 0  淨值: 13,779  [89/119 | 記憶體: 2.0GB | 預估剩餘: 1分鐘]
  [2023-11-01] market_filter_tiers: 前期大盤 -5.72% < -5%，持股×0.5→7
  [2023-11-01 ~ 2023-12-01] 組合: +3.37%  大盤: +11.58%  持股: 7  停損: 0  淨值: 14,244  [90/119 | 記憶體: 2.1GB | 預估剩餘: 1分鐘]
  [2023-12-01] 模型重訓完成 (訓練筆數: 380,525) [TIMER] train_model: 8.36s
  [2023-12-01 ~ 2024-01-02] 組合: -1.21%  大盤: +0.09%  持股: 15  停損: 0  淨值: 14,072  [91/119 | 記憶體: 2.0GB | 預估剩餘: 1分鐘]
  [2024-01-02 ~ 2024-02-01] 組合: -0.35%  大盤: +1.03%  持股: 15  停損: 0  淨值: 14,023  [92/119 | 記憶體: 2.1GB | 預估剩餘: 1分鐘]
  [2024-02-01 ~ 2024-03-01] 組合: +1.84%  大盤: +7.22%  持股: 15  停損: 0  淨值: 14,281  [93/119 | 記憶體: 2.1GB | 預估剩餘: 1分鐘]
  [2024-03-01] 模型重訓完成 (訓練筆數: 398,639) [TIMER] train_model: 6.96s
/Users/james.chou/.pyenv/versions/3.10.16/lib/python3.10/site-packages/numpy/lib/nanfunctions.py:1741: RuntimeWarning: invalid value encountered in subtract
  np.subtract(arr, avg, out=arr, casting='unsafe', where=where)
  [2024-03-01] seasonal_filter: 月份3 topN → 7
  [2024-03-01 ~ 2024-04-01] 組合: +2.48%  大盤: +0.23%  持股: 7  停損: 0  淨值: 14,635  [94/119 | 記憶體: 2.0GB | 預估剩餘: 1分鐘]
  [2024-04-01 ~ 2024-05-02] 組合: -1.10%  大盤: -1.38%  持股: 15  停損: 0  淨值: 14,473  [95/119 | 記憶體: 1.5GB | 預估剩餘: 1分鐘]
  [2024-05-02 ~ 2024-06-03] 組合: -0.01%  大盤: +4.17%  持股: 15  停損: 0  淨值: 14,472  [96/119 | 記憶體: 1.8GB | 預估剩餘: 1分鐘]
  [2024-06-03] 模型重訓完成 (訓練筆數: 419,996) [TIMER] train_model: 10.57s
  [2024-06-03 ~ 2024-07-01] 組合: +1.19%  大盤: +2.22%  持股: 15  停損: 0  淨值: 14,643  [97/119 | 記憶體: 2.0GB | 預估剩餘: 1分鐘]
  [2024-07-01 ~ 2024-08-01] 組合: -1.11%  大盤: -3.07%  持股: 15  停損: 0  淨值: 14,481  [98/119 | 記憶體: 2.1GB | 預估剩餘: 1分鐘]
  [2024-08-01 ~ 2024-09-02] 組合: -0.57%  大盤: -1.13%  持股: 15  停損: 0  淨值: 14,398  [99/119 | 記憶體: 2.2GB | 預估剩餘: 1分鐘]
  [2024-09-02] 模型重訓完成 (訓練筆數: 445,660) [TIMER] train_model: 5.60s
  [2024-09-02 ~ 2024-10-01] 組合: -0.06%  大盤: -2.49%  持股: 15  停損: 0  淨值: 14,390  [100/119 | 記憶體: 1.9GB | 預估剩餘: 1分鐘]
  [2024-10-01] seasonal_filter: 月份10 topN → 7
  [2024-10-01 ~ 2024-11-01] 組合: -0.39%  大盤: -2.94%  持股: 7  停損: 0  淨值: 14,334  [101/119 | 記憶體: 2.1GB | 預估剩餘: 1分鐘]
  [2024-11-01 ~ 2024-12-02] 組合: -0.89%  大盤: -3.27%  持股: 15  停損: 0  淨值: 14,207  [102/119 | 記憶體: 2.3GB | 預估剩餘: 1分鐘]
  [2024-12-02] 模型重訓完成 (訓練筆數: 466,686) [TIMER] train_model: 12.65s
  [2024-12-02 ~ 2025-01-02] 組合: -0.42%  大盤: -1.58%  持股: 15  停損: 0  淨值: 14,147  [103/119 | 記憶體: 2.1GB | 預估剩餘: 1分鐘]
  [2025-01-02 ~ 2025-02-03] 組合: -1.93%  大盤: -4.00%  持股: 15  停損: 0  淨值: 13,874  [104/119 | 記憶體: 2.3GB | 預估剩餘: 1分鐘]
  [2025-02-03 ~ 2025-03-03] 組合: -0.11%  大盤: +3.18%  持股: 15  停損: 0  淨值: 13,859  [105/119 | 記憶體: 1.6GB | 預估剩餘: 59秒]
  [2025-03-03] 模型重訓完成 (訓練筆數: 485,109) [TIMER] train_model: 11.21s
  [2025-03-03] seasonal_filter: 月份3 topN → 7
  [2025-03-03 ~ 2025-04-01] 組合: -3.04%  大盤: -9.70%  持股: 7  停損: 0  淨值: 13,437  [106/119 | 記憶體: 2.6GB | 預估剩餘: 57秒]
  [2025-04-01] 大盤環境不佳 (20日中位數 -6.97%)，topN → 5
  [2025-04-01] market_filter_tiers: 前期大盤 -9.70% < -5%，持股×0.5→2
  [2025-04-01 ~ 2025-05-02] 組合: -2.23%  大盤: -4.75%  持股: 2  停損: 0  淨值: 13,138  [107/119 | 記憶體: 2.4GB | 預估剩餘: 52秒]
  [2025-05-02] 大盤環境不佳 (20日中位數 -6.11%)，topN → 5
  [2025-05-02 ~ 2025-06-02] 組合: -0.87%  大盤: +0.49%  持股: 5  停損: 0  淨值: 13,023  [108/119 | 記憶體: 2.3GB | 預估剩餘: 47秒]
  [2025-06-02] 模型重訓完成 (訓練筆數: 503,371) [TIMER] train_model: 6.59s
  [2025-06-02 ~ 2025-07-01] 組合: +1.49%  大盤: +4.39%  持股: 15  停損: 0  淨值: 13,216  [109/119 | 記憶體: 1.9GB | 預估剩餘: 44秒]
  [2025-07-01 ~ 2025-08-01] 組合: +2.02%  大盤: +2.74%  持股: 15  停損: 0  淨值: 13,483  [110/119 | 記憶體: 1.9GB | 預估剩餘: 39秒]
  [2025-08-01 ~ 2025-09-01] 組合: +6.15%  大盤: +7.09%  持股: 15  停損: 0  淨值: 14,312  [111/119 | 記憶體: 1.9GB | 預估剩餘: 35秒]
  [2025-09-01] 模型重訓完成 (訓練筆數: 522,682) [TIMER] train_model: 11.11s
  [2025-09-01 ~ 2025-10-01] 組合: -0.48%  大盤: +0.76%  持股: 15  停損: 0  淨值: 14,244  [112/119 | 記憶體: 2.7GB | 預估剩餘: 31秒]
  [2025-10-01] seasonal_filter: 月份10 topN → 7
  [2025-10-01 ~ 2025-11-03] 組合: +0.37%  大盤: +3.09%  持股: 7  停損: 0  淨值: 14,297  [113/119 | 記憶體: 2.8GB | 預估剩餘: 26秒]
  [2025-11-03 ~ 2025-12-01] 組合: -2.07%  大盤: -2.49%  持股: 15  停損: 0  淨值: 14,001  [114/119 | 記憶體: 2.8GB | 預估剩餘: 22秒]
  [2025-12-01] 模型重訓完成 (訓練筆數: 543,816) [TIMER] train_model: 10.38s
  [2025-12-01 ~ 2026-01-02] 組合: +2.32%  大盤: +6.97%  持股: 15  停損: 0  淨值: 14,325  [115/119 | 記憶體: 3.0GB | 預估剩餘: 18秒]
  [2026-01-02 ~ 2026-02-02] 組合: +2.29%  大盤: +5.16%  持股: 15  停損: 0  淨值: 14,653  [116/119 | 記憶體: 3.0GB | 預估剩餘: 13秒]
  [2026-02-02 ~ 2026-03-02] 組合: +4.43%  大盤: +11.06%  持股: 15  停損: 0  淨值: 15,302  [117/119 | 記憶體: 3.0GB | 預估剩餘: 9秒]
  [2026-03-02] 模型重訓完成 (訓練筆數: 564,148) [TIMER] train_model: 5.60s
  [2026-03-02] seasonal_filter: 月份3 topN → 7
  [2026-03-02 ~ 2026-04-01] 組合: -1.06%  大盤: -1.98%  持股: 7  停損: 0  淨值: 15,141  [118/119 | 記憶體: 2.7GB | 預估剩餘: 4秒]
  [2026-04-01 ~ 2026-04-21] 組合: +2.07%  大盤: +20.48%  持股: 15  停損: 0  淨值: 15,455  [119/119 | 記憶體: 2.8GB | 預估剩餘: 0秒]

────────────────────────────────────────────────────────────
[TIMER] 效能瓶頸報告
────────────────────────────────────────────────────────────
  步驟                              次數       總秒      平均秒
  ------------------------------------------------------
  load_prices                      1     1.06    1.065
  load_features                    1     5.93    5.926
  load_labels                      1     0.00    0.000
  train_model                     39   268.44    6.883
  predict                        119     0.77    0.006
  breakthrough_map                 0     0.00    0.000
  simulate_period                119    35.89    0.302
  apply_stoploss                 119     0.91    0.008
  其他（overhead）                     —   229.79
  總 loop 時間                        —   541.88
────────────────────────────────────────────────────────────


============================================================
回測結果摘要
============================================================
  回測期間: 2016-06-13 ~ 2026-04-21
  再平衡次數: 119  總交易次數: 1455

  指標                               組合           大盤
  ----------------------------------------------
  累積報酬                      54.55%      88.55%
  年化報酬                       4.52%       6.65%
  超額報酬                     -34.01%
  最大回撤                     -11.07%
  Sharpe Ratio (rf=1.5%)        0.38
  Calmar Ratio                0.41
  勝率                        47.63%
  盈虧比                         1.50
  停損觸發次數                         0

  月度報酬:
    2016-06  +  0.50%  (大盤  +1.71%)  ↑ █
    2016-07  +  1.07%  (大盤  +2.70%)  ↑ ██
    2016-08   -0.93%  (大盤  -0.92%)  ↓ █
    2016-09  +  0.45%  (大盤  +0.27%)  ↑ █
    2016-10   -1.18%  (大盤  -3.20%)  ↓ ██
    2016-11   -1.10%  (大盤  -2.71%)  ↓ ██
    2016-12   -0.22%  (大盤  +0.47%)  ↓ █
    2017-01  +  2.74%  (大盤  +3.41%)  ↑ █████
    2017-02  +  1.71%  (大盤  +3.16%)  ↑ ███
    2017-03   -0.48%  (大盤  +2.12%)  ↓ █
    2017-04   -0.65%  (大盤  -2.02%)  ↓ █
    2017-05   -0.09%  (大盤  -0.36%)  ↓ █
    2017-06   -0.35%  (大盤  +1.67%)  ↓ █
    2017-07  +  2.65%  (大盤  +3.33%)  ↑ █████
    2017-08  +  4.73%  (大盤  +5.04%)  ↑ █████████
    2017-09   -0.25%  (大盤  -1.49%)  ↓ █
    2017-10   -0.25%  (大盤  +2.03%)  ↓ █
    2017-11   -0.05%  (大盤  -1.78%)  ↓ █
    2017-12  +  0.48%  (大盤  -0.39%)  ↑ █
    2018-01  +  0.09%  (大盤  +2.36%)  ↑ █
    2018-02   -0.38%  (大盤  -3.39%)  ↓ █
    2018-03  +  0.55%  (大盤  +0.68%)  ↑ █
    2018-04   -0.63%  (大盤  -4.37%)  ↓ █
    2018-05  +  0.93%  (大盤  +8.51%)  ↑ █
    2018-06  +  0.35%  (大盤  -0.11%)  ↑ █
    2018-07   -1.11%  (大盤  -2.60%)  ↓ ██
    2018-08   -1.21%  (大盤  -7.92%)  ↓ ██
    2018-09   -1.94%  (大盤  -5.63%)  ↓ ███
    2018-10   -3.14%  (大盤 -14.51%)  ↓ ██████
    2018-11  +  1.55%  (大盤  +9.52%)  ↑ ███
    2018-12   -0.68%  (大盤  -8.11%)  ↓ █
    2019-01  +  1.05%  (大盤  +7.83%)  ↑ ██
    2019-02  +  0.83%  (大盤  +3.97%)  ↑ █
    2019-03   -0.05%  (大盤  +2.97%)  ↓ █
    2019-04  +  0.73%  (大盤  +1.40%)  ↑ █
    2019-05   -1.09%  (大盤  -9.02%)  ↓ ██
    2019-06  +  1.96%  (大盤  +7.32%)  ↑ ███
    2019-07   -0.48%  (大盤  -0.34%)  ↓ █
    2019-08  +  0.38%  (大盤  +0.26%)  ↑ █
    2019-09  +  1.22%  (大盤  +0.79%)  ↑ ██
    2019-10  +  1.25%  (大盤  +4.96%)  ↑ ██
    2019-11   -1.28%  (大盤  -1.83%)  ↓ ██
    2019-12  +  2.77%  (大盤  +5.46%)  ↑ █████
    2020-01   -2.83%  (大盤  -9.27%)  ↓ █████
    2020-02   -0.92%  (大盤  -0.14%)  ↓ █
    2020-03   -2.32%  (大盤 -15.46%)  ↓ ████
    2020-04  +  2.57%  (大盤 +17.28%)  ↑ █████
    2020-05  +  0.73%  (大盤  +7.34%)  ↑ █
    2020-06  +  1.55%  (大盤  +7.46%)  ↑ ███
    2020-07  +  0.56%  (大盤  +0.69%)  ↑ █
    2020-08  +  1.86%  (大盤  +1.00%)  ↑ ███
    2020-09   -0.58%  (大盤  -3.60%)  ↓ █
    2020-10   -0.36%  (大盤  -1.02%)  ↓ █
    2020-11  +  0.61%  (大盤 +10.30%)  ↑ █
    2020-12  +  2.06%  (大盤  +4.75%)  ↑ ████
    2021-01   -0.29%  (大盤  -4.62%)  ↓ █
    2021-02  +  2.46%  (大盤  +8.11%)  ↑ ████
    2021-03  +  1.78%  (大盤  +8.69%)  ↑ ███
    2021-04   -0.96%  (大盤  +3.09%)  ↓ █
    2021-05  +  0.42%  (大盤  -2.98%)  ↑ █
    2021-06  +  2.66%  (大盤  +9.35%)  ↑ █████
    2021-07   -0.18%  (大盤  +1.56%)  ↓ █
    2021-08   -1.05%  (大盤  -4.33%)  ↓ ██
    2021-09   -0.76%  (大盤 -10.23%)  ↓ █
    2021-10  +  1.11%  (大盤  +8.36%)  ↑ ██
    2021-11  +  2.97%  (大盤  +4.12%)  ↑ █████
    2021-12  +  0.77%  (大盤  +2.89%)  ↑ █
    2022-01   -2.45%  (大盤  -8.71%)  ↓ ████
    2022-02  +  0.52%  (大盤  +1.28%)  ↑ █
    2022-03   -0.28%  (大盤  -0.57%)  ↓ █
    2022-04   -1.48%  (大盤  -9.55%)  ↓ ██
    2022-05   -1.35%  (大盤  +0.79%)  ↓ ██
    2022-06   -2.83%  (大盤 -18.06%)  ↓ █████
    2022-07  +  0.88%  (大盤  +5.77%)  ↑ █
    2022-08  +  1.65%  (大盤  +3.03%)  ↑ ███
    2022-09   -2.22%  (大盤 -12.99%)  ↓ ████
    2022-10   -1.71%  (大盤  -3.91%)  ↓ ███
    2022-11  + 20.49%  (大盤 +15.47%)  ↑ ████████████████████████████████████████
    2022-12   -1.05%  (大盤  -5.94%)  ↓ ██
    2023-01  +  1.59%  (大盤  +6.10%)  ↑ ███
    2023-02  +  0.67%  (大盤  +4.27%)  ↑ █
    2023-03   -0.36%  (大盤  +2.96%)  ↓ █
    2023-04  +  0.38%  (大盤  +0.35%)  ↑ █
    2023-05   -0.61%  (大盤  +2.59%)  ↓ █
    2023-06  +  1.74%  (大盤  +5.27%)  ↑ ███
    2023-07  +  0.47%  (大盤  -0.59%)  ↑ █
    2023-08   -1.65%  (大盤  -4.43%)  ↓ ███
    2023-09  +  0.04%  (大盤  +1.09%)  ↑ █
    2023-10  +  0.14%  (大盤  -5.72%)  ↑ █
    2023-11  +  3.37%  (大盤 +11.58%)  ↑ ██████
    2023-12   -1.21%  (大盤  +0.09%)  ↓ ██
    2024-01   -0.35%  (大盤  +1.03%)  ↓ █
    2024-02  +  1.84%  (大盤  +7.22%)  ↑ ███
    2024-03  +  2.48%  (大盤  +0.23%)  ↑ ████
    2024-04   -1.10%  (大盤  -1.38%)  ↓ ██
    2024-05   -0.01%  (大盤  +4.17%)  ↓ █
    2024-06  +  1.19%  (大盤  +2.22%)  ↑ ██
    2024-07   -1.11%  (大盤  -3.07%)  ↓ ██
    2024-08   -0.57%  (大盤  -1.13%)  ↓ █
    2024-09   -0.06%  (大盤  -2.49%)  ↓ █
    2024-10   -0.39%  (大盤  -2.94%)  ↓ █
    2024-11   -0.89%  (大盤  -3.27%)  ↓ █
    2024-12   -0.42%  (大盤  -1.58%)  ↓ █
    2025-01   -1.93%  (大盤  -4.00%)  ↓ ███
    2025-02   -0.11%  (大盤  +3.18%)  ↓ █
    2025-03   -3.04%  (大盤  -9.70%)  ↓ ██████
    2025-04   -2.23%  (大盤  -4.75%)  ↓ ████
    2025-05   -0.87%  (大盤  +0.49%)  ↓ █
    2025-06  +  1.49%  (大盤  +4.39%)  ↑ ██
    2025-07  +  2.02%  (大盤  +2.74%)  ↑ ████
    2025-08  +  6.15%  (大盤  +7.09%)  ↑ ████████████
    2025-09   -0.48%  (大盤  +0.76%)  ↓ █
    2025-10  +  0.37%  (大盤  +3.09%)  ↑ █
    2025-11   -2.07%  (大盤  -2.49%)  ↓ ████
    2025-12  +  2.32%  (大盤  +6.97%)  ↑ ████
    2026-01  +  2.29%  (大盤  +5.16%)  ↑ ████
    2026-02  +  4.43%  (大盤 +11.06%)  ↑ ████████
    2026-03   -1.06%  (大盤  -1.98%)  ↓ ██
    2026-04  +  2.07%  (大盤 +20.48%)  ↑ ████
============================================================

[quantstats] 績效報告已輸出: /Users/james.chou/JamesProject/stock_bot/artifacts/backtest_report.html  (periods_per_year=12)

結果已儲存: artifacts/optuna_10y/trial4.json
