
============================================================
Walk-Forward Backtest
============================================================
  資料範圍: 2016-03-15 ~ 2026-04-21
  回測期間: 2016-06-12 ~ 2026-04-21
  模型重訓: 每 3 個月
  選股數量: 30  倉位: equal
  停損策略: fixed 0%
  交易成本: 0.584%（來回）  進場延遲: 0 交易日
  無風險利率: 1.5%  Benchmark含成本: True

[TIMER] load_prices start | mem=0.3GB | t=0.6s
[SLOW_QUERY] 17.348s | SELECT labels.stock_id, labels.trading_date, labels.future_ret_h  FROM labels ORDER BY labels.trading_date, labels.stock_id
[TIMER] load_prices done 35.6s | mem=1.6GB | t=36.1s
[TIMER] load_all_features start (non-rolling, DuckDB) | mem=1.6GB | t=36.1s
[TIMER] load_all_features done 3.1s | mem=4.6GB | t=39.2s
  EMERGING 過濾：排除 367 支興櫃股
  再平衡次數: 119 (頻率: M)
  [2016-06-13] 模型重訓完成 (訓練筆數: 68,355) [TIMER] train_model: 2.76s
  [2016-06-13 ~ 2016-07-01] 組合: +4.28%  大盤: +1.92%  持股: 30  停損: 0  淨值: 10,428  [1/119 | 記憶體: 5.1GB | 預估剩餘: 8分鐘]
/Users/james.chou/.pyenv/versions/3.10.16/lib/python3.10/site-packages/scipy/optimize/_slsqp_py.py:434: RuntimeWarning: Values in x were outside bounds during a minimize step, clipping to bounds
  fx = wrapped_fun(x)
  [2016-07-01 ~ 2016-08-01] 組合: +1.62%  大盤: +2.41%  持股: 30  停損: 0  淨值: 10,597  [2/119 | 記憶體: 5.1GB | 預估剩餘: 4分鐘]
  [2016-08-01 ~ 2016-09-01] 組合: -1.67%  大盤: -0.55%  持股: 30  停損: 0  淨值: 10,420  [3/119 | 記憶體: 5.1GB | 預估剩餘: 3分鐘]
  [2016-09-01 ~ 2016-10-03] 組合: +0.31%  大盤: +0.69%  持股: 30  停損: 0  淨值: 10,452  [4/119 | 記憶體: 5.1GB | 預估剩餘: 2分鐘]
  [2016-10-03] 模型重訓完成 (訓練筆數: 183,064) [TIMER] train_model: 3.42s
  [2016-10-03] seasonal_filter: 月份10 topN → 15
  [2016-10-03 ~ 2016-11-01] 組合: +8.75%  大盤: -2.61%  持股: 15  停損: 0  淨值: 11,366  [5/119 | 記憶體: 5.3GB | 預估剩餘: 4分鐘]
  [2016-11-01 ~ 2016-12-01] 組合: +0.41%  大盤: -0.69%  持股: 30  停損: 0  淨值: 11,413  [6/119 | 記憶體: 5.3GB | 預估剩餘: 3分鐘]
  [2016-12-01 ~ 2017-01-03] 組合: -1.10%  大盤: +1.34%  持股: 30  停損: 0  淨值: 11,288  [7/119 | 記憶體: 5.3GB | 預估剩餘: 3分鐘]
  [2017-01-03] 模型重訓完成 (訓練筆數: 271,099) [TIMER] train_model: 3.73s
  [2017-01-03 ~ 2017-02-02] 組合: +13.85%  大盤: +2.15%  持股: 30  停損: 0  淨值: 12,851  [8/119 | 記憶體: 5.7GB | 預估剩餘: 3分鐘]
  [2017-02-02 ~ 2017-03-01] 組合: +9.60%  大盤: +4.83%  持股: 30  停損: 0  淨值: 14,085  [9/119 | 記憶體: 5.7GB | 預估剩餘: 3分鐘]
  [2017-03-01] seasonal_filter: 月份3 topN → 15
  [2017-03-01 ~ 2017-04-05] 組合: +3.89%  大盤: +2.20%  持股: 15  停損: 0  淨值: 14,632  [10/119 | 記憶體: 5.7GB | 預估剩餘: 3分鐘]
  [2017-04-05] 模型重訓完成 (訓練筆數: 357,304) [TIMER] train_model: 3.99s
  [2017-04-05 ~ 2017-05-02] 組合: -1.11%  大盤: -1.81%  持股: 30  停損: 0  淨值: 14,470  [11/119 | 記憶體: 5.9GB | 預估剩餘: 3分鐘]
  [2017-05-02 ~ 2017-06-01] 組合: +0.87%  大盤: +0.47%  持股: 30  停損: 0  淨值: 14,596  [12/119 | 記憶體: 5.9GB | 預估剩餘: 3分鐘]
  [2017-06-01 ~ 2017-07-03] 組合: -0.40%  大盤: +0.30%  持股: 30  停損: 0  淨值: 14,538  [13/119 | 記憶體: 5.9GB | 預估剩餘: 3分鐘]
  [2017-07-03 ~ 2017-08-01] 組合: +3.13%  大盤: -0.25%  持股: 30  停損: 0  淨值: 14,993  [14/119 | 記憶體: 5.9GB | 預估剩餘: 3分鐘]
  [2017-08-01] 模型重訓完成 (訓練筆數: 479,639) [TIMER] train_model: 4.50s
  [2017-08-01 ~ 2017-09-01] 組合: +5.52%  大盤: +1.36%  持股: 30  停損: 0  淨值: 15,820  [15/119 | 記憶體: 6.0GB | 預估剩餘: 3分鐘]
  [2017-09-01 ~ 2017-10-02] 組合: +6.94%  大盤: +0.40%  持股: 30  停損: 0  淨值: 16,918  [16/119 | 記憶體: 6.0GB | 預估剩餘: 3分鐘]
  [2017-10-02] seasonal_filter: 月份10 topN → 15
  [2017-10-02 ~ 2017-11-01] 組合: -7.96%  大盤: +1.03%  持股: 15  停損: 0  淨值: 15,571  [17/119 | 記憶體: 6.0GB | 預估剩餘: 3分鐘]
  [2017-11-01] 模型重訓完成 (訓練筆數: 577,813) [TIMER] train_model: 5.08s
  [2017-11-01 ~ 2017-12-01] 組合: +2.87%  大盤: -0.59%  持股: 30  停損: 0  淨值: 16,017  [18/119 | 記憶體: 5.9GB | 預估剩餘: 3分鐘]
  [2017-12-01 ~ 2018-01-02] 組合: +1.75%  大盤: +1.06%  持股: 30  停損: 0  淨值: 16,297  [19/119 | 記憶體: 5.9GB | 預估剩餘: 3分鐘]
  [2018-01-02 ~ 2018-02-01] 組合: +4.67%  大盤: +1.11%  持股: 30  停損: 0  淨值: 17,059  [20/119 | 記憶體: 5.9GB | 預估剩餘: 3分鐘]
  [2018-02-01] 模型重訓完成 (訓練筆數: 677,567) [TIMER] train_model: 5.24s
  [2018-02-01 ~ 2018-03-01] 組合: -4.51%  大盤: -1.64%  持股: 30  停損: 0  淨值: 16,289  [21/119 | 記憶體: 5.7GB | 預估剩餘: 3分鐘]
/Users/james.chou/.pyenv/versions/3.10.16/lib/python3.10/site-packages/scipy/optimize/_slsqp_py.py:434: RuntimeWarning: Values in x were outside bounds during a minimize step, clipping to bounds
  fx = wrapped_fun(x)
  [2018-03-01] seasonal_filter: 月份3 topN → 15
  [2018-03-01 ~ 2018-04-02] 組合: +5.72%  大盤: +2.99%  持股: 15  停損: 0  淨值: 17,221  [22/119 | 記憶體: 5.7GB | 預估剩餘: 3分鐘]
  [2018-04-02 ~ 2018-05-02] 組合: +0.58%  大盤: -3.37%  持股: 30  停損: 0  淨值: 17,321  [23/119 | 記憶體: 5.7GB | 預估剩餘: 3分鐘]
  [2018-05-02] 模型重訓完成 (訓練筆數: 763,111) [TIMER] train_model: 5.57s
  [2018-05-02 ~ 2018-06-01] 組合: +5.34%  大盤: +2.93%  持股: 30  停損: 0  淨值: 18,247  [24/119 | 記憶體: 5.6GB | 預估剩餘: 3分鐘]
  [2018-06-01 ~ 2018-07-02] 組合: +4.88%  大盤: -0.39%  持股: 30  停損: 0  淨值: 19,138  [25/119 | 記憶體: 5.6GB | 預估剩餘: 3分鐘]
  [2018-07-02 ~ 2018-08-01] 組合: -2.48%  大盤: -2.02%  持股: 30  停損: 0  淨值: 18,662  [26/119 | 記憶體: 5.6GB | 預估剩餘: 3分鐘]
  [2018-08-01] 模型重訓完成 (訓練筆數: 861,856) [TIMER] train_model: 5.99s
  [2018-08-01 ~ 2018-09-03] 組合: +5.81%  大盤: -4.27%  持股: 30  停損: 0  淨值: 19,746  [27/119 | 記憶體: 5.1GB | 預估剩餘: 3分鐘]
  [2018-09-03 ~ 2018-10-01] 組合: -4.78%  大盤: -2.38%  持股: 30  停損: 0  淨值: 18,803  [28/119 | 記憶體: 4.8GB | 預估剩餘: 3分鐘]
  [2018-10-01] seasonal_filter: 月份10 topN → 15
  [2018-10-01 ~ 2018-11-01] 組合: -20.03%  大盤: -13.07%  持股: 15  停損: 0  淨值: 15,037  [29/119 | 記憶體: 4.5GB | 預估剩餘: 3分鐘]
  [2018-11-01] 模型重訓完成 (訓練筆數: 959,476) [TIMER] train_model: 6.55s
/Users/james.chou/.pyenv/versions/3.10.16/lib/python3.10/site-packages/scipy/optimize/_slsqp_py.py:434: RuntimeWarning: Values in x were outside bounds during a minimize step, clipping to bounds
  fx = wrapped_fun(x)
  [2018-11-01] 大盤環境不佳 (20日中位數 -11.05%)，topN → 10
  [2018-11-01] market_filter_tiers: 前期大盤 -13.07% < -10%，持股×0.25→2
  [2018-11-01 ~ 2018-12-03] 組合: +44.23%  大盤: +7.87%  持股: 2  停損: 0  淨值: 21,688  [30/119 | 記憶體: 4.6GB | 預估剩餘: 3分鐘]
  [2018-12-03 ~ 2019-01-02] 組合: -5.56%  大盤: -2.84%  持股: 30  停損: 0  淨值: 20,482  [31/119 | 記憶體: 4.6GB | 預估剩餘: 3分鐘]
  [2019-01-02 ~ 2019-02-11] 組合: +5.33%  大盤: +3.98%  持股: 30  停損: 0  淨值: 21,574  [32/119 | 記憶體: 4.6GB | 預估剩餘: 3分鐘]
  [2019-02-11] 模型重訓完成 (訓練筆數: 1,064,966) [TIMER] train_model: 7.51s
  [2019-02-11 ~ 2019-03-04] 組合: +3.29%  大盤: +4.05%  持股: 30  停損: 0  淨值: 22,284  [33/119 | 記憶體: 4.2GB | 預估剩餘: 3分鐘]
/Users/james.chou/.pyenv/versions/3.10.16/lib/python3.10/site-packages/scipy/optimize/_slsqp_py.py:434: RuntimeWarning: Values in x were outside bounds during a minimize step, clipping to bounds
  fx = wrapped_fun(x)
  [2019-03-04] seasonal_filter: 月份3 topN → 15
  [2019-03-04 ~ 2019-04-01] 組合: +3.14%  大盤: +1.95%  持股: 15  停損: 0  淨值: 22,983  [34/119 | 記憶體: 4.2GB | 預估剩餘: 3分鐘]
/Users/james.chou/.pyenv/versions/3.10.16/lib/python3.10/site-packages/scipy/optimize/_slsqp_py.py:434: RuntimeWarning: Values in x were outside bounds during a minimize step, clipping to bounds
  fx = wrapped_fun(x)
  [2019-04-01 ~ 2019-05-02] 組合: +1.97%  大盤: +0.69%  持股: 30  停損: 0  淨值: 23,436  [35/119 | 記憶體: 4.2GB | 預估剩餘: 3分鐘]
  [2019-05-02 ~ 2019-06-03] 組合: -8.54%  大盤: -4.59%  持股: 30  停損: 0  淨值: 21,436  [36/119 | 記憶體: 4.3GB | 預估剩餘: 3分鐘]
  [2019-06-03] 模型重訓完成 (訓練筆數: 1,172,675) [TIMER] train_model: 7.94s
  [2019-06-03 ~ 2019-07-01] 組合: -2.62%  大盤: +2.27%  持股: 30  停損: 0  淨值: 20,873  [37/119 | 記憶體: 3.7GB | 預估剩餘: 3分鐘]
  [2019-07-01 ~ 2019-08-01] 組合: -0.70%  大盤: -0.12%  持股: 30  停損: 0  淨值: 20,727  [38/119 | 記憶體: 3.8GB | 預估剩餘: 3分鐘]
  [2019-08-01 ~ 2019-09-02] 組合: +1.00%  大盤: -0.60%  持股: 30  停損: 0  淨值: 20,934  [39/119 | 記憶體: 3.8GB | 預估剩餘: 3分鐘]
  [2019-09-02] 模型重訓完成 (訓練筆數: 1,270,768) [TIMER] train_model: 7.89s
  [2019-09-02 ~ 2019-10-01] 組合: +8.14%  大盤: +0.02%  持股: 30  停損: 0  淨值: 22,638  [40/119 | 記憶體: 3.6GB | 預估剩餘: 3分鐘]
  [2019-10-01] seasonal_filter: 月份10 topN → 15
  [2019-10-01 ~ 2019-11-01] 組合: -1.97%  大盤: +1.11%  持股: 15  停損: 0  淨值: 22,192  [41/119 | 記憶體: 3.6GB | 預估剩餘: 3分鐘]
/Users/james.chou/.pyenv/versions/3.10.16/lib/python3.10/site-packages/scipy/optimize/_slsqp_py.py:434: RuntimeWarning: Values in x were outside bounds during a minimize step, clipping to bounds
  fx = wrapped_fun(x)
  [2019-11-01 ~ 2019-12-02] 組合: +4.44%  大盤: -1.02%  持股: 30  停損: 0  淨值: 23,177  [42/119 | 記憶體: 3.6GB | 預估剩餘: 3分鐘]
  [2019-12-02] 模型重訓完成 (訓練筆數: 1,366,488) [TIMER] train_model: 8.89s
  [2019-12-02 ~ 2020-01-02] 組合: +4.85%  大盤: +4.01%  持股: 30  停損: 0  淨值: 24,300  [43/119 | 記憶體: 3.5GB | 預估剩餘: 3分鐘]
  [2020-01-02 ~ 2020-02-03] 組合: -3.11%  大盤: -7.63%  持股: 30  停損: 0  淨值: 23,545  [44/119 | 記憶體: 3.5GB | 預估剩餘: 3分鐘]
  [2020-02-03] 大盤環境不佳 (20日中位數 -6.23%)，topN → 10
  [2020-02-03] market_filter_tiers: 前期大盤 -7.63% < -5%，持股×0.5→5
  [2020-02-03 ~ 2020-03-02] 組合: -6.67%  大盤: +0.25%  持股: 5  停損: 0  淨值: 21,974  [45/119 | 記憶體: 3.6GB | 預估剩餘: 3分鐘]
  [2020-03-02] 模型重訓完成 (訓練筆數: 1,457,775) [TIMER] train_model: 9.83s
  [2020-03-02] seasonal_filter: 月份3 topN → 15
  [2020-03-02 ~ 2020-04-01] 組合: -25.62%  大盤: -17.07%  持股: 15  停損: 0  淨值: 16,344  [46/119 | 記憶體: 3.5GB | 預估剩餘: 3分鐘]
  [2020-04-01] 大盤環境不佳 (20日中位數 -17.52%)，topN → 10
  [2020-04-01] market_filter_tiers: 前期大盤 -17.07% < -15%，持股×0.1→1
  [2020-04-01] min_positions: 1→2（補1檔）
  [2020-04-01 ~ 2020-05-04] 組合: +23.68%  大盤: +16.12%  持股: 2  停損: 0  淨值: 20,215  [47/119 | 記憶體: 3.6GB | 預估剩餘: 3分鐘]
  [2020-05-04 ~ 2020-06-01] 組合: +18.07%  大盤: +7.41%  持股: 30  停損: 0  淨值: 23,867  [48/119 | 記憶體: 3.6GB | 預估剩餘: 3分鐘]
  [2020-06-01] 模型重訓完成 (訓練筆數: 1,557,045) [TIMER] train_model: 10.97s
  [2020-06-01 ~ 2020-07-01] 組合: +16.73%  大盤: +6.49%  持股: 30  停損: 0  淨值: 27,860  [49/119 | 記憶體: 3.4GB | 預估剩餘: 3分鐘]
  [2020-07-01 ~ 2020-08-03] 組合: +11.24%  大盤: +0.57%  持股: 30  停損: 0  淨值: 30,991  [50/119 | 記憶體: 3.5GB | 預估剩餘: 3分鐘]
  [2020-08-03 ~ 2020-09-01] 組合: +4.91%  大盤: +2.72%  持股: 30  停損: 0  淨值: 32,514  [51/119 | 記憶體: 3.5GB | 預估剩餘: 3分鐘]
  [2020-09-01] 模型重訓完成 (訓練筆數: 1,665,554) [TIMER] train_model: 11.16s
  [2020-09-01 ~ 2020-10-05] 組合: +29.70%  大盤: +0.12%  持股: 30  停損: 0  淨值: 42,171  [52/119 | 記憶體: 3.3GB | 預估剩餘: 3分鐘]
  [2020-10-05] seasonal_filter: 月份10 topN → 15
  [2020-10-05 ~ 2020-11-02] 組合: -6.58%  大盤: -0.73%  持股: 15  停損: 0  淨值: 39,395  [53/119 | 記憶體: 3.3GB | 預估剩餘: 3分鐘]
  [2020-11-02 ~ 2020-12-01] 組合: +7.77%  大盤: +8.55%  持股: 30  停損: 0  淨值: 42,455  [54/119 | 記憶體: 3.4GB | 預估剩餘: 3分鐘]
  [2020-12-01] 模型重訓完成 (訓練筆數: 1,770,486) [TIMER] train_model: 11.89s
  [2020-12-01 ~ 2021-01-04] 組合: +8.92%  大盤: +3.90%  持股: 30  停損: 0  淨值: 46,241  [55/119 | 記憶體: 3.4GB | 預估剩餘: 3分鐘]
  [2021-01-04 ~ 2021-02-01] 組合: -9.71%  大盤: -5.43%  持股: 30  停損: 0  淨值: 41,753  [56/119 | 記憶體: 3.5GB | 預估剩餘: 3分鐘]
  [2021-02-01] 大盤環境不佳 (20日中位數 -5.72%)，topN → 10
  [2021-02-01] market_filter_tiers: 前期大盤 -5.43% < -5%，持股×0.5→5
  [2021-02-01 ~ 2021-03-02] 組合: +23.95%  大盤: +8.47%  持股: 5  停損: 0  淨值: 51,753  [57/119 | 記憶體: 3.5GB | 預估剩餘: 3分鐘]
  [2021-03-02] 模型重訓完成 (訓練筆數: 1,876,848) [TIMER] train_model: 11.74s
  [2021-03-02] seasonal_filter: 月份3 topN → 15
  [2021-03-02 ~ 2021-04-01] 組合: +7.84%  大盤: +8.78%  持股: 15  停損: 0  淨值: 55,812  [58/119 | 記憶體: 3.5GB | 預估剩餘: 3分鐘]
  [2021-04-01 ~ 2021-05-03] 組合: -2.46%  大盤: +3.85%  持股: 30  停損: 0  淨值: 54,438  [59/119 | 記憶體: 3.6GB | 預估剩餘: 3分鐘]
  [2021-05-03 ~ 2021-06-01] 組合: -3.79%  大盤: -4.99%  持股: 30  停損: 0  淨值: 52,373  [60/119 | 記憶體: 3.7GB | 預估剩餘: 3分鐘]
  [2021-06-01] 模型重訓完成 (訓練筆數: 1,977,198) [TIMER] train_model: 13.11s
  [2021-06-01 ~ 2021-07-01] 組合: +31.39%  大盤: +3.59%  持股: 30  停損: 0  淨值: 68,816  [61/119 | 記憶體: 3.6GB | 預估剩餘: 3分鐘]
  [2021-07-01 ~ 2021-08-02] 組合: -2.11%  大盤: +1.80%  持股: 30  停損: 0  淨值: 67,362  [62/119 | 記憶體: 3.6GB | 預估剩餘: 3分鐘]
  [2021-08-02 ~ 2021-09-01] 組合: -3.43%  大盤: -3.88%  持股: 30  停損: 0  淨值: 65,049  [63/119 | 記憶體: 3.7GB | 預估剩餘: 3分鐘]
  [2021-09-01] 模型重訓完成 (訓練筆數: 2,092,483) [TIMER] train_model: 13.36s
/Users/james.chou/.pyenv/versions/3.10.16/lib/python3.10/site-packages/scipy/optimize/_slsqp_py.py:434: RuntimeWarning: Values in x were outside bounds during a minimize step, clipping to bounds
  fx = wrapped_fun(x)
  [2021-09-01] 大盤環境不佳 (20日中位數 -4.07%)，topN → 10
  [2021-09-01 ~ 2021-10-01] 組合: +13.45%  大盤: -4.68%  持股: 10  停損: 0  淨值: 73,802  [64/119 | 記憶體: 3.8GB | 預估剩餘: 3分鐘]
  [2021-10-01] seasonal_filter: 月份10 topN → 15
  [2021-10-01 ~ 2021-11-01] 組合: +3.50%  大盤: +4.70%  持股: 15  停損: 0  淨值: 76,384  [65/119 | 記憶體: 3.8GB | 預估剩餘: 3分鐘]
  [2021-11-01 ~ 2021-12-01] 組合: +11.51%  大盤: +2.99%  持股: 30  停損: 0  淨值: 85,177  [66/119 | 記憶體: 3.8GB | 預估剩餘: 3分鐘]
  [2021-12-01] 模型重訓完成 (訓練筆數: 2,200,087) [TIMER] train_model: 14.43s
  [2021-12-01 ~ 2022-01-03] 組合: +8.67%  大盤: +4.37%  持股: 30  停損: 0  淨值: 92,561  [67/119 | 記憶體: 3.2GB | 預估剩餘: 3分鐘]
  [2022-01-03 ~ 2022-02-07] 組合: -2.59%  大盤: -4.50%  持股: 30  停損: 0  淨值: 90,162  [68/119 | 記憶體: 3.3GB | 預估剩餘: 3分鐘]
  [2022-02-07 ~ 2022-03-01] 組合: +1.73%  大盤: +1.21%  持股: 30  停損: 0  淨值: 91,720  [69/119 | 記憶體: 3.4GB | 預估剩餘: 3分鐘]
  [2022-03-01] 模型重訓完成 (訓練筆數: 2,299,473) [TIMER] train_model: 14.21s
  [2022-03-01] seasonal_filter: 月份3 topN → 15
  [2022-03-01 ~ 2022-04-01] 組合: -7.03%  大盤: -0.42%  持股: 15  停損: 0  淨值: 85,268  [70/119 | 記憶體: 3.3GB | 預估剩餘: 3分鐘]
  [2022-04-01 ~ 2022-05-03] 組合: -2.76%  大盤: -5.32%  持股: 30  停損: 0  淨值: 82,912  [71/119 | 記憶體: 3.5GB | 預估剩餘: 3分鐘]
/Users/james.chou/.pyenv/versions/3.10.16/lib/python3.10/site-packages/scipy/optimize/_slsqp_py.py:434: RuntimeWarning: Values in x were outside bounds during a minimize step, clipping to bounds
  fx = wrapped_fun(x)
  [2022-05-03] 大盤環境不佳 (20日中位數 -4.62%)，topN → 10
  [2022-05-03] market_filter_tiers: 前期大盤 -5.32% < -5%，持股×0.5→5
  [2022-05-03 ~ 2022-06-01] 組合: +2.35%  大盤: +0.92%  持股: 5  停損: 0  淨值: 84,859  [72/119 | 記憶體: 3.6GB | 預估剩餘: 3分鐘]
  [2022-06-01] 模型重訓完成 (訓練筆數: 2,410,388) [TIMER] train_model: 14.30s
  [2022-06-01 ~ 2022-07-01] 組合: -10.67%  大盤: -10.73%  持股: 30  停損: 0  淨值: 75,804  [73/119 | 記憶體: 3.2GB | 預估剩餘: 3分鐘]
/Users/james.chou/.pyenv/versions/3.10.16/lib/python3.10/site-packages/scipy/optimize/_slsqp_py.py:434: RuntimeWarning: Values in x were outside bounds during a minimize step, clipping to bounds
  fx = wrapped_fun(x)
  [2022-07-01] 大盤環境不佳 (20日中位數 -8.42%)，topN → 10
  [2022-07-01] market_filter_tiers: 前期大盤 -10.73% < -10%，持股×0.25→2
  [2022-07-01 ~ 2022-08-01] 組合: +12.98%  大盤: +4.24%  持股: 2  停損: 0  淨值: 85,642  [74/119 | 記憶體: 3.3GB | 預估剩餘: 3分鐘]
  [2022-08-01 ~ 2022-09-01] 組合: +9.08%  大盤: +4.12%  持股: 30  停損: 0  淨值: 93,418  [75/119 | 記憶體: 3.4GB | 預估剩餘: 2分鐘]
  [2022-09-01] 模型重訓完成 (訓練筆數: 2,524,497) [TIMER] train_model: 16.08s
  [2022-09-01 ~ 2022-10-03] 組合: -8.01%  大盤: -8.84%  持股: 30  停損: 0  淨值: 85,938  [76/119 | 記憶體: 3.3GB | 預估剩餘: 3分鐘]
  [2022-10-03] 大盤環境不佳 (20日中位數 -8.12%)，topN → 10
  [2022-10-03] seasonal_filter: 月份10 topN → 5
  [2022-10-03] market_filter_tiers: 前期大盤 -8.84% < -5%，持股×0.5→2
  [2022-10-03 ~ 2022-11-01] 組合: -1.86%  大盤: -3.75%  持股: 2  停損: 0  淨值: 84,339  [77/119 | 記憶體: 3.4GB | 預估剩餘: 2分鐘]
  [2022-11-01 ~ 2022-12-01] 組合: +8.82%  大盤: +9.64%  持股: 30  停損: 0  淨值: 91,780  [78/119 | 記憶體: 3.5GB | 預估剩餘: 2分鐘]
  [2022-12-01] 模型重訓完成 (訓練筆數: 2,636,666) [TIMER] train_model: 16.99s
  [2022-12-01 ~ 2023-01-03] 組合: +3.06%  大盤: -1.81%  持股: 30  停損: 0  淨值: 94,589  [79/119 | 記憶體: 3.2GB | 預估剩餘: 2分鐘]
  [2023-01-03 ~ 2023-02-01] 組合: +1.50%  大盤: +3.96%  持股: 30  停損: 0  淨值: 96,008  [80/119 | 記憶體: 3.4GB | 預估剩餘: 2分鐘]
  [2023-02-01 ~ 2023-03-01] 組合: +5.59%  大盤: +6.88%  持股: 30  停損: 0  淨值: 101,377  [81/119 | 記憶體: 3.5GB | 預估剩餘: 2分鐘]
  [2023-03-01] 模型重訓完成 (訓練筆數: 2,734,536) [TIMER] train_model: 17.80s
  [2023-03-01] seasonal_filter: 月份3 topN → 15
  [2023-03-01 ~ 2023-04-06] 組合: +2.33%  大盤: +2.64%  持股: 15  停損: 0  淨值: 103,736  [82/119 | 記憶體: 3.4GB | 預估剩餘: 2分鐘]
  [2023-04-06 ~ 2023-05-02] 組合: +9.14%  大盤: +1.67%  持股: 30  停損: 0  淨值: 113,212  [83/119 | 記憶體: 3.6GB | 預估剩餘: 2分鐘]
  [2023-05-02 ~ 2023-06-01] 組合: +6.26%  大盤: +2.14%  持股: 30  停損: 0  淨值: 120,296  [84/119 | 記憶體: 3.7GB | 預估剩餘: 2分鐘]
  [2023-06-01] 模型重訓完成 (訓練筆數: 2,847,794) [TIMER] train_model: 18.15s
  [2023-06-01 ~ 2023-07-03] 組合: +10.43%  大盤: +2.99%  持股: 30  停損: 0  淨值: 132,844  [85/119 | 記憶體: 3.5GB | 預估剩餘: 2分鐘]
  [2023-07-03 ~ 2023-08-01] 組合: -3.32%  大盤: -1.84%  持股: 30  停損: 0  淨值: 128,428  [86/119 | 記憶體: 3.6GB | 預估剩餘: 2分鐘]
  [2023-08-01 ~ 2023-09-01] 組合: +4.91%  大盤: -3.23%  持股: 30  停損: 0  淨值: 134,732  [87/119 | 記憶體: 3.7GB | 預估剩餘: 2分鐘]
  [2023-09-01] 模型重訓完成 (訓練筆數: 2,968,017) [TIMER] train_model: 18.00s
  [2023-09-01 ~ 2023-10-02] 組合: +3.18%  大盤: +0.17%  持股: 30  停損: 0  淨值: 139,019  [88/119 | 記憶體: 3.5GB | 預估剩餘: 2分鐘]
  [2023-10-02] seasonal_filter: 月份10 topN → 15
  [2023-10-02 ~ 2023-11-01] 組合: +0.70%  大盤: -3.40%  持股: 15  停損: 0  淨值: 139,996  [89/119 | 記憶體: 3.6GB | 預估剩餘: 2分鐘]
  [2023-11-01 ~ 2023-12-01] 組合: +7.34%  大盤: +8.35%  持股: 30  停損: 0  淨值: 150,268  [90/119 | 記憶體: 3.8GB | 預估剩餘: 2分鐘]
  [2023-12-01] 模型重訓完成 (訓練筆數: 3,083,233) [TIMER] train_model: 19.16s
  [2023-12-01 ~ 2024-01-02] 組合: -2.88%  大盤: +0.73%  持股: 30  停損: 0  淨值: 145,935  [91/119 | 記憶體: 3.3GB | 預估剩餘: 2分鐘]
  [2024-01-02 ~ 2024-02-01] 組合: -0.49%  大盤: +0.07%  持股: 30  停損: 0  淨值: 145,216  [92/119 | 記憶體: 3.5GB | 預估剩餘: 2分鐘]
  [2024-02-01 ~ 2024-03-01] 組合: +10.15%  大盤: +4.60%  持股: 30  停損: 0  淨值: 159,961  [93/119 | 記憶體: 3.6GB | 預估剩餘: 2分鐘]
  [2024-03-01] 模型重訓完成 (訓練筆數: 3,198,151) [TIMER] train_model: 18.76s
  [2024-03-01] seasonal_filter: 月份3 topN → 15
  [2024-03-01 ~ 2024-04-01] 組合: +7.59%  大盤: +0.54%  持股: 15  停損: 0  淨值: 172,108  [94/119 | 記憶體: 3.4GB | 預估剩餘: 2分鐘]
/Users/james.chou/.pyenv/versions/3.10.16/lib/python3.10/site-packages/scipy/optimize/_slsqp_py.py:434: RuntimeWarning: Values in x were outside bounds during a minimize step, clipping to bounds
  fx = wrapped_fun(x)
  [2024-04-01 ~ 2024-05-02] 組合: +8.86%  大盤: +1.38%  持股: 30  停損: 0  淨值: 187,355  [95/119 | 記憶體: 3.6GB | 預估剩餘: 1分鐘]
  [2024-05-02 ~ 2024-06-03] 組合: +4.65%  大盤: +4.00%  持股: 30  停損: 0  淨值: 196,061  [96/119 | 記憶體: 3.7GB | 預估剩餘: 1分鐘]
  [2024-06-03] 模型重訓完成 (訓練筆數: 3,316,323) [TIMER] train_model: 20.93s
  [2024-06-03 ~ 2024-07-01] 組合: +13.60%  大盤: +2.49%  持股: 30  停損: 0  淨值: 222,727  [97/119 | 記憶體: 3.5GB | 預估剩餘: 1分鐘]
  [2024-07-01 ~ 2024-08-01] 組合: +3.80%  大盤: -1.03%  持股: 30  停損: 0  淨值: 231,195  [98/119 | 記憶體: 3.6GB | 預估剩餘: 1分鐘]
  [2024-08-01 ~ 2024-09-02] 組合: -0.27%  大盤: -1.82%  持股: 30  停損: 0  淨值: 230,573  [99/119 | 記憶體: 3.8GB | 預估剩餘: 1分鐘]
  [2024-09-02] 模型重訓完成 (訓練筆數: 3,442,069) [TIMER] train_model: 20.56s
  [2024-09-02 ~ 2024-10-01] 組合: -2.42%  大盤: -0.69%  持股: 30  停損: 0  淨值: 224,997  [100/119 | 記憶體: 3.2GB | 預估剩餘: 1分鐘]
  [2024-10-01] seasonal_filter: 月份10 topN → 15
  [2024-10-01 ~ 2024-11-01] 組合: +2.71%  大盤: -1.89%  持股: 15  停損: 0  淨值: 231,095  [101/119 | 記憶體: 3.4GB | 預估剩餘: 1分鐘]
  [2024-11-01 ~ 2024-12-02] 組合: -0.85%  大盤: -2.65%  持股: 30  停損: 0  淨值: 229,134  [102/119 | 記憶體: 3.6GB | 預估剩餘: 1分鐘]
  [2024-12-02] 模型重訓完成 (訓練筆數: 3,562,343) [TIMER] train_model: 20.93s
  [2024-12-02 ~ 2025-01-02] 組合: -0.96%  大盤: -1.74%  持股: 30  停損: 0  淨值: 226,938  [103/119 | 記憶體: 3.4GB | 預估剩餘: 1分鐘]
  [2025-01-02 ~ 2025-02-03] 組合: -2.00%  大盤: -2.16%  持股: 30  停損: 0  淨值: 222,388  [104/119 | 記憶體: 3.6GB | 預估剩餘: 1分鐘]
  [2025-02-03 ~ 2025-03-03] 組合: +4.69%  大盤: +4.40%  持股: 30  停損: 0  淨值: 232,812  [105/119 | 記憶體: 3.7GB | 預估剩餘: 1分鐘]
  [2025-03-03] 模型重訓完成 (訓練筆數: 3,675,228) [TIMER] train_model: 21.52s
  [2025-03-03] seasonal_filter: 月份3 topN → 15
  [2025-03-03 ~ 2025-04-01] 組合: -12.13%  大盤: -6.75%  持股: 15  停損: 0  淨值: 204,562  [106/119 | 記憶體: 3.2GB | 預估剩餘: 1分鐘]
  [2025-04-01] 大盤環境不佳 (20日中位數 -6.97%)，topN → 10
  [2025-04-01] market_filter_tiers: 前期大盤 -6.75% < -5%，持股×0.5→5
  [2025-04-01 ~ 2025-05-02] 組合: -5.17%  大盤: -6.07%  持股: 5  停損: 0  淨值: 193,991  [107/119 | 記憶體: 3.2GB | 預估剩餘: 1分鐘]
  [2025-05-02] 大盤環境不佳 (20日中位數 -6.11%)，topN → 10
  [2025-05-02] market_filter_tiers: 前期大盤 -6.07% < -5%，持股×0.5→5
  [2025-05-02 ~ 2025-06-02] 組合: -8.67%  大盤: -0.59%  持股: 5  停損: 0  淨值: 177,181  [108/119 | 記憶體: 3.3GB | 預估剩餘: 59秒]
  [2025-06-02] 模型重訓完成 (訓練筆數: 3,799,373) [TIMER] train_model: 23.59s
  [2025-06-02 ~ 2025-07-01] 組合: -0.80%  大盤: +1.07%  持股: 30  停損: 0  淨值: 175,763  [109/119 | 記憶體: 3.2GB | 預估剩餘: 56秒]
  [2025-07-01 ~ 2025-08-01] 組合: +6.71%  大盤: +0.53%  持股: 30  停損: 0  淨值: 187,548  [110/119 | 記憶體: 3.3GB | 預估剩餘: 50秒]
  [2025-08-01 ~ 2025-09-01] 組合: +25.94%  大盤: +4.22%  持股: 30  停損: 0  淨值: 236,203  [111/119 | 記憶體: 3.4GB | 預估剩餘: 44秒]
  [2025-09-01] 模型重訓完成 (訓練筆數: 3,927,145) [TIMER] train_model: 23.33s
  [2025-09-01 ~ 2025-10-01] 組合: -3.38%  大盤: +0.23%  持股: 30  停損: 0  淨值: 228,210  [112/119 | 記憶體: 4.0GB | 預估剩餘: 40秒]
  [2025-10-01] seasonal_filter: 月份10 topN → 15
  [2025-10-01 ~ 2025-11-03] 組合: -1.52%  大盤: -1.26%  持股: 15  停損: 0  淨值: 224,737  [113/119 | 記憶體: 4.0GB | 預估剩餘: 34秒]
  [2025-11-03 ~ 2025-12-01] 組合: -3.77%  大盤: -2.11%  持股: 30  停損: 0  淨值: 216,257  [114/119 | 記憶體: 4.1GB | 預估剩餘: 28秒]
  [2025-12-01] 模型重訓完成 (訓練筆數: 4,051,637) [TIMER] train_model: 23.78s
  [2025-12-01 ~ 2026-01-02] 組合: +7.55%  大盤: +3.37%  持股: 30  停損: 0  淨值: 232,581  [115/119 | 記憶體: 3.2GB | 預估剩餘: 23秒]
  [2026-01-02 ~ 2026-02-02] 組合: +8.51%  大盤: +0.62%  持股: 30  停損: 0  淨值: 252,366  [116/119 | 記憶體: 3.3GB | 預估剩餘: 17秒]
  [2026-02-02 ~ 2026-03-02] 組合: +7.33%  大盤: +4.25%  持股: 30  停損: 0  淨值: 270,875  [117/119 | 記憶體: 3.4GB | 預估剩餘: 11秒]
  [2026-03-02] 模型重訓完成 (訓練筆數: 4,169,530) [TIMER] train_model: 24.31s
  [2026-03-02] seasonal_filter: 月份3 topN → 15
  [2026-03-02 ~ 2026-04-01] 組合: -4.62%  大盤: -2.00%  持股: 15  停損: 0  淨值: 258,365  [118/119 | 記憶體: 2.7GB | 預估剩餘: 6秒]
/Users/james.chou/.pyenv/versions/3.10.16/lib/python3.10/site-packages/scipy/optimize/_slsqp_py.py:434: RuntimeWarning: Values in x were outside bounds during a minimize step, clipping to bounds
  fx = wrapped_fun(x)
  [2026-04-01 ~ 2026-04-21] 組合: +40.52%  大盤: +11.45%  持股: 30  停損: 0  淨值: 363,064  [119/119 | 記憶體: 2.8GB | 預估剩餘: 0秒]

────────────────────────────────────────────────────────────
[TIMER] 效能瓶頸報告
────────────────────────────────────────────────────────────
  步驟                              次數       總秒      平均秒
  ------------------------------------------------------
  load_prices                      1    35.56   35.556
  load_features                    1     3.06    3.056
  load_labels                      1     0.00    0.000
  train_model                     39   507.95   13.024
  predict                        119     0.60    0.005
  breakthrough_map                 0     0.00    0.000
  simulate_period                119    32.40    0.272
  apply_stoploss                 119     0.70    0.006
  其他（overhead）                     —   133.91
  總 loop 時間                        —   713.47
────────────────────────────────────────────────────────────


============================================================
回測結果摘要
============================================================
  回測期間: 2016-06-13 ~ 2026-04-21
  再平衡次數: 119  總交易次數: 3028

  指標                               組合           大盤
  ----------------------------------------------
  累積報酬                    3530.64%      75.68%
  年化報酬                      43.99%       5.89%
  超額報酬                    3454.97%
  最大回撤                     -32.74%
  Sharpe Ratio (rf=1.5%)        1.19
  Calmar Ratio                1.34
  勝率                        46.83%
  盈虧比                         1.90
  停損觸發次數                         0

  月度報酬:
    2016-06  +  4.28%  (大盤  +1.92%)  ↑ ████████
    2016-07  +  1.62%  (大盤  +2.41%)  ↑ ███
    2016-08   -1.67%  (大盤  -0.55%)  ↓ ███
    2016-09  +  0.31%  (大盤  +0.69%)  ↑ █
    2016-10  +  8.75%  (大盤  -2.61%)  ↑ █████████████████
    2016-11  +  0.41%  (大盤  -0.69%)  ↑ █
    2016-12   -1.10%  (大盤  +1.34%)  ↓ ██
    2017-01  + 13.85%  (大盤  +2.15%)  ↑ ███████████████████████████
    2017-02  +  9.60%  (大盤  +4.83%)  ↑ ███████████████████
    2017-03  +  3.89%  (大盤  +2.20%)  ↑ ███████
    2017-04   -1.11%  (大盤  -1.81%)  ↓ ██
    2017-05  +  0.87%  (大盤  +0.47%)  ↑ █
    2017-06   -0.40%  (大盤  +0.30%)  ↓ █
    2017-07  +  3.13%  (大盤  -0.25%)  ↑ ██████
    2017-08  +  5.52%  (大盤  +1.36%)  ↑ ███████████
    2017-09  +  6.94%  (大盤  +0.40%)  ↑ █████████████
    2017-10   -7.96%  (大盤  +1.03%)  ↓ ███████████████
    2017-11  +  2.87%  (大盤  -0.59%)  ↑ █████
    2017-12  +  1.75%  (大盤  +1.06%)  ↑ ███
    2018-01  +  4.67%  (大盤  +1.11%)  ↑ █████████
    2018-02   -4.51%  (大盤  -1.64%)  ↓ █████████
    2018-03  +  5.72%  (大盤  +2.99%)  ↑ ███████████
    2018-04  +  0.58%  (大盤  -3.37%)  ↑ █
    2018-05  +  5.34%  (大盤  +2.93%)  ↑ ██████████
    2018-06  +  4.88%  (大盤  -0.39%)  ↑ █████████
    2018-07   -2.48%  (大盤  -2.02%)  ↓ ████
    2018-08  +  5.81%  (大盤  -4.27%)  ↑ ███████████
    2018-09   -4.78%  (大盤  -2.38%)  ↓ █████████
    2018-10  -20.03%  (大盤 -13.07%)  ↓ ████████████████████████████████████████
    2018-11  + 44.23%  (大盤  +7.87%)  ↑ ████████████████████████████████████████████████████████████████████████████████████████
    2018-12   -5.56%  (大盤  -2.84%)  ↓ ███████████
    2019-01  +  5.33%  (大盤  +3.98%)  ↑ ██████████
    2019-02  +  3.29%  (大盤  +4.05%)  ↑ ██████
    2019-03  +  3.14%  (大盤  +1.95%)  ↑ ██████
    2019-04  +  1.97%  (大盤  +0.69%)  ↑ ███
    2019-05   -8.54%  (大盤  -4.59%)  ↓ █████████████████
    2019-06   -2.62%  (大盤  +2.27%)  ↓ █████
    2019-07   -0.70%  (大盤  -0.12%)  ↓ █
    2019-08  +  1.00%  (大盤  -0.60%)  ↑ █
    2019-09  +  8.14%  (大盤  +0.02%)  ↑ ████████████████
    2019-10   -1.97%  (大盤  +1.11%)  ↓ ███
    2019-11  +  4.44%  (大盤  -1.02%)  ↑ ████████
    2019-12  +  4.85%  (大盤  +4.01%)  ↑ █████████
    2020-01   -3.11%  (大盤  -7.63%)  ↓ ██████
    2020-02   -6.67%  (大盤  +0.25%)  ↓ █████████████
    2020-03  -25.62%  (大盤 -17.07%)  ↓ ███████████████████████████████████████████████████
    2020-04  + 23.68%  (大盤 +16.12%)  ↑ ███████████████████████████████████████████████
    2020-05  + 18.07%  (大盤  +7.41%)  ↑ ████████████████████████████████████
    2020-06  + 16.73%  (大盤  +6.49%)  ↑ █████████████████████████████████
    2020-07  + 11.24%  (大盤  +0.57%)  ↑ ██████████████████████
    2020-08  +  4.91%  (大盤  +2.72%)  ↑ █████████
    2020-09  + 29.70%  (大盤  +0.12%)  ↑ ███████████████████████████████████████████████████████████
    2020-10   -6.58%  (大盤  -0.73%)  ↓ █████████████
    2020-11  +  7.77%  (大盤  +8.55%)  ↑ ███████████████
    2020-12  +  8.92%  (大盤  +3.90%)  ↑ █████████████████
    2021-01   -9.71%  (大盤  -5.43%)  ↓ ███████████████████
    2021-02  + 23.95%  (大盤  +8.47%)  ↑ ███████████████████████████████████████████████
    2021-03  +  7.84%  (大盤  +8.78%)  ↑ ███████████████
    2021-04   -2.46%  (大盤  +3.85%)  ↓ ████
    2021-05   -3.79%  (大盤  -4.99%)  ↓ ███████
    2021-06  + 31.39%  (大盤  +3.59%)  ↑ ██████████████████████████████████████████████████████████████
    2021-07   -2.11%  (大盤  +1.80%)  ↓ ████
    2021-08   -3.43%  (大盤  -3.88%)  ↓ ██████
    2021-09  + 13.45%  (大盤  -4.68%)  ↑ ██████████████████████████
    2021-10  +  3.50%  (大盤  +4.70%)  ↑ ██████
    2021-11  + 11.51%  (大盤  +2.99%)  ↑ ███████████████████████
    2021-12  +  8.67%  (大盤  +4.37%)  ↑ █████████████████
    2022-01   -2.59%  (大盤  -4.50%)  ↓ █████
    2022-02  +  1.73%  (大盤  +1.21%)  ↑ ███
    2022-03   -7.03%  (大盤  -0.42%)  ↓ ██████████████
    2022-04   -2.76%  (大盤  -5.32%)  ↓ █████
    2022-05  +  2.35%  (大盤  +0.92%)  ↑ ████
    2022-06  -10.67%  (大盤 -10.73%)  ↓ █████████████████████
    2022-07  + 12.98%  (大盤  +4.24%)  ↑ █████████████████████████
    2022-08  +  9.08%  (大盤  +4.12%)  ↑ ██████████████████
    2022-09   -8.01%  (大盤  -8.84%)  ↓ ████████████████
    2022-10   -1.86%  (大盤  -3.75%)  ↓ ███
    2022-11  +  8.82%  (大盤  +9.64%)  ↑ █████████████████
    2022-12  +  3.06%  (大盤  -1.81%)  ↑ ██████
    2023-01  +  1.50%  (大盤  +3.96%)  ↑ ███
    2023-02  +  5.59%  (大盤  +6.88%)  ↑ ███████████
    2023-03  +  2.33%  (大盤  +2.64%)  ↑ ████
    2023-04  +  9.14%  (大盤  +1.67%)  ↑ ██████████████████
    2023-05  +  6.26%  (大盤  +2.14%)  ↑ ████████████
    2023-06  + 10.43%  (大盤  +2.99%)  ↑ ████████████████████
    2023-07   -3.32%  (大盤  -1.84%)  ↓ ██████
    2023-08  +  4.91%  (大盤  -3.23%)  ↑ █████████
    2023-09  +  3.18%  (大盤  +0.17%)  ↑ ██████
    2023-10  +  0.70%  (大盤  -3.40%)  ↑ █
    2023-11  +  7.34%  (大盤  +8.35%)  ↑ ██████████████
    2023-12   -2.88%  (大盤  +0.73%)  ↓ █████
    2024-01   -0.49%  (大盤  +0.07%)  ↓ █
    2024-02  + 10.15%  (大盤  +4.60%)  ↑ ████████████████████
    2024-03  +  7.59%  (大盤  +0.54%)  ↑ ███████████████
    2024-04  +  8.86%  (大盤  +1.38%)  ↑ █████████████████
    2024-05  +  4.65%  (大盤  +4.00%)  ↑ █████████
    2024-06  + 13.60%  (大盤  +2.49%)  ↑ ███████████████████████████
    2024-07  +  3.80%  (大盤  -1.03%)  ↑ ███████
    2024-08   -0.27%  (大盤  -1.82%)  ↓ █
    2024-09   -2.42%  (大盤  -0.69%)  ↓ ████
    2024-10  +  2.71%  (大盤  -1.89%)  ↑ █████
    2024-11   -0.85%  (大盤  -2.65%)  ↓ █
    2024-12   -0.96%  (大盤  -1.74%)  ↓ █
    2025-01   -2.00%  (大盤  -2.16%)  ↓ ████
    2025-02  +  4.69%  (大盤  +4.40%)  ↑ █████████
    2025-03  -12.13%  (大盤  -6.75%)  ↓ ████████████████████████
    2025-04   -5.17%  (大盤  -6.07%)  ↓ ██████████
    2025-05   -8.67%  (大盤  -0.59%)  ↓ █████████████████
    2025-06   -0.80%  (大盤  +1.07%)  ↓ █
    2025-07  +  6.71%  (大盤  +0.53%)  ↑ █████████████
    2025-08  + 25.94%  (大盤  +4.22%)  ↑ ███████████████████████████████████████████████████
    2025-09   -3.38%  (大盤  +0.23%)  ↓ ██████
    2025-10   -1.52%  (大盤  -1.26%)  ↓ ███
    2025-11   -3.77%  (大盤  -2.11%)  ↓ ███████
    2025-12  +  7.55%  (大盤  +3.37%)  ↑ ███████████████
    2026-01  +  8.51%  (大盤  +0.62%)  ↑ █████████████████
    2026-02  +  7.33%  (大盤  +4.25%)  ↑ ██████████████
    2026-03   -4.62%  (大盤  -2.00%)  ↓ █████████
    2026-04  + 40.52%  (大盤 +11.45%)  ↑ █████████████████████████████████████████████████████████████████████████████████
============================================================

[quantstats] 績效報告已輸出: /Users/james.chou/JamesProject/stock_bot/artifacts/backtest_report.html  (periods_per_year=12)

結果已儲存: artifacts/stage11_news/with_news_v4_10y.json
